======2017-09-08 09:46:50.240873======
.biz英文域名在线服务条款.txt

======2017-09-08 09:46:50.303873======
100个句子记完的7000单词——俞敏洪（1）.txt

======2017-09-08 09:46:50.360873======
2014年2月13日132408赵伟光发给我的邮件.txt

======2017-09-08 09:46:50.462873======
50句俚语.txt

======2017-09-08 09:46:50.507873======
50大变态网站.txt

======2017-09-08 09:46:50.543873======
50条哲理箴言《奋斗》.txt

======2017-09-08 09:46:50.577873======
63个北京好吃又便宜的地.txt

======2017-09-08 09:46:50.624873======
Animate.css(强大的css3动画库).txt

======2017-09-08 09:46:50.738873======
ASP.NET 2.0高级控件之FileUpload控件.txt

======2017-09-08 09:46:50.805873======
asp.net TreeView里CheckBox选中触发事件.txt

======2017-09-08 09:46:50.854873======
asp.net.C#.截取字符串.Substring.txt

======2017-09-08 09:46:50.930873======
asp.net.session.timeout.设置session过期时间.txt

======2017-09-08 09:46:50.980873======
asp.net.连接池.pooling.min pool size.max pool size.txt

======2017-09-08 09:46:51.018873======
Asp.net中基于Forms验证的角色验证授权).txt

======2017-09-08 09:46:51.085873======
Asp.Net各种超时问题总结.txt

======2017-09-08 09:46:51.162873======
bbs.txt

======2017-09-08 09:46:51.300873======
bug. 无法启动调试 未安装silverlight developer 运行时.txt

======2017-09-08 09:46:51.349873======
bug.wu.txt

======2017-09-08 09:46:51.493873======
C# ，asp.net 获取当前，相对，绝对路径.txt

======2017-09-08 09:46:51.551873======
C#.404.错误页.ErrorPage.txt

======2017-09-08 09:46:51.688873======
C#.DES.加密解密.txt

======2017-09-08 09:46:51.810873======
C#.net.guid.规范化.txt

======2017-09-08 09:46:51.938873======
C#.保存字符串到本地磁盘.Save.String.Content.ToLocal.disk.txt

======2017-09-08 09:46:51.978873======
c#.冒泡排序.Bubble.txt

======2017-09-08 09:46:52.081873======
C#.将字符串转化为字节流.字节流转化为字符串.ConvertString2Stream.ConvertStream2String(jun).txt

======2017-09-08 09:46:52.545873======
C#_Socket网络编程大全.txt

======2017-09-08 09:46:52.589873======
C#保存byte[]字节数据到本地文件.txt

======2017-09-08 09:46:52.632873======
C#删除文件夹.递归删除.DirectoryInfo.delete..txt

======2017-09-08 09:46:52.678873======
C#如何测试代码运行时间.Stopwatch.timespan.总毫秒数.txt

======2017-09-08 09:46:52.779873======
c#生成图片缩略图的类 ..txt

======2017-09-08 09:46:52.818873======
c#生成图片缩略图的类.txt

======2017-09-08 09:46:52.872873======
c#读取Excel.不用安装office.tool.NPOI.txt

======2017-09-08 09:46:52.945873======
Cannot read property ‘msie’ of undefined错误的解决方法（用了jquery-1.9以后会报的错）.txt

======2017-09-08 09:46:52.984873======
Career.Careerintlinc.科锐国际人力资源(北京)有限公司.txt

======2017-09-08 09:46:53.027873======
Career.Exec.PROCEDURE.执行存储过程.查询列表和总条数.返回多个结果.txt

======2017-09-08 09:46:53.082873======
cdn(Content Delivery Network，即内容分发网络).txt

======2017-09-08 09:46:53.130873======
char、varchar、text、ntext、bigint、int、smallint、tinyint和bit的区别及数据库的数据类型.txt

======2017-09-08 09:46:53.201873======
close.computer.定时关机.dingshi.guanji.timer.shutdown.-s.-t.-a.txt

======2017-09-08 09:46:53.235873======
CMD.DOS.txt

======2017-09-08 09:46:53.269873======
cmd.win8. 开启wifi.命令.netsh wlan set hostednetwork.netsh wlan start hostednetwork.txt

======2017-09-08 09:46:53.312873======
CMS.Content Management System.内容管理系统.txt

======2017-09-08 09:46:53.363873======
computer..regedit.注册表.windows.forget.忘记.login.登陆.password.密码.txt

======2017-09-08 09:46:53.402873======
computer.Batch.clear.clean.清理电脑垃圾的批处理.bat.txt

======2017-09-08 09:46:53.458873======
computer.regedit.电脑运用技巧.修改注册表.zhucebiao.txt

======2017-09-08 09:46:53.495873======
computer.shortcut.cmd.win7_运行命令_快捷键.txt

======2017-09-08 09:46:53.536873======
computer.shortcut.运行.快捷键.txt

======2017-09-08 09:46:53.572873======
computer.wifi设置工具.bat.txt

======2017-09-08 09:46:53.618873======
computer.忘记开机密码.txt

======2017-09-08 09:46:53.655873======
computer.清除运行.txt

======2017-09-08 09:46:53.722873======
css.10个节约开发时间的CSS技巧.txt

======2017-09-08 09:46:53.766873======
css.div垂直居中 css div盒子上下垂直居中.txt

======2017-09-08 09:46:53.801873======
css.div盒子和三列布局中间div盒子浮动居中方法.txt

======2017-09-08 09:46:53.892873======
CSS.按字母顺序来排列css.txt

======2017-09-08 09:46:53.933873======
CSS.控制网页中文本的技巧.txt

======2017-09-08 09:46:53.973873======
css.最全的CSS浏览器兼容问题.txt

======2017-09-08 09:46:54.014873======
CSS.网页布局中易犯的10个小错误.txt

======2017-09-08 09:46:54.068873======
csshake.min.css.txt

======2017-09-08 09:46:54.105873======
CSS中常用中文字体转Unicode编码表.txt

======2017-09-08 09:46:54.157873======
css技巧及常见问题.txt

======2017-09-08 09:46:55.976873======
CTS.搜索线点返回的json字符串.txt

======2017-09-08 09:46:56.066873======
cWindowsMicrosoft.NETFramework64v4.0.30319Temporary ASP.NET Filesroot106f9ae8cc0e1169App_global.asax.haz99mum.dll”--“拒绝访问.txt

======2017-09-08 09:46:56.106873======
C_读写txt文件.txt

======2017-09-08 09:46:56.144873======
C_路径的八种相关操作.txt

======2017-09-08 09:46:56.191873======
DataBinder.Eval (Container.DataItem.txt

======2017-09-08 09:46:56.226873======
DataContract.数据契约.txt

======2017-09-08 09:46:56.319873======
DB.DataBase.NET(C#)连接各类数据库-集锦.txt

======2017-09-08 09:46:56.360873======
DB.DataBase.从一个页面中传过id在另一个页面上的控件上显示1.txt

======2017-09-08 09:46:56.398873======
DB.DataBase.从一个页面中传过id在另一个页面上的控件上显示2.txt.txt

======2017-09-08 09:46:56.446873======
DB.DataBase.在数据控件中显示图片并有超连接.txt

======2017-09-08 09:46:56.504873======
DB.DataBase.跨页面实现多选.txt

======2017-09-08 09:46:56.571873======
db.sql.sqlserver.crud.alter.新增.语句.增加,删除.修改字段.txt

======2017-09-08 09:46:56.607873======
db.sql.sqlserver.crud.语句.增加,删除.修改字段.txt

======2017-09-08 09:46:56.653873======
db.sqlserver.SQLServer的命令行工具-sql.cmd等.. .txt

======2017-09-08 09:46:56.704873======
DB2010-11-27.txt

======2017-09-08 09:46:56.752873======
dotnet.guid.不会重复.txt

======2017-09-08 09:46:56.790873======
dotnet.winform.防止重复打开窗体.txt

======2017-09-08 09:46:56.827873======
dotnet经典网站.txt

======2017-09-08 09:46:56.892873======
email.Career.DAXTRA.txt

======2017-09-08 09:46:56.933873======
emcyclopedia.宫寒.txt

======2017-09-08 09:46:57.094873======
employeeposition.cc.txt

======2017-09-08 09:46:57.211873======
employeeposition.rop.txt

======2017-09-08 09:46:57.271873======
encyclopedia.(bmp.jpg.jpeg.mjpeg.png.gif)各种网络图片格式详解.PNG.的好处.txt

======2017-09-08 09:46:57.312873======
encyclopedia.4G.网络.百度百科.txt

======2017-09-08 09:46:57.372873======
encyclopedia.Safari.txt

======2017-09-08 09:46:57.412873======
encyclopedia.ultraEdit.txt

======2017-09-08 09:46:57.450873======
encyclopedia.内存双通道.txt

======2017-09-08 09:46:57.485873======
encyclopedia.千滚水.饮水机反复烧水有多大害.txt

======2017-09-08 09:46:57.526873======
encyclopedia.批处理.Batch.txt

======2017-09-08 09:46:57.575873======
encyclopedia.沉没成本.txt

======2017-09-08 09:46:57.617873======
encyclopedia.物联网.txt

======2017-09-08 09:47:00.534873======
english.code.编程英语词汇.txt

======2017-09-08 09:47:08.462873======
english.最全英语单词.txt

======2017-09-08 09:47:14.607873======
ERP.查询所有顾问（包括在职和离职的）组织和详情.result.txt

======2017-09-08 09:47:14.677873======
example.html.css.js.javascript.move.运动框架.miaoV.txt

======2017-09-08 09:47:14.762873======
FAQ.txt

======2017-09-08 09:47:14.832873======
Firebug.Console.详解.txt

======2017-09-08 09:47:14.870873======
Firebug.txt

======2017-09-08 09:47:14.922873======
Foxmail 7.0 产品说明.txt

======2017-09-08 09:47:14.969873======
frame.和.iframe.区别.txt

======2017-09-08 09:47:15.055873======
Google Earth 坐标大全(转) 无聊时看一下世界哦.txt

======2017-09-08 09:47:15.109873======
GridView.样式.txt

======2017-09-08 09:48:18.939873======
.biz英文域名在线服务条款.txt

======2017-09-08 09:48:18.993873======
100个句子记完的7000单词——俞敏洪（1）.txt

======2017-09-08 09:48:19.042873======
2014年2月13日132408赵伟光发给我的邮件.txt

======2017-09-08 09:48:19.101873======
50句俚语.txt

======2017-09-08 09:48:19.143873======
50大变态网站.txt

======2017-09-08 09:48:19.179873======
50条哲理箴言《奋斗》.txt

======2017-09-08 09:48:19.217873======
63个北京好吃又便宜的地.txt

======2017-09-08 09:48:19.278873======
Animate.css(强大的css3动画库).txt

======2017-09-08 09:48:19.342873======
ASP.NET 2.0高级控件之FileUpload控件.txt

======2017-09-08 09:48:19.399873======
asp.net TreeView里CheckBox选中触发事件.txt

======2017-09-08 09:48:19.442873======
asp.net.C#.截取字符串.Substring.txt

======2017-09-08 09:48:19.504873======
asp.net.session.timeout.设置session过期时间.txt

======2017-09-08 09:48:19.545873======
asp.net.连接池.pooling.min pool size.max pool size.txt

======2017-09-08 09:48:19.585873======
Asp.net中基于Forms验证的角色验证授权).txt

======2017-09-08 09:48:19.642873======
Asp.Net各种超时问题总结.txt

======2017-09-08 09:48:19.690873======
bbs.txt

======2017-09-08 09:48:19.786873======
bug. 无法启动调试 未安装silverlight developer 运行时.txt

======2017-09-08 09:48:19.820873======
bug.wu.txt

======2017-09-08 09:48:19.933873======
C# ，asp.net 获取当前，相对，绝对路径.txt

======2017-09-08 09:48:19.980873======
C#.404.错误页.ErrorPage.txt

======2017-09-08 09:48:20.086873======
C#.DES.加密解密.txt

======2017-09-08 09:48:20.163873======
C#.net.guid.规范化.txt

======2017-09-08 09:48:20.234873======
C#.保存字符串到本地磁盘.Save.String.Content.ToLocal.disk.txt

======2017-09-08 09:48:20.270873======
c#.冒泡排序.Bubble.txt

======2017-09-08 09:48:20.337873======
C#.将字符串转化为字节流.字节流转化为字符串.ConvertString2Stream.ConvertStream2String(jun).txt

======2017-09-08 09:48:21.171873======
C#_Socket网络编程大全.txt

======2017-09-08 09:48:21.230873======
C#保存byte[]字节数据到本地文件.txt

======2017-09-08 09:48:21.267873======
C#删除文件夹.递归删除.DirectoryInfo.delete..txt

======2017-09-08 09:48:21.311873======
C#如何测试代码运行时间.Stopwatch.timespan.总毫秒数.txt

======2017-09-08 09:48:21.396873======
c#生成图片缩略图的类 ..txt

======2017-09-08 09:48:21.434873======
c#生成图片缩略图的类.txt

======2017-09-08 09:48:21.488873======
c#读取Excel.不用安装office.tool.NPOI.txt

======2017-09-08 09:48:21.561873======
Cannot read property ‘msie’ of undefined错误的解决方法（用了jquery-1.9以后会报的错）.txt

======2017-09-08 09:48:21.600873======
Career.Careerintlinc.科锐国际人力资源(北京)有限公司.txt

======2017-09-08 09:48:21.640873======
Career.Exec.PROCEDURE.执行存储过程.查询列表和总条数.返回多个结果.txt

======2017-09-08 09:48:21.691873======
cdn(Content Delivery Network，即内容分发网络).txt

======2017-09-08 09:48:21.728873======
char、varchar、text、ntext、bigint、int、smallint、tinyint和bit的区别及数据库的数据类型.txt

======2017-09-08 09:48:21.800873======
close.computer.定时关机.dingshi.guanji.timer.shutdown.-s.-t.-a.txt

======2017-09-08 09:48:21.844873======
CMD.DOS.txt

======2017-09-08 09:48:21.882873======
cmd.win8. 开启wifi.命令.netsh wlan set hostednetwork.netsh wlan start hostednetwork.txt

======2017-09-08 09:48:21.938873======
CMS.Content Management System.内容管理系统.txt

======2017-09-08 09:48:21.982873======
computer..regedit.注册表.windows.forget.忘记.login.登陆.password.密码.txt

======2017-09-08 09:48:22.017873======
computer.Batch.clear.clean.清理电脑垃圾的批处理.bat.txt

======2017-09-08 09:48:22.075873======
computer.regedit.电脑运用技巧.修改注册表.zhucebiao.txt

======2017-09-08 09:48:22.110873======
computer.shortcut.cmd.win7_运行命令_快捷键.txt

======2017-09-08 09:48:22.146873======
computer.shortcut.运行.快捷键.txt

======2017-09-08 09:48:22.180873======
computer.wifi设置工具.bat.txt

======2017-09-08 09:48:22.228873======
computer.忘记开机密码.txt

======2017-09-08 09:48:22.263873======
computer.清除运行.txt

======2017-09-08 09:48:22.321873======
css.10个节约开发时间的CSS技巧.txt

======2017-09-08 09:48:22.364873======
css.div垂直居中 css div盒子上下垂直居中.txt

======2017-09-08 09:48:22.400873======
css.div盒子和三列布局中间div盒子浮动居中方法.txt

======2017-09-08 09:48:22.474873======
CSS.按字母顺序来排列css.txt

======2017-09-08 09:48:22.512873======
CSS.控制网页中文本的技巧.txt

======2017-09-08 09:48:22.552873======
css.最全的CSS浏览器兼容问题.txt

======2017-09-08 09:48:22.594873======
CSS.网页布局中易犯的10个小错误.txt

======2017-09-08 09:48:22.642873======
csshake.min.css.txt

======2017-09-08 09:48:22.680873======
CSS中常用中文字体转Unicode编码表.txt

======2017-09-08 09:48:22.720873======
css技巧及常见问题.txt

======2017-09-08 09:48:24.726873======
CTS.搜索线点返回的json字符串.txt

======2017-09-08 09:48:24.785873======
cWindowsMicrosoft.NETFramework64v4.0.30319Temporary ASP.NET Filesroot106f9ae8cc0e1169App_global.asax.haz99mum.dll”--“拒绝访问.txt

======2017-09-08 09:48:24.822873======
C_读写txt文件.txt

======2017-09-08 09:48:24.858873======
C_路径的八种相关操作.txt

======2017-09-08 09:48:24.906873======
DataBinder.Eval (Container.DataItem.txt

======2017-09-08 09:48:24.943873======
DataContract.数据契约.txt

======2017-09-08 09:48:25.034873======
DB.DataBase.NET(C#)连接各类数据库-集锦.txt

======2017-09-08 09:48:25.075873======
DB.DataBase.从一个页面中传过id在另一个页面上的控件上显示1.txt

======2017-09-08 09:48:25.115873======
DB.DataBase.从一个页面中传过id在另一个页面上的控件上显示2.txt.txt

======2017-09-08 09:48:25.162873======
DB.DataBase.在数据控件中显示图片并有超连接.txt

======2017-09-08 09:48:25.215873======
DB.DataBase.跨页面实现多选.txt

======2017-09-08 09:48:25.273873======
db.sql.sqlserver.crud.alter.新增.语句.增加,删除.修改字段.txt

======2017-09-08 09:48:25.310873======
db.sql.sqlserver.crud.语句.增加,删除.修改字段.txt

======2017-09-08 09:48:25.355873======
db.sqlserver.SQLServer的命令行工具-sql.cmd等.. .txt

======2017-09-08 09:48:25.399873======
DB2010-11-27.txt

======2017-09-08 09:48:25.443873======
dotnet.guid.不会重复.txt

======2017-09-08 09:48:25.482873======
dotnet.winform.防止重复打开窗体.txt

======2017-09-08 09:48:25.519873======
dotnet经典网站.txt

======2017-09-08 09:48:25.571873======
email.Career.DAXTRA.txt

======2017-09-08 09:48:25.614873======
emcyclopedia.宫寒.txt

======2017-09-08 09:48:25.765873======
employeeposition.cc.txt

======2017-09-08 09:48:25.886873======
employeeposition.rop.txt

======2017-09-08 09:48:25.937873======
encyclopedia.(bmp.jpg.jpeg.mjpeg.png.gif)各种网络图片格式详解.PNG.的好处.txt

======2017-09-08 09:48:25.976873======
encyclopedia.4G.网络.百度百科.txt

======2017-09-08 09:48:26.024873======
encyclopedia.Safari.txt

======2017-09-08 09:48:26.063873======
encyclopedia.ultraEdit.txt

======2017-09-08 09:48:26.101873======
encyclopedia.内存双通道.txt

======2017-09-08 09:48:26.139873======
encyclopedia.千滚水.饮水机反复烧水有多大害.txt

======2017-09-08 09:48:26.178873======
encyclopedia.批处理.Batch.txt

======2017-09-08 09:48:26.220873======
encyclopedia.沉没成本.txt

======2017-09-08 09:48:26.269873======
encyclopedia.物联网.txt

======2017-09-08 09:48:29.062873======
english.code.编程英语词汇.txt

======2017-09-08 09:48:36.871873======
english.最全英语单词.txt

======2017-09-08 09:48:42.292873======
ERP.查询所有顾问（包括在职和离职的）组织和详情.result.txt

======2017-09-08 09:48:42.352873======
example.html.css.js.javascript.move.运动框架.miaoV.txt

======2017-09-08 09:48:42.394873======
FAQ.txt

======2017-09-08 09:48:42.448873======
Firebug.Console.详解.txt

======2017-09-08 09:48:42.483873======
Firebug.txt

======2017-09-08 09:48:42.565873======
Foxmail 7.0 产品说明.txt

======2017-09-08 09:48:42.601873======
frame.和.iframe.区别.txt

======2017-09-08 09:48:42.662873======
Google Earth 坐标大全(转) 无聊时看一下世界哦.txt

======2017-09-08 09:48:42.718873======
GridView.样式.txt

======2017-09-08 09:48:43.189873======
html.css.color.颜色16进制颜色代码表.htm.txt

======2017-09-08 09:48:43.285873======
html.css.让文字自动适应Table宽度.txt

======2017-09-08 09:48:43.324873======
html.form.input.readonly.disabled.表单.不可编辑.txt

======2017-09-08 09:48:43.377873======
html.可见性.display.none.visibility.hidden.区别.txt

======2017-09-08 09:48:43.426873======
html5.txt

======2017-09-08 09:48:43.461873======
html5新增标签.txt

======2017-09-08 09:48:43.507873======
html语法大全.txt

======2017-09-08 09:48:43.541873======
html页面中数据绑定.txt

======2017-09-08 09:48:43.605873======
HttpWebRequest.WebRequest.WebResponse.Fetching a Resource Using HTTP.请求url地址.txt

======2017-09-08 09:48:43.643873======
HTTP状态码.txt

======2017-09-08 09:48:43.688873======
HTTP错误code大全.错误代码.txt

======2017-09-08 09:48:43.734873======
i18n.国际化.txt

======2017-09-08 09:48:43.770873======
ie.右键菜单.管理.txt

======2017-09-08 09:48:43.806873======
ie678兼容.txt

======2017-09-08 09:48:43.846873======
IE兼容性：IE6_IE7_IE8的区别.txt

======2017-09-08 09:48:43.920873======
input.css.文本框样式.txt

======2017-09-08 09:48:43.992873======
Java SE、Java EE、Java ME三者的区别.txt

======2017-09-08 09:48:44.031873======
JavaScript SetInterval与setTimeout的区别.定时器.txt

======2017-09-08 09:48:44.100873======
javascript.js.JScript.helper.Lib.txt

======2017-09-08 09:48:44.147873======
javascript.js.setCookie&&getCookie.txt

======2017-09-08 09:48:44.197873======
javascript.js.window.open的参数说明控制谈出可以定植大小的窗口.txt

======2017-09-08 09:48:44.254873======
javascript.js.常用的脚本.txt

======2017-09-08 09:48:44.306873======
javascript.js.表单验证大全.validate.txt

======2017-09-08 09:48:44.375873======
JavaScript_基础.txt

======2017-09-08 09:48:44.438873======
joke.xiaohua.笑话.幽默.youmo.txt

======2017-09-08 09:48:44.521873======
Joke.中国古诗名句大全.txt

======2017-09-08 09:48:44.565873======
Joke.幽默小笑话.txt

======2017-09-08 09:48:44.617873======
jQuery 判断页面元素是否存在的代码.txt

======2017-09-08 09:48:44.659873======
jquery.ajax.error.打印.txt

======2017-09-08 09:48:44.722873======
jquery.ajax请求，按钮（a当做button）有loading图片，按钮不可用，请求完之后就恢复原样.txt

======2017-09-08 09:48:44.772873======
jquery.cookie.js.txt

======2017-09-08 09:48:44.837873======
jquery.google.load.api.谷歌.jsapi.txt

======2017-09-08 09:49:06.668873======
jquery.localdata(猎聘网加载页面加载的字典).js.txt

======2017-09-08 09:49:06.714873======
jquery.Selectors.选择器.txt

======2017-09-08 09:49:06.759873======
jquery.ui.effect.效果.爆炸.滑动.txt

======2017-09-08 09:49:06.827873======
JQuery.百度百科.txt

======2017-09-08 09:49:06.873873======
Jquery元素追加和删除.txt

======2017-09-08 09:49:06.940873======
Jquery实用技巧.txt

======2017-09-08 09:49:06.984873======
Jquery技巧总结.txt

======2017-09-08 09:49:07.028873======
jquery的each()详细介绍.txt

======2017-09-08 09:49:07.068873======
JQUERY的父，子，兄弟节点查找方法.txt

======2017-09-08 09:49:07.103873======
jQuery背景插件backstretch.js使用指南.txt

======2017-09-08 09:49:07.141873======
jquery获取当前页面的URL信息.txt

======2017-09-08 09:49:07.177873======
jquery获得select option的值 和对select option的操作（紫寒）.txt

======2017-09-08 09:49:07.239873======
js.getstring().空强制转化成设置的值.txt

======2017-09-08 09:49:07.312873======
Js.javascript.cookie.操作cookie.MiaoV.txt

======2017-09-08 09:49:07.397873======
js.javascript.interview.js面试题.txt

======2017-09-08 09:49:07.434873======
js.javascript.jquery.jquery与dom的转换.对象转换.txt

======2017-09-08 09:49:07.515873======
js.javascript.oop.prototype.类.属性.方法.原型.构造函数.面向对象.miaoxiang.duixiang.MiaoV.txt

======2017-09-08 09:49:07.601873======
js.javascript.split().分割.txt

======2017-09-08 09:49:07.648873======
js.javascript.try.catch.finally.异常.yichang.txt

======2017-09-08 09:49:07.685873======
js.javascript.void(0).#.a.禁止跳转.死链接.txt

======2017-09-08 09:49:07.721873======
js.javascript.void(0).a禁止跳转.死链接.txt

======2017-09-08 09:49:07.756873======
js.javascript.w3c.HTML.DOM.setInterval().clearInterval().txt

======2017-09-08 09:49:07.796873======
js.javascript.window.open.打开.窗口.txt

======2017-09-08 09:49:07.832873======
js.javascript.全局.对象.参考.手册.decodeURI.encodeURI.escape.unescape.txt

======2017-09-08 09:49:07.915873======
js.javascript.类的定义和继承.call.apply.from115.txt

======2017-09-08 09:49:07.953873======
js.javascript.系统对象分类.对象.分类.txt

======2017-09-08 09:49:07.996873======
js.javascript.获取file路径.txt

======2017-09-08 09:49:08.037873======
js.javascript.规范.htm.txt

======2017-09-08 09:49:08.085873======
js.jquery.extend.扩展方法.txt

======2017-09-08 09:49:08.123873======
js.jquery.jsno对象与json字符串幻想转化.txt

======2017-09-08 09:49:08.162873======
js.jquery.lhgdialog.setting.弹窗.弹出窗口.的全局默认配置.txt

======2017-09-08 09:49:08.216873======
js.Jquery.操作XML数据.from.cnblog.txt

======2017-09-08 09:49:08.264873======
js.w3c.JavaScript.Math.对象的参考手册.txt

======2017-09-08 09:49:08.305873======
js.刷新页面方法.txt

======2017-09-08 09:49:08.341873======
js.图片预加载.preLoadImg.txt

======2017-09-08 09:49:08.386873======
js.控制文本框只能输入整数或浮点数.txt

======2017-09-08 09:49:08.476873======
js200实例.txt

======2017-09-08 09:49:08.587873======
JS实现xml和json(也可看做对象)互转.txt

======2017-09-08 09:49:08.629873======
jun.115.网盘.txt

======2017-09-08 09:49:08.670873======
jun.2012.06.29域名.server.dns.txt

======2017-09-08 09:49:08.774873======
layer.msg(信息框).txt

======2017-09-08 09:49:08.832873======
layer.open.弹框和弹出页面.txt

======2017-09-08 09:49:08.872873======
lhgdialog.刷新父窗体(弹出该层的窗体)方法.调用父窗体.jquery.js.cts.txt

======2017-09-08 09:49:08.908873======
lhgdialog.弹框.jquery. 回调函数.txt

======2017-09-08 09:49:09.022873======
magicSuggest.美化的Download.下拉框.jun.txt

======2017-09-08 09:49:09.090873======
mouseover.delay.鼠标移过延时.txt

======2017-09-08 09:49:09.126873======
MovieList.txt

======2017-09-08 09:49:09.280873======
NoSql (2).txt

======2017-09-08 09:49:09.316873======
nosql.txt

======2017-09-08 09:49:09.380873======
openLayer.city.城市选择器.jquery.txt

======2017-09-08 09:49:09.416873======
OperationsFactory工厂设计模式(calculator简单计算器).txt

======2017-09-08 09:49:10.244873======
people.txt

======2017-09-08 09:49:10.284873======
PhotoShop快捷键大全（转）.txt

======2017-09-08 09:49:10.322873======
php.array.sort.数组.排序.txt

======2017-09-08 09:49:10.390873======
polltransport=longpoll&connection...连接的作用.txt

======2017-09-08 09:49:10.428873======
Pop3.SMTP.IMAP.邮件.协议.的区别.txt

======2017-09-08 09:49:10.467873======
PS.jun.txt

======2017-09-08 09:49:10.506873======
PS.Photoshop快捷键.txt

======2017-09-08 09:49:10.552873======
ps.Photoshop菜单中英文对照.txt

======2017-09-08 09:49:10.765873======
Pubs(script).txt

======2017-09-08 09:49:10.977873======
pubs.db.database.txt

======2017-09-08 09:49:11.195873======
pubs.schemaAndData.sql08.sql.txt

======2017-09-08 09:49:11.242873======
Quartz.windows.services.服务.安装.启动.卸载.install.satrt.uninstall.txt

======2017-09-08 09:49:11.275873======
quartz百度百科.txt

======2017-09-08 09:49:11.324873======
ReadMe.QQ.Music.音乐.新特性.txt

======2017-09-08 09:49:11.369873======
Regex.js.javascript.regex.正则验证.空格.trim().txt

======2017-09-08 09:49:11.407873======
Regex.RegularExpression.C#正则表达式.txt

======2017-09-08 09:49:11.451873======
Regex.正则表达式大全.txt

======2017-09-08 09:49:11.511873======
ruipin.睿聘.Candidate.CTS.Product.Enterprise.点点滴滴.txt

======2017-09-08 09:49:11.606873======
saas.Software-as-a-Service（软件即服务）.txt

======2017-09-08 09:49:11.641873======
SDK.Software Development Kit.软件开发工具包.txt

======2017-09-08 09:49:11.695873======
server.history.txt

======2017-09-08 09:49:11.732873======
Sessin(会话)(状态保持)(ASP.NET).txt

======2017-09-08 09:49:11.807873======
SQL Server 存储过程.txt

======2017-09-08 09:49:11.848873======
SQL Server 数据库定时自动备份 .txt

======2017-09-08 09:49:11.887873======
SQL SERVER 数据库面试题.txt

======2017-09-08 09:49:11.964873======
sql.db.backup.Procedure.存储过程.备份.数据库.txt

======2017-09-08 09:49:12.009873======
sql.index.创建索引.txt

======2017-09-08 09:49:12.044873======
SQL.ISNULL.txt

======2017-09-08 09:49:12.093873======
sql.server.分库.分表.简介.txt

======2017-09-08 09:49:12.159873======
sql.sp.系统存储过程.txt

======2017-09-08 09:49:12.221873======
sql.存储过程.stored procedures.txt

======2017-09-08 09:49:12.337873======
sql.经典案例.txt

======2017-09-08 09:49:12.550873======
SQLHelper.cs类 微软 中文版.txt

======2017-09-08 09:49:13.002873======
SqlMapper.cs.txt

======2017-09-08 09:49:13.072873======
SqlServerHelper.cs.DBUtility.txt

======2017-09-08 09:49:13.123873======
sqlserver存储过程循环写法.txt

======2017-09-08 09:49:13.174873======
sqlserver触发器.txt

======2017-09-08 09:49:13.218873======
sql查询当天记录.txt

======2017-09-08 09:49:13.271873======
SSO.单点登录.txt

======2017-09-08 09:49:13.352873======
table隔行变色.html.txt

======2017-09-08 09:49:13.391873======
Time.txt

======2017-09-08 09:49:13.477873======
todo.txt

======2017-09-08 09:49:13.524873======
trigger.触发器.txt

======2017-09-08 09:49:13.560873======
ue.User Experience.用户体验.txt

======2017-09-08 09:49:13.597873======
ued.User Experience Design.简称UED.是进行产品策划的主力之一.txt

======2017-09-08 09:49:13.646873======
UI.即User Interface（用户界面）.txt

======2017-09-08 09:49:13.685873======
UnitedFamilyHospital.和睦家.康复医院.ufh.txt

======2017-09-08 09:49:13.755873======
visibility和display区别.txt

======2017-09-08 09:49:13.795873======
visual.studio.2010.10.vs10.vs2010.devenv.shortcut.快捷键.kuaijie.jian.txt

======2017-09-08 09:49:13.840873======
VS.VisualStudio.13.2013.激活码.txt

======2017-09-08 09:49:13.876873======
vs2012.vs2013 发布网站时出现 sgen.exe 已退出 代码为 1.txt

======2017-09-08 09:49:13.920873======
vs2013.快捷键.shortcut.txt

======2017-09-08 09:49:13.961873======
web.config 中SessionState的配置.txt

======2017-09-08 09:49:14.003873======
Web.config配置详解.txt

======2017-09-08 09:49:14.089873======
Win8各种版本下载地址.txt

======2017-09-08 09:49:14.132873======
windows8.win8.shortcut.快捷键.kuaijiejian.txt

======2017-09-08 09:49:14.168873======
windows服务安装异常.txt

======2017-09-08 09:49:14.205873======
windows服务注册.txt

======2017-09-08 09:49:14.244873======
wp7.8.新增功能.txt

======2017-09-08 09:49:14.291873======
yy语音新增功能.txt

======2017-09-08 09:49:14.337873======
《奋斗》50条哲理箴言.txt

======2017-09-08 09:49:14.375873======
一个HR给应届毕业生的面试建议 后悔看到的太晚了.txt

======2017-09-08 09:49:14.412873======
一个浙江商人立下的22条规矩 （太值得借鉴了）.txt

======2017-09-08 09:49:14.450873======
一哥们给老婆定的20条规矩.txt

======2017-09-08 09:49:14.487873======
下载exele格式.txt

======2017-09-08 09:49:14.530873======
中国车牌号的识别.txt

======2017-09-08 09:49:14.566873======
中央办公厅精神【关于86后大学生就业】（读透了可以少奋斗15年！）.txt

======2017-09-08 09:49:14.602873======
为文件夹添加背景音乐.txt

======2017-09-08 09:49:14.652873======
会计.贴现业务流程.txt

======2017-09-08 09:49:14.692873======
佛陀的格言.txt

======2017-09-08 09:49:14.730873======
你厉害看完别哭.txt

======2017-09-08 09:49:14.773873======
值得你记一辈子的话~~~真的很受用.txt

======2017-09-08 09:49:14.809873======
免费论文下载 .txt

======2017-09-08 09:49:14.848873======
全面清除计算的机病毒.txt

======2017-09-08 09:49:14.887873======
关于军衔你了解多少.txt

======2017-09-08 09:49:14.932873======
删除Windows服务sc.delete.txt

======2017-09-08 09:49:15.022873======
各大高校BBS上的100个爆笑.txt

======2017-09-08 09:49:15.060873======
名人QQ号.txt

======2017-09-08 09:49:15.109873======
咖啡.Coffee.txt

======2017-09-08 09:49:15.151873======
固态硬盘.Solid State Disk.ssd.txt

======2017-09-08 09:49:15.193873======
在ASP.NET MVC 中获取当前URL.controller.action.路径.虚拟路径.参数.txt

======2017-09-08 09:49:15.233873======
在IE浏览器中使用Windows窗体控件.txt

======2017-09-08 09:49:15.269873======
在SQL Server中保存和输出任意类型的文件.txt

======2017-09-08 09:49:15.306873======
在网吧如何免费上网.txt

======2017-09-08 09:49:15.353873======
墨菲定律、二八法则、马太效应、手表定理、“不值得”定律、彼得原理、零和游戏、华盛顿合作规律、酒与污水定律、水桶定律、蘑菇管理原理、钱的问题、奥卡姆剃刀等13条是左右人生的金科玉律。（.txt

======2017-09-08 09:49:15.405873======
天气预报接口api.txt

======2017-09-08 09:49:15.446873======
女人.txt

======2017-09-08 09:49:15.481873======
女生必看的健康生活方式(很多条男生也应该注意哦~).txt

======2017-09-08 09:49:15.518873======
如何在ASP.NET页面间传送数据.txt

======2017-09-08 09:49:15.553873======
如何在JS中实现相互转换XML和JSON.txt

======2017-09-08 09:49:15.607873======
如何用代码设置控制自己网站的网页在360浏览器打开时强制优先使用极速模式，而非兼容模式.txt

======2017-09-08 09:49:15.651873======
如何移除VS解决方案中的TFS版本控制.txt

======2017-09-08 09:49:15.697873======
对象关系映射（英语：(Object Relational Mapping  简称ORM或OR mapping）.百度百科.txt

======2017-09-08 09:49:15.734873======
对象关系映射（英语：Object Relation Mapping，简称ORM，或ORM，或OR mapping）.txt

======2017-09-08 09:49:15.777873======
工作职责.txt

======2017-09-08 09:49:15.815873======
常用的CSS命名规则 .txt

======2017-09-08 09:49:15.854873======
微型 ORM-FluentData.txt

======2017-09-08 09:49:15.891873======
怎一个牛字了得啊.txt

======2017-09-08 09:49:15.930873======
怎么在Web.Config里写Sql Server连接字符串？.txt

======2017-09-08 09:49:15.970873======
想当领导要做的.txt

======2017-09-08 09:49:16.006873======
我们这一代到底招谁惹谁了.txt

======2017-09-08 09:49:16.047873======
我的电脑配置.diannaopeizhi（myComputer）.txt

======2017-09-08 09:49:16.084873======
我的电脑（myComputer）.config.配置.dell.txt

======2017-09-08 09:49:16.126873======
找回误删并清除了回收站的文档.txt

======2017-09-08 09:49:16.160873======
担保交易.baike.txt

======2017-09-08 09:49:16.204873======
推荐70部好看的校园喜剧片[转载+补充].txt

======2017-09-08 09:49:16.263873======
数字大写.txt

======2017-09-08 09:49:16.308873======
新建文本文档 (2).txt

======2017-09-08 09:49:16.352873======
易信.txt

======2017-09-08 09:49:16.389873======
星座夫妻（真的很准）.txt

======2017-09-08 09:49:16.425873======
显示投票的进度条代码.txt

======2017-09-08 09:49:16.468873======
最个性的签名.txt

======2017-09-08 09:49:16.503873======
有意思的推理0.999=1.txt

======2017-09-08 09:49:16.544873======
服务条款.biz英文域名在线服务条款.txt

======2017-09-08 09:49:16.585873======
枚举.enum.cnblogs.txt

======2017-09-08 09:49:16.620873======
枚举.enum.cnblogs.优势.txt

======2017-09-08 09:49:16.657873======
枚举.enum.meijv.meiju.txt

======2017-09-08 09:49:16.699873======
查询sql数据库中表占用的空间大小size.使用临时表.原理.jun.txt

======2017-09-08 09:49:16.738873======
标点.符号.表情.biaodian.fuhao.biaoqing.txt

======2017-09-08 09:49:16.783873======
求职面试16大热点问题解答思路－－实用版.txt

======2017-09-08 09:49:16.824873======
注册framework4.0到IIS.txt

======2017-09-08 09:49:16.878873======
浅析C#中new、override、virtual关键字的区别.from.cnblogs.txt

======2017-09-08 09:49:16.920873======
淘宝担保交易.txt

======2017-09-08 09:49:16.972873======
火箭发射有几个过程.txt

======2017-09-08 09:49:17.009873======
状态保持对象的区别(Session&Cookie&Application)(ASP.NET).txt

======2017-09-08 09:49:17.045873======
王码98版.txt

======2017-09-08 09:49:17.081873======
王码98版助记歌.txt

======2017-09-08 09:49:17.118873======
王码98版的优点.txt

======2017-09-08 09:49:17.193873======
电脑快执捷键.txt

======2017-09-08 09:49:17.230873======
电脑维修.txt

======2017-09-08 09:49:17.276873======
男人容易么？饶了他们吧！.txt

======2017-09-08 09:49:17.313873======
男人有品质底线.txt

======2017-09-08 09:49:17.354873======
登录(加密密码).txt

======2017-09-08 09:49:17.389873======
白酒分类.分类.香型.txt

======2017-09-08 09:49:17.434873======
百度百科.递归.recursion.txt

======2017-09-08 09:49:17.474873======
看到这十句话我被感动了.txt

======2017-09-08 09:49:17.510873======
看电脑眼睛不酸不胀的好方法.txt

======2017-09-08 09:49:17.556873======
神尔.儿童资料下载.2014年5月11日215245淘宝是买的.下载文件链接记事本，把他下载下来，里面有下载网址来 (1).txt

======2017-09-08 09:49:17.597873======
空间文章.txt

======2017-09-08 09:49:17.639873======
简历中自我评价.txt

======2017-09-08 09:49:17.677873======
管理学十大经典定理.txt

======2017-09-08 09:49:17.717873======
类型转换TypeParse.cs.leixingzhuanhuan.txt

======2017-09-08 09:49:17.756873======
级联删除(触发器).txt

======2017-09-08 09:49:17.823873======
经典口误.txt

======2017-09-08 09:49:17.876873======
网络用语.txt

======2017-09-08 09:49:17.920873======
网络用语baike.txt

======2017-09-08 09:49:17.969873======
网页切图过程中div+css命名规则.txt

======2017-09-08 09:49:18.009873======
老外经常说到50个俚语.txt

======2017-09-08 09:49:18.052873======
自动补全（自动完成）（AutoComplete）.txt

======2017-09-08 09:49:18.205873======
自定义asp.net2.0权限提供程序SqlMembershipProvider.txt

======2017-09-08 09:49:18.254873======
苦丁茶.txt

======2017-09-08 09:49:18.292873======
苦丁茶功效.tea.kudingcha.txt

======2017-09-08 09:49:18.371873======
购物车代码.txt

======2017-09-08 09:49:18.419873======
迅雷7版本特性.txt

======2017-09-08 09:49:18.460873======
送花的含义.txt

======2017-09-08 09:49:18.512873======
隐藏在OFFICE里的游戏.txt

======2017-09-08 09:49:18.594873======
面试.txt

======2017-09-08 09:49:18.637873======
页面放歌曲或视频.txt

======2017-09-08 09:49:18.732873======
高效去掉js数组中的重复项.txt

