======2017-09-08 09:46:48.109873======
$.blinkTitle.标题闪烁.新消息.message.jQuery.javascript.txt

======2017-09-08 09:46:50.139873======
$.blockUI().遮罩.loading效果.jun.txt

======2017-09-08 09:46:50.243873======
.net.mvc4.文件夹.结构说明.txt

======2017-09-08 09:46:50.252873======
.NET开发人员值得关注的七个开源项目.txt

======2017-09-08 09:46:50.255873======
0000.txt

======2017-09-08 09:46:50.259873======
1.txt

======2017-09-08 09:46:50.311873======
2007网络哲言.txt

======2017-09-08 09:46:50.320873======
2014年11月7日162521清除Leader名字下面的Mycandidate.txt

======2017-09-08 09:46:50.364873======
2014年8月7日 171909.Clear.Sql.CareerCMS_New.清理数据库中的邮件获取和文件夹获取的数据.txt

======2017-09-08 09:46:50.374873======
20150524办理公积金.txt

======2017-09-08 09:46:50.392873======
26个Jquery使用小技巧 - 原版.txt

======2017-09-08 09:46:50.406873======
26个Jquery使用小技巧.txt

======2017-09-08 09:46:50.415873======
26句话，让你豁然开朗（不信试试）.txt

======2017-09-08 09:46:50.584873======
a.css.text-decoration.超链接.去掉自带的下划线.txt

======2017-09-08 09:46:50.587873======
a.超链接(httpwww.17sucai.com).txt

======2017-09-08 09:46:50.589873======
ahjesus Axure RP 7.0注册码.txt

======2017-09-08 09:46:50.652873======
api.百度地图.自定义绘制驾车路线、调整视野以便显示起点和终点、自定义起点终点的标记.txt

======2017-09-08 09:46:50.656873======
Application(状态保持)(ASP.NET).txt

======2017-09-08 09:46:50.668873======
Arial.英文字体.font.txt

======2017-09-08 09:46:50.676873======
art.dialog.弹窗.txt

======2017-09-08 09:46:50.700873======
ASP .NET MYSQL 的简单分页 并不适用于所有SQL语句.txt

======2017-09-08 09:46:50.748873======
ASP.NET 4.0事件消息 发生了验证错误检测到有潜在危险的 Request.Form 值.txt

======2017-09-08 09:46:50.751873======
ASP.NET MVC4(Razor)从客户端中检测到有潜在危险的 Request.Form 值.txt

======2017-09-08 09:46:50.761873======
ASP.NET MVC：Razor 引入命名空间.在cshtml页面.namespace.txt

======2017-09-08 09:46:50.808873======
ASP.NET 程序中常用的三十三种代码.txt

======2017-09-08 09:46:50.816873======
asp.net 编码.txt

======2017-09-08 09:46:50.857873======
asp.net.cookie.跨域问题.txt

======2017-09-08 09:46:50.863873======
asp.net.download.下载.xiazhai.txt

======2017-09-08 09:46:50.879873======
Asp.net.GridView.AspNetPager.军考网简单的使用.txt

======2017-09-08 09:46:50.889873======
asp.net.repeater.服务器端控件.使用.txt

======2017-09-08 09:46:50.938873======
asp.net.web.ActiveX.调用.txt

======2017-09-08 09:46:50.940873======
asp.net.web.activeX调用.测试成功.txt

======2017-09-08 09:46:50.942873======
asp.net.统计在线线人数.txt

======2017-09-08 09:46:51.028873======
asp.net中如何用c#实现弹出式的交互对话窗口.txt

======2017-09-08 09:46:51.031873======
asp.net使用客户端验证.txt

======2017-09-08 09:46:51.050873======
asp.net发布.每个页面对应一个dll.txt

======2017-09-08 09:46:51.094873======
ASP.NET开发人员值得关注的七个开源项目.txt

======2017-09-08 09:46:51.096873======
ASP.Net超时时间已到(time out)。在操作完成之前超时时间已过或服务器未响应的解决方法.txt

======2017-09-08 09:46:51.106873======
aspnetpager.css. 漂亮样式.txt

======2017-09-08 09:46:51.111873======
aspnetpager配合Reaper真分页.jun.txt

======2017-09-08 09:46:51.167873======
bill发给我的.sql(我的职位列表（已开始）).txt

======2017-09-08 09:46:51.176873======
bill发给我的.候选人状态.txt

======2017-09-08 09:46:51.180873======
bill发给我的.同步ERP.Employees和职位信息.txt

======2017-09-08 09:46:51.192873======
bill发给我的7天保护期的搜索程序.搜索索引库.添加参数.txt

======2017-09-08 09:46:51.204873======
bill发给我的下载例子.webclient.download.WebForm3.aspx.cs.txt

======2017-09-08 09:46:51.207873======
BitLocker 恢复密钥 B97AAA8A-E61D-4C25-B6E1-CFFF91824663.txt

======2017-09-08 09:46:51.212873======
bootdialog.jun.自己写的.txt

======2017-09-08 09:46:51.215873======
bootstrap.form-control.group.input-group.input-group-btn.txt

======2017-09-08 09:46:51.225873======
bootstrap.找不到woff2.报404错解决方案.txt

======2017-09-08 09:46:51.227873======
bootstrap.气泡弹框.txt

======2017-09-08 09:46:51.236873======
bootstrap.气泡弹框.使用说明.参数配置.txt

======2017-09-08 09:46:51.238873======
bootstrap3中的Glyphicons 图标用法及大小的改变 .txt

======2017-09-08 09:46:51.242873======
bootstrapTable.jun.txt

======2017-09-08 09:46:51.252873======
bootstrap按钮.btn.button.txt

======2017-09-08 09:46:51.260873======
bootstrap：输入框组.按钮在右时显示.txt

======2017-09-08 09:46:51.359873======
Button(httpwww.17sucai.com).css.txt

======2017-09-08 09:46:51.366873======
C# byte[]和文件FileStream相互转化.txt

======2017-09-08 09:46:51.376873======
C# Byte[]数组读取和写入文件.txt

======2017-09-08 09:46:51.379873======
C# Post数据和接收简单示例 .juns.txt

======2017-09-08 09:46:51.387873======
C# XML转义字符与特殊字符进行替换.txt

======2017-09-08 09:46:51.390873======
C# 使用TimeSpan计算两个时间差 .txt

======2017-09-08 09:46:51.393873======
C# 动态增加CSS连接 js文件连接2.txt

======2017-09-08 09:46:51.395873======
C# 各种数据类型的最大值和最小值常数.txt

======2017-09-08 09:46:51.403873======
C# 将xml文件中获取xml字符串.txt

======2017-09-08 09:46:51.423873======
C# 汉字与GBK Unicode UTF-8编码之间的转换.zhuanma.txt

======2017-09-08 09:46:51.426873======
c# 获得方法的调用者的调用者的类名(class.name)方法名(method.name).txt

======2017-09-08 09:46:51.444873======
C# 路径，文件，目录,IO常见问题汇总.cnblogs.txt

======2017-09-08 09:46:51.503873======
C#(.net)中的一次连接数据库执行多条sql语句(两种方法).txt

======2017-09-08 09:46:51.554873======
C#.app.config.databasename.获取数据库连接串的中一个变量的值.txt

======2017-09-08 09:46:51.557873======
c#.asp.net刷新.页面.txt

======2017-09-08 09:46:51.559873======
c#.aspx.bind.页面绑定后台方法.公共类方法.common.bangding.txt

======2017-09-08 09:46:51.567873======
c#.aspx.bind.页面绑定后台方法.公共类方法.common.txt

======2017-09-08 09:46:51.576873======
C#.byte[].与.string.的.转换.txt

======2017-09-08 09:46:51.579873======
C#.byte[]和文件FileStream相互转化.txt

======2017-09-08 09:46:51.582873======
C#.Console.fontcolor.控制台设置字体颜色.txt

======2017-09-08 09:46:51.641873======
C#.DateTimeHelper.cs.日期时间类封装.txt

======2017-09-08 09:46:51.651873======
C#.DES.加密.解密.(字符串, 秘钥).txt

======2017-09-08 09:46:51.696873======
C#.dic.dictionary. 字典.txt

======2017-09-08 09:46:51.700873======
C#.dic.dictionary.xml读取的集合写到字典中.txt

======2017-09-08 09:46:51.702873======
C#.Dictionary.foreach.字典遍历.txt

======2017-09-08 09:46:51.705873======
C#.Download.byte[].Save.File.ToLocalDisk.下载远程路径.字节数组.保存文件到本地磁盘.txt

======2017-09-08 09:46:51.707873======
C#.Enum.获取枚举类型的名字字符串的方法.jun.txt

======2017-09-08 09:46:51.710873======
C#.ExcelToDataSet.jun.txt

======2017-09-08 09:46:51.713873======
C#.Get.Post请求.txt

======2017-09-08 09:46:51.744873======
C#.getCurDateTimeWithMillion.根据时间.随机数.txt

======2017-09-08 09:46:51.754873======
C#.javascript.js.alert.ClientScript.RegisterStartupScript.注册脚本.弹出提示框.tishi.kuang.zhuce.jiaoben.txt

======2017-09-08 09:46:51.763873======
C#.List.Contains.报错.未将对象引用到实例.txt

======2017-09-08 09:46:51.765873======
C#.Match三种取整.txt

======2017-09-08 09:46:51.768873======
C#.MVC.传递html参数.特殊字符.ValidateInput.txt

======2017-09-08 09:46:51.770873======
C#.MVC页面显示.附件存在则下载.不存在不显示.jun.txt

======2017-09-08 09:46:51.773873======
C#.NET 字符串转数组，数组转字符串.txt

======2017-09-08 09:46:51.813873======
c#.picture.photo.upload.图片上传到服务器.txt

======2017-09-08 09:46:51.819873======
c#.replace.System.Text.RegularExpressions.Regex.Replace替换.txt

======2017-09-08 09:46:51.822873======
C#.SBC.DBC.case.全角.半角.转化.jun.quanjiao.banjiao.txt

======2017-09-08 09:46:51.825873======
C#.Stopwatch.准确的测量运行时间.jun.txt

======2017-09-08 09:46:51.828873======
C#.Stream 和 byte[] 之间的转换.txt

======2017-09-08 09:46:51.830873======
C#.string.dateNow = DateTime.Now.ToString(yyyyMMddHHmmssfff).txt

======2017-09-08 09:46:51.832873======
c#.System.Diagnostics.Stopwatch.监控.运行.时间.txt

======2017-09-08 09:46:51.835873======
C#.ToString.as String.Convert.ToString.(string).字符串转化.NullReferenceException异常.txt

======2017-09-08 09:46:51.873873======
C#.xml.XmlSerializer.Deserialize.序列化.反序列化.xlh.fxlh.jun.txt

======2017-09-08 09:46:51.894873======
C#.xml字符串保存为Xml文件.jun.测试过可用.txt

======2017-09-08 09:46:51.903873======
C#.下拉列表绑定DropDownListBind.txt

======2017-09-08 09:46:51.987873======
c#.分割字符串.String.Split.fengezifuchuan.txt

======2017-09-08 09:46:51.990873======
c#.分割字符串.String.Split.txt

======2017-09-08 09:46:51.992873======
C#.判断.文件夹.不存在.创建文件夹.txt

======2017-09-08 09:46:51.995873======
c#.半角.转.全角.英文标点.中文标点.ToSBC.ToDBC.txt

======2017-09-08 09:46:51.997873======
c#.取得不重复的值.主键.jun.txt

======2017-09-08 09:46:52.000873======
c#.后台.手动拼接.简单的json串.txt

======2017-09-08 09:46:52.016873======
C#.字符串处理.cnblogs.txt

======2017-09-08 09:46:52.018873======
C#.将 Stream 转成 byte[](流转化为字节数组).txt

======2017-09-08 09:46:52.084873======
C#.小数.浮点.四舍五入.Float.Math.txt

======2017-09-08 09:46:52.091873======
C#.数组和泛型转化.转换.List.to.Array.txt

======2017-09-08 09:46:52.093873======
C#.数组转字符串.Array2String.Join.txt

======2017-09-08 09:46:52.100873======
c#.日期时间.DateTime.txt

======2017-09-08 09:46:52.105873======
C#.替换.字符.C#特殊字符过滤函数.txt

======2017-09-08 09:46:52.109873======
C#.格式化字符串.货币.时间.数字.各种进制.科学型.String.Format.{0N2} {0D2} {0C2}.txt

======2017-09-08 09:46:52.111873======
C#.正则.过滤掉双大括号以及之间的内容.过滤书签.daxtra解析内容中的书签替换.txt

======2017-09-08 09:46:52.113873======
C#.正则匹配简历编号.jun.careerintlinc.txt

======2017-09-08 09:46:52.116873======
C#.注释.comment.规范.txt

======2017-09-08 09:46:52.119873======
C#.注释.comment.规范.zhushi.guifan..txt

======2017-09-08 09:46:52.121873======
C#.流文件Stream和byte字节数组的转化.txt

======2017-09-08 09:46:52.124873======
C#.特殊字符转义方法.转义字符串中所有正则特殊字符.txt

======2017-09-08 09:46:52.126873======
c#.生成特殊符号.用户无法输入.txt

======2017-09-08 09:46:52.128873======
C#.线程.休眠3秒钟.Thread.Sleep(3).txt

======2017-09-08 09:46:52.130873======
C#.缓存操作类.cs.txt

======2017-09-08 09:46:52.132873======
C#.缓存相关的操作类.DataCache.cs.txt

======2017-09-08 09:46:52.134873======
C#.获取.物理路径.全路径中的文件名.文件纯路径.txt

======2017-09-08 09:46:52.137873======
C#.获取随机数.txt

======2017-09-08 09:46:52.147873======
C#.解析xml串.获取.每一个元素的值.txt

======2017-09-08 09:46:52.150873======
c#.读取FileUpLoad的流.io.txt

======2017-09-08 09:46:52.154873======
C#.转义.字符.简介..txt

======2017-09-08 09:46:52.157873======
c#.递归.1 1 2 3 5 8 13.interview.面试.txt

======2017-09-08 09:46:52.159873======
c#.通过反射.Reflection.获得方法的调用者的调用者的类名ClassName.方法名.MethodName.jun.txt

======2017-09-08 09:46:52.210873======
C#.随机生成验证码.txt

======2017-09-08 09:46:52.213873======
c#.随机码Random.Next.Validate.Check.验证.噪音线.干扰线.jun.cs.txt

======2017-09-08 09:46:52.216873======
C#DateTime.To.long.日期时间型转化长整形.txt

======2017-09-08 09:46:52.218873======
C#TimeSpan.txt

======2017-09-08 09:46:52.548873======
C#上一级物理路径.txt

======2017-09-08 09:46:52.551873======
C#不存在文件夹就新建.txt

======2017-09-08 09:46:52.554873======
C#中foreach获取index.txt

======2017-09-08 09:46:52.591873======
C#几种截取字符串的方法小结.txt

======2017-09-08 09:46:52.635873======
C#判断是否连网.txt

======2017-09-08 09:46:52.638873======
C#动态加载CSS.txt

======2017-09-08 09:46:52.641873======
C#基础-获得当前程序的 空间名.类名.方法名  .txt

======2017-09-08 09:46:52.681873======
C#字符串包含.txt

======2017-09-08 09:46:52.683873======
C#将文件转化为字节数组byte[].txt

======2017-09-08 09:46:52.687873======
C#常用正则表达式,验证邮箱URL电话号码等.txt

======2017-09-08 09:46:52.690873======
C#怎么将byte[]存入到数据库.txt

======2017-09-08 09:46:52.699873======
c#执行CMD命令.txt

======2017-09-08 09:46:52.705873======
C#操作txt.txt

======2017-09-08 09:46:52.708873======
C#操作word.书签替换.遍历工作经验.设置字体等.txt

======2017-09-08 09:46:52.716873======
C#操作xml.From百度知道.jun.txt

======2017-09-08 09:46:52.718873======
C#时间.年月日时分秒.生产随机码.txt

======2017-09-08 09:46:52.721873======
C#根据当前时间获取，本周，本月，本季度等时间段.txt

======2017-09-08 09:46:52.733873======
C#格式化Json数据.Format.jun.txt

======2017-09-08 09:46:52.735873======
C#模拟http 发送post或get请求.txt

======2017-09-08 09:46:52.822873======
C#生成随机验证码.txt

======2017-09-08 09:46:52.825873======
C#编程提取文件名时如何去掉后缀.txt

======2017-09-08 09:46:52.828873======
C#获取IP.mac.硬盘.主板.cpu等等信息.jun.txt

======2017-09-08 09:46:52.830873======
C#获取当前应用程序的路径.txt

======2017-09-08 09:46:52.835873======
C#获得客户端的IP,主机名 获取当前时间 .txt

======2017-09-08 09:46:52.874873======
C#读取PDF文件的文本txt.PDFBox-0.7.3.jun.txt

======2017-09-08 09:46:52.877873======
C#读取Xml文件.txt

======2017-09-08 09:46:52.879873======
C#读取日志文件.读取文本文件方法.txt

======2017-09-08 09:46:52.885873======
C#读取邮件.cs.txt

======2017-09-08 09:46:52.889873======
C#调用C++DLL实例.txt

======2017-09-08 09:46:52.891873======
C#调用线点逻辑.jun.txt

======2017-09-08 09:46:52.893873======
C#跳出foreach循环.txt

======2017-09-08 09:46:52.896873======
C#连接字符串.txt

======2017-09-08 09:46:52.905873======
Cache读取和写入.txt

======2017-09-08 09:46:53.030873======
Career.清除Operates.HR部门MyCandidate的数据.假删除.txt

======2017-09-08 09:46:53.032873======
Careerintlinc.电话会议.net.metting.txt

======2017-09-08 09:46:53.035873======
CC30天保护.txt

======2017-09-08 09:46:53.147873======
checkboxlist.setvalue.设置值.asp.net.txt

======2017-09-08 09:46:53.156873======
ChinaCareer.careerintlinc.公司人才网.网站的一些说明.txt

======2017-09-08 09:46:53.159873======
ChineseCode.cs.txt

======2017-09-08 09:46:53.162873======
chrome 命令.google浏览器高级应用.txt

======2017-09-08 09:46:53.164873======
chrome浏览器自身的DNS缓存.txt

======2017-09-08 09:46:53.273873======
CMD.命令.启动.start.重启.reset.IIS.txt

======2017-09-08 09:46:53.404873======
computer.Batch.Clear.clean.清理电脑垃圾的批处理说明.txt

======2017-09-08 09:46:53.407873======
computer.Batch.删除指定文件夹下的指定文件.批处理(超级资源管理器功能.jun测试过).bat.txt

======2017-09-08 09:46:53.409873======
computer.Batch.删除指定文件夹下的指定文件.批处理(超级资源管理器功能.jun测试过).txt

======2017-09-08 09:46:53.415873======
computer.dell.config.我的笔记本.配置.详细报表.txt

======2017-09-08 09:46:53.417873======
computer.regedit.usbstor.禁用.启用.usb.txt

======2017-09-08 09:46:53.419873======
computer.regedit.usb无法访问 拒绝访问 怎么办.txt

======2017-09-08 09:46:53.575873======
computer.win8各种版本下载地址.txt

======2017-09-08 09:46:53.578873======
computer.定时关机.bat.txt

======2017-09-08 09:46:53.660873======
ConfigBase.cs.txt

======2017-09-08 09:46:53.663873======
ConfigHelper.cs.配置管理.txt

======2017-09-08 09:46:53.667873======
ConvertUtil.cs.txt

======2017-09-08 09:46:53.676873======
Cookie(状态保持)(ASP.NET).txt

======2017-09-08 09:46:53.683873======
cookie登陆判断.txt

======2017-09-08 09:46:53.686873======
CRUD.百度百科.txt

======2017-09-08 09:46:53.688873======
css.!important.Selector.txt

======2017-09-08 09:46:53.725873======
css.border.radius.圆角边框.txt

======2017-09-08 09:46:53.728873======
CSS.border.style.属性.txt

======2017-09-08 09:46:53.730873======
CSS.Div+CSS代替table.txt

======2017-09-08 09:46:53.805873======
css.english.英文中常用字体.font.txt

======2017-09-08 09:46:53.808873======
css.font-family.微软雅黑.txt

======2017-09-08 09:46:53.813873======
css.font.字体.txt

======2017-09-08 09:46:53.829873======
css.font.字体.样式.大小.行间距.字间距.词间距.txt

======2017-09-08 09:46:53.832873======
css.opacity.alpha.filter.半透明.鼠标放在.图片上.出现.图片.变亮.txt

======2017-09-08 09:46:53.834873======
css.table不换行.txt

======2017-09-08 09:46:53.836873======
CSS.ul-li代替table.txt

======2017-09-08 09:46:53.839873======
css.ul.li.a.横排.txt

======2017-09-08 09:46:53.845873======
CSS.层叠样式表.规范.txt

======2017-09-08 09:46:53.853873======
css.底部任务条.固定于页面底部.来自禅道.txt

======2017-09-08 09:46:53.856873======
css.强制换行.txt

======2017-09-08 09:46:53.936873======
CSS.更好的组织css结构.txt

======2017-09-08 09:46:53.976873======
CSS.简单的纯CSS Tooltip.txt

======2017-09-08 09:46:53.978873======
CSS.纯Css气泡箭头特效，采用css3的语言框效果.html.txt

======2017-09-08 09:46:54.017873======
CSS.重置.Reset CSS.txt

======2017-09-08 09:46:54.025873======
CSS.重设基本样式.txt

======2017-09-08 09:46:54.027873======
css.高级用法.txt

======2017-09-08 09:46:54.029873======
css3.background.txt

======2017-09-08 09:46:54.071873======
css中font-size的单位有px、em、pt，请问哪个最好.txt

======2017-09-08 09:46:54.114873======
CSS变量和预处理器变量的差异.txt

======2017-09-08 09:46:54.160873======
css设置按钮位置居中.txt

======2017-09-08 09:46:54.163873======
CSS超出部分隐藏.text-overflow.ellipsis.截取.省略号代替.txt

======2017-09-08 09:46:54.171873======
CTS.Advanced.Search.Permission.role.高级搜索权限.2017年7月25日.txt

======2017-09-08 09:46:54.173873======
CTS.CVFuncion.IndustryType.JobType.职能.行业.zhineng.hangye.txt

======2017-09-08 09:46:54.176873======
cts.db.sql.语句.团队已推荐候选人.txt

======2017-09-08 09:46:54.178873======
CTS.product.dictionary.字典获取.txt

======2017-09-08 09:46:54.181873======
cts.product.email.capture.db.flow.邮件捕获入库流程.txt

======2017-09-08 09:46:54.184873======
CTS.候选人推荐到职位程序迁移.txt

======2017-09-08 09:46:54.186873======
CTS.增强版.企业版.Enterprise.备份.backup..清理数据.truncate.收缩数据库.shrink.txt

======2017-09-08 09:46:54.194873======
cts.导出我的候选人sql.带有最新一条Comments.outer apply.cvevent..txt

======2017-09-08 09:46:54.197873======
CTS.搜索传过去的json字符串参数.txt

======2017-09-08 09:46:55.980873======
CTS.文件下载.download.虚拟目录.txt

======2017-09-08 09:46:56.006873======
CTS.正式.Web.config.txt

======2017-09-08 09:46:56.008873======
CTS服务器上的备份方案T-sql.每次备份成功删除上次备份.jun.txt

======2017-09-08 09:46:56.015873======
CTS的用到的回调函数.jun.txt

======2017-09-08 09:46:56.024873======
CV 数据库结构.简历解析数据库.Resume.htm.txt

======2017-09-08 09:46:56.027873======
CVOwner新加了一个表.sql.txt

======2017-09-08 09:46:56.029873======
CVSearch.添加了两个字段.2015年1月15日170428.txt

======2017-09-08 09:46:56.149873======
Dapper.SqlMapperUtil.junstested(crud.增删改查).轻量级.ORM.基于ado.net - 副本.txt

======2017-09-08 09:46:56.151873======
Dapper.transaction.事务.txt

======2017-09-08 09:46:56.154873======
Dapper.查询数量.Count.txt

======2017-09-08 09:46:56.156873======
dapper.获取最后插入的自增列的值.indextity.jun.txt

======2017-09-08 09:46:56.230873======
DataContract] [DataMember] 需要添加引用程序集System.Runtime.Serialization.txt

======2017-09-08 09:46:56.233873======
DataList.txt

======2017-09-08 09:46:56.235873======
DataList嵌套.txt

======2017-09-08 09:46:56.238873======
DataList嵌套DataList(实体类传递).txt

======2017-09-08 09:46:56.241873======
Datatable.foreach.datarow. 循环.遍历.txt

======2017-09-08 09:46:56.243873======
datatable.to.json.lyn给我的.mofiy写的.txt

======2017-09-08 09:46:56.245873======
Datatable.To.List.txt

======2017-09-08 09:46:56.247873======
DataTable.txt

======2017-09-08 09:46:56.249873======
DateTime.Now.DayOfWeek.星期.txt

======2017-09-08 09:46:56.252873======
DateTimeFormat.日期格式化.将2011092012格式化成标准日期格式.riqigeshihua.txt

======2017-09-08 09:46:56.259873======
DateTimeUtil.cs.txt

======2017-09-08 09:46:56.264873======
DaxtraSmartParse(CV简历解析为xml调用程序).asp.txt

======2017-09-08 09:46:56.267873======
db.abc.数据库连接串.con.connection.String.config.配置.peizhi.txt

======2017-09-08 09:46:56.270873======
db.abc.数据库连接串.con.connection.String.config.配置.txt

======2017-09-08 09:46:56.273873======
db.Access.helper.txt

======2017-09-08 09:46:56.276873======
db.AccessHelper.txt

======2017-09-08 09:46:56.278873======
db.Access链接串.txt

======2017-09-08 09:46:56.281873======
DB.DataBase.ACCESS的连接打开及数据更新.txt

======2017-09-08 09:46:56.322873======
db.database.sqlserver的备份与恢复.From.backup.jun.sql.txt

======2017-09-08 09:46:56.325873======
DB.DataBase.上传图片到数据库中并显示出来.txt

======2017-09-08 09:46:56.402873======
DB.DataBase.从数据库中删除数据代码.txt

======2017-09-08 09:46:56.405873======
DB.DataBase.取数据库中的记录数.txt

======2017-09-08 09:46:56.407873======
DB.DataBase.向数据库中更新数据代码.txt

======2017-09-08 09:46:56.409873======
DB.DataBase.在数据库中插入数据代码.txt

======2017-09-08 09:46:56.449873======
DB.DataBase.实现省市连动.txt

======2017-09-08 09:46:56.451873======
DB.DataBase.把Excel文件中的数据读入到DataGrid中.txt

======2017-09-08 09:46:56.453873======
DB.DataBase.把exele文件中数据导入到sql中.txt

======2017-09-08 09:46:56.456873======
DB.DataBase.把图片的虚拟地址保存到数据库中.txt

======2017-09-08 09:46:56.458873======
DB.DataBase.把数据库中的字段输出到控件上.txt

======2017-09-08 09:46:56.461873======
DB.DataBase.更新数据库信息.txt

======2017-09-08 09:46:56.463873======
DB.DataBase.查询最近n天的记录.txt

======2017-09-08 09:46:56.465873======
DB.DataBase.绑定datagide.txt

======2017-09-08 09:46:56.468873======
DB.DataBase.网页中显示图片并传id到特定页面还可以显示默认图片.txt

======2017-09-08 09:46:56.507873======
DB.DataBase.连接ACCESS数据库.txt

======2017-09-08 09:46:56.510873======
db.From.志辰.txt

======2017-09-08 09:46:56.522873======
db.sql.backup.jun.周期性备份数据库代码(自动删除原备份文件).txt

======2017-09-08 09:46:56.526873======
db.sql.backup.jun.我测试过.最推荐使用.txt

======2017-09-08 09:46:56.529873======
db.sql.backup.jun.数据库批量备份存储过程(判断盘符、路径，错误盘符返回，不存在的路径自动创建) .txt

======2017-09-08 09:46:56.531873======
db.sql.case.when.then.olcc.txt

======2017-09-08 09:46:56.533873======
db.sql.jun.如何批量删除前缀相同的表数据.txt

======2017-09-08 09:46:56.610873======
db.sql.sqlserver.replace.去掉空格&匹配有空格的字段.txt

======2017-09-08 09:46:56.613873======
DB.SQL.替换SQL特殊字符.txt

======2017-09-08 09:46:56.661873======
db.sqlserver.导入大脚本.sql.cmd.txt

======2017-09-08 09:46:56.664873======
db.大全.From.志辰.全部都是已测试的.txt

======2017-09-08 09:46:56.710873======
DBHelper.cs.txt

======2017-09-08 09:46:56.713873======
DBHelper最简单版.txt

======2017-09-08 09:46:56.716873======
DebugLogger.cs.txt

======2017-09-08 09:46:56.830873======
Drupal是使用PHP语言编写的开源内容管理框架（CMF），它由内容管理系统（CMS）.txt

======2017-09-08 09:46:56.836873======
DTcms V1.0 在线帮助中心.txt

======2017-09-08 09:46:56.843873======
Easyui 1.2.4+jQuery1.6.4 Dialog控件cache属性失效解决方案.测试过可用.jun.txt

======2017-09-08 09:46:56.850873======
EF4.0和EF5.0增删改查的写法区别及执行Sql的方法.txt

======2017-09-08 09:46:56.854873======
EF5(entity.framework)helper.实体框架.帮助类.txt

======2017-09-08 09:46:56.895873======
email记录.ufh.united.family.hospital.和睦家医院.txt

======2017-09-08 09:46:57.215873======
employeesposition.higntech.txt

======2017-09-08 09:46:57.234873======
employeesposition.n+10.txt

======2017-09-08 09:46:57.236873======
Employees表中添加了一条数据dax_master.txt

======2017-09-08 09:46:57.320873======
encyclopedia.Adobe Audition.txt

======2017-09-08 09:46:57.323873======
encyclopedia.Bit.B.KB.MB.GB.TB.PB.EB.ZB.YB.NB.DB.比特,千比特,百万比特,兆比特.txt

======2017-09-08 09:46:57.325873======
encyclopedia.crud.增删改查.txt

======2017-09-08 09:46:57.530873======
encyclopedia.树欲静而风不止，子欲养而亲不待.txt

======2017-09-08 09:47:08.465873======
ERP.ApplyJob.求职.推送到ERP中的表.txt

======2017-09-08 09:47:14.609873======
ERP.查询所有顾问（包括在职和离职的）组织和详情.sql.txt

======2017-09-08 09:47:14.612873======
Everything.文件搜索.search.技巧.支持.布尔表达式.正则表达式.txt

======2017-09-08 09:47:14.712873======
example.js.javascript.jquery.文本框输入文字后提示语消失特效-懒人图库.htm.txt

======2017-09-08 09:47:14.720873======
example.js.javascript.用JS实现的radio图片选择按钮效果-懒人图库.htm.txt

======2017-09-08 09:47:14.780873======
FileUpload.txt

======2017-09-08 09:47:14.788873======
FileUtil.cs.txt

======2017-09-08 09:47:14.794873======
filterConfig.重写OnActionExecuting.记录日志.txt

======2017-09-08 09:47:14.874873======
Flexigrid.cs.txt

======2017-09-08 09:47:14.882873======
FormatToJson.cs.List.To.Json.txt

======2017-09-08 09:47:14.973873======
fullcalendar.24小时制.txt

======2017-09-08 09:47:14.975873======
fullcalendar.formatDate.自带的日期时间格式化函数.txt

======2017-09-08 09:47:14.983873======
fullcalendar.基本使用.中文.汉化.txt

======2017-09-08 09:47:14.985873======
GIS.地理信息系统.txt

======2017-09-08 09:47:14.996873======
Global定时器.定时发送短信.timer.txt

======2017-09-08 09:47:15.008873======
GMT时间转成本地时间.世界时UT即格林尼治平太阳时间.C#.txt

======2017-09-08 09:47:15.063873======
gridView.Style样式.txt

======2017-09-08 09:47:15.065873======
gridView.Style样式2.txt

======2017-09-08 09:47:15.068873======
gridView.Style样式3.txt

======2017-09-08 09:47:15.121873======
GridView与CheckBox一次配合删除多项.txt

======2017-09-08 09:47:15.123873======
ha.txt

======2017-09-08 09:47:15.132873======
hero(Mariah Carey)中文歌词.txt

======2017-09-08 09:47:15.136873======
Hibole.金略数据库.jinlueshujuku.database.db.txt

======2017-09-08 09:47:15.138873======
HouseUtil.cs.txt

======2017-09-08 09:47:15.140873======
HRM=Human Resource Manager.人力资源经理.txt

======2017-09-08 09:47:15.143873======
HRMJDCONTACTINFO.Career.ERP. 职位统计.sql.Position.Static.DATEDIFF.对比时间.date.time.txt

======2017-09-08 09:47:15.145873======
html encode.txt

======2017-09-08 09:47:15.156873======
html.color.css.配色舒服的样式.html.txt

======2017-09-08 09:47:15.158873======
html.css.a.tab.纯css实现.选项卡效果.锚链接原来可以这么.htm.txt

======2017-09-08 09:47:15.161873======
html.css.a.tab.纯css实现.选项卡效果.锚链接原来可以这么用.htm.txt

======2017-09-08 09:48:15.440873======
$.blinkTitle.标题闪烁.新消息.message.jQuery.javascript.txt

======2017-09-08 09:48:18.895873======
$.blockUI().遮罩.loading效果.jun.txt

======2017-09-08 09:48:18.942873======
.net.mvc4.文件夹.结构说明.txt

======2017-09-08 09:48:18.945873======
.NET开发人员值得关注的七个开源项目.txt

======2017-09-08 09:48:18.947873======
0000.txt

======2017-09-08 09:48:18.956873======
1.txt

======2017-09-08 09:48:18.996873======
2007网络哲言.txt

======2017-09-08 09:48:18.998873======
2014年11月7日162521清除Leader名字下面的Mycandidate.txt

======2017-09-08 09:48:19.045873======
2014年8月7日 171909.Clear.Sql.CareerCMS_New.清理数据库中的邮件获取和文件夹获取的数据.txt

======2017-09-08 09:48:19.050873======
20150524办理公积金.txt

======2017-09-08 09:48:19.054873======
26个Jquery使用小技巧 - 原版.txt

======2017-09-08 09:48:19.061873======
26个Jquery使用小技巧.txt

======2017-09-08 09:48:19.064873======
26句话，让你豁然开朗（不信试试）.txt

======2017-09-08 09:48:19.221873======
a.css.text-decoration.超链接.去掉自带的下划线.txt

======2017-09-08 09:48:19.223873======
a.超链接(httpwww.17sucai.com).txt

======2017-09-08 09:48:19.225873======
ahjesus Axure RP 7.0注册码.txt

======2017-09-08 09:48:19.281873======
api.百度地图.自定义绘制驾车路线、调整视野以便显示起点和终点、自定义起点终点的标记.txt

======2017-09-08 09:48:19.283873======
Application(状态保持)(ASP.NET).txt

======2017-09-08 09:48:19.286873======
Arial.英文字体.font.txt

======2017-09-08 09:48:19.296873======
art.dialog.弹窗.txt

======2017-09-08 09:48:19.303873======
ASP .NET MYSQL 的简单分页 并不适用于所有SQL语句.txt

======2017-09-08 09:48:19.345873======
ASP.NET 4.0事件消息 发生了验证错误检测到有潜在危险的 Request.Form 值.txt

======2017-09-08 09:48:19.347873======
ASP.NET MVC4(Razor)从客户端中检测到有潜在危险的 Request.Form 值.txt

======2017-09-08 09:48:19.356873======
ASP.NET MVC：Razor 引入命名空间.在cshtml页面.namespace.txt

======2017-09-08 09:48:19.402873======
ASP.NET 程序中常用的三十三种代码.txt

======2017-09-08 09:48:19.404873======
asp.net 编码.txt

======2017-09-08 09:48:19.445873======
asp.net.cookie.跨域问题.txt

======2017-09-08 09:48:19.449873======
asp.net.download.下载.xiazhai.txt

======2017-09-08 09:48:19.453873======
Asp.net.GridView.AspNetPager.军考网简单的使用.txt

======2017-09-08 09:48:19.458873======
asp.net.repeater.服务器端控件.使用.txt

======2017-09-08 09:48:19.507873======
asp.net.web.ActiveX.调用.txt

======2017-09-08 09:48:19.509873======
asp.net.web.activeX调用.测试成功.txt

======2017-09-08 09:48:19.511873======
asp.net.统计在线线人数.txt

======2017-09-08 09:48:19.589873======
asp.net中如何用c#实现弹出式的交互对话窗口.txt

======2017-09-08 09:48:19.591873======
asp.net使用客户端验证.txt

======2017-09-08 09:48:19.604873======
asp.net发布.每个页面对应一个dll.txt

======2017-09-08 09:48:19.646873======
ASP.NET开发人员值得关注的七个开源项目.txt

======2017-09-08 09:48:19.648873======
ASP.Net超时时间已到(time out)。在操作完成之前超时时间已过或服务器未响应的解决方法.txt

======2017-09-08 09:48:19.651873======
aspnetpager.css. 漂亮样式.txt

======2017-09-08 09:48:19.654873======
aspnetpager配合Reaper真分页.jun.txt

======2017-09-08 09:48:19.694873======
bill发给我的.sql(我的职位列表（已开始）).txt

======2017-09-08 09:48:19.697873======
bill发给我的.候选人状态.txt

======2017-09-08 09:48:19.700873======
bill发给我的.同步ERP.Employees和职位信息.txt

======2017-09-08 09:48:19.702873======
bill发给我的7天保护期的搜索程序.搜索索引库.添加参数.txt

======2017-09-08 09:48:19.707873======
bill发给我的下载例子.webclient.download.WebForm3.aspx.cs.txt

======2017-09-08 09:48:19.716873======
BitLocker 恢复密钥 B97AAA8A-E61D-4C25-B6E1-CFFF91824663.txt

======2017-09-08 09:48:19.724873======
bootdialog.jun.自己写的.txt

======2017-09-08 09:48:19.726873======
bootstrap.form-control.group.input-group.input-group-btn.txt

======2017-09-08 09:48:19.729873======
bootstrap.找不到woff2.报404错解决方案.txt

======2017-09-08 09:48:19.731873======
bootstrap.气泡弹框.txt

======2017-09-08 09:48:19.736873======
bootstrap.气泡弹框.使用说明.参数配置.txt

======2017-09-08 09:48:19.738873======
bootstrap3中的Glyphicons 图标用法及大小的改变 .txt

======2017-09-08 09:48:19.742873======
bootstrapTable.jun.txt

======2017-09-08 09:48:19.746873======
bootstrap按钮.btn.button.txt

======2017-09-08 09:48:19.748873======
bootstrap：输入框组.按钮在右时显示.txt

======2017-09-08 09:48:19.831873======
Button(httpwww.17sucai.com).css.txt

======2017-09-08 09:48:19.833873======
C# byte[]和文件FileStream相互转化.txt

======2017-09-08 09:48:19.844873======
C# Byte[]数组读取和写入文件.txt

======2017-09-08 09:48:19.846873======
C# Post数据和接收简单示例 .juns.txt

======2017-09-08 09:48:19.849873======
C# XML转义字符与特殊字符进行替换.txt

======2017-09-08 09:48:19.851873======
C# 使用TimeSpan计算两个时间差 .txt

======2017-09-08 09:48:19.853873======
C# 动态增加CSS连接 js文件连接2.txt

======2017-09-08 09:48:19.855873======
C# 各种数据类型的最大值和最小值常数.txt

======2017-09-08 09:48:19.858873======
C# 将xml文件中获取xml字符串.txt

======2017-09-08 09:48:19.861873======
C# 汉字与GBK Unicode UTF-8编码之间的转换.zhuanma.txt

======2017-09-08 09:48:19.864873======
c# 获得方法的调用者的调用者的类名(class.name)方法名(method.name).txt

======2017-09-08 09:48:19.887873======
C# 路径，文件，目录,IO常见问题汇总.cnblogs.txt

======2017-09-08 09:48:19.937873======
C#(.net)中的一次连接数据库执行多条sql语句(两种方法).txt

======2017-09-08 09:48:19.982873======
C#.app.config.databasename.获取数据库连接串的中一个变量的值.txt

======2017-09-08 09:48:19.984873======
c#.asp.net刷新.页面.txt

======2017-09-08 09:48:19.987873======
c#.aspx.bind.页面绑定后台方法.公共类方法.common.bangding.txt

======2017-09-08 09:48:19.989873======
c#.aspx.bind.页面绑定后台方法.公共类方法.common.txt

======2017-09-08 09:48:19.992873======
C#.byte[].与.string.的.转换.txt

======2017-09-08 09:48:19.994873======
C#.byte[]和文件FileStream相互转化.txt

======2017-09-08 09:48:19.998873======
C#.Console.fontcolor.控制台设置字体颜色.txt

======2017-09-08 09:48:20.047873======
C#.DateTimeHelper.cs.日期时间类封装.txt

======2017-09-08 09:48:20.051873======
C#.DES.加密.解密.(字符串, 秘钥).txt

======2017-09-08 09:48:20.088873======
C#.dic.dictionary. 字典.txt

======2017-09-08 09:48:20.090873======
C#.dic.dictionary.xml读取的集合写到字典中.txt

======2017-09-08 09:48:20.092873======
C#.Dictionary.foreach.字典遍历.txt

======2017-09-08 09:48:20.094873======
C#.Download.byte[].Save.File.ToLocalDisk.下载远程路径.字节数组.保存文件到本地磁盘.txt

======2017-09-08 09:48:20.097873======
C#.Enum.获取枚举类型的名字字符串的方法.jun.txt

======2017-09-08 09:48:20.099873======
C#.ExcelToDataSet.jun.txt

======2017-09-08 09:48:20.107873======
C#.Get.Post请求.txt

======2017-09-08 09:48:20.112873======
C#.getCurDateTimeWithMillion.根据时间.随机数.txt

======2017-09-08 09:48:20.115873======
C#.javascript.js.alert.ClientScript.RegisterStartupScript.注册脚本.弹出提示框.tishi.kuang.zhuce.jiaoben.txt

======2017-09-08 09:48:20.117873======
C#.List.Contains.报错.未将对象引用到实例.txt

======2017-09-08 09:48:20.119873======
C#.Match三种取整.txt

======2017-09-08 09:48:20.121873======
C#.MVC.传递html参数.特殊字符.ValidateInput.txt

======2017-09-08 09:48:20.123873======
C#.MVC页面显示.附件存在则下载.不存在不显示.jun.txt

======2017-09-08 09:48:20.126873======
C#.NET 字符串转数组，数组转字符串.txt

======2017-09-08 09:48:20.166873======
c#.picture.photo.upload.图片上传到服务器.txt

======2017-09-08 09:48:20.168873======
c#.replace.System.Text.RegularExpressions.Regex.Replace替换.txt

======2017-09-08 09:48:20.170873======
C#.SBC.DBC.case.全角.半角.转化.jun.quanjiao.banjiao.txt

======2017-09-08 09:48:20.173873======
C#.Stopwatch.准确的测量运行时间.jun.txt

======2017-09-08 09:48:20.175873======
C#.Stream 和 byte[] 之间的转换.txt

======2017-09-08 09:48:20.177873======
C#.string.dateNow = DateTime.Now.ToString(yyyyMMddHHmmssfff).txt

======2017-09-08 09:48:20.180873======
c#.System.Diagnostics.Stopwatch.监控.运行.时间.txt

======2017-09-08 09:48:20.182873======
C#.ToString.as String.Convert.ToString.(string).字符串转化.NullReferenceException异常.txt

======2017-09-08 09:48:20.192873======
C#.xml.XmlSerializer.Deserialize.序列化.反序列化.xlh.fxlh.jun.txt

======2017-09-08 09:48:20.195873======
C#.xml字符串保存为Xml文件.jun.测试过可用.txt

======2017-09-08 09:48:20.198873======
C#.下拉列表绑定DropDownListBind.txt

======2017-09-08 09:48:20.274873======
c#.分割字符串.String.Split.fengezifuchuan.txt

======2017-09-08 09:48:20.277873======
c#.分割字符串.String.Split.txt

======2017-09-08 09:48:20.279873======
C#.判断.文件夹.不存在.创建文件夹.txt

======2017-09-08 09:48:20.282873======
c#.半角.转.全角.英文标点.中文标点.ToSBC.ToDBC.txt

======2017-09-08 09:48:20.284873======
c#.取得不重复的值.主键.jun.txt

======2017-09-08 09:48:20.287873======
c#.后台.手动拼接.简单的json串.txt

======2017-09-08 09:48:20.296873======
C#.字符串处理.cnblogs.txt

======2017-09-08 09:48:20.298873======
C#.将 Stream 转成 byte[](流转化为字节数组).txt

======2017-09-08 09:48:20.340873======
C#.小数.浮点.四舍五入.Float.Math.txt

======2017-09-08 09:48:20.342873======
C#.数组和泛型转化.转换.List.to.Array.txt

======2017-09-08 09:48:20.348873======
C#.数组转字符串.Array2String.Join.txt

======2017-09-08 09:48:20.362873======
c#.日期时间.DateTime.txt

======2017-09-08 09:48:20.373873======
C#.替换.字符.C#特殊字符过滤函数.txt

======2017-09-08 09:48:20.443873======
C#.格式化字符串.货币.时间.数字.各种进制.科学型.String.Format.{0N2} {0D2} {0C2}.txt

======2017-09-08 09:48:20.454873======
C#.正则.过滤掉双大括号以及之间的内容.过滤书签.daxtra解析内容中的书签替换.txt

======2017-09-08 09:48:20.457873======
C#.正则匹配简历编号.jun.careerintlinc.txt

======2017-09-08 09:48:20.460873======
C#.注释.comment.规范.txt

======2017-09-08 09:48:20.462873======
C#.注释.comment.规范.zhushi.guifan..txt

======2017-09-08 09:48:20.472873======
C#.流文件Stream和byte字节数组的转化.txt

======2017-09-08 09:48:20.476873======
C#.特殊字符转义方法.转义字符串中所有正则特殊字符.txt

======2017-09-08 09:48:20.478873======
c#.生成特殊符号.用户无法输入.txt

======2017-09-08 09:48:20.481873======
C#.线程.休眠3秒钟.Thread.Sleep(3).txt

======2017-09-08 09:48:20.483873======
C#.缓存操作类.cs.txt

======2017-09-08 09:48:20.486873======
C#.缓存相关的操作类.DataCache.cs.txt

======2017-09-08 09:48:20.488873======
C#.获取.物理路径.全路径中的文件名.文件纯路径.txt

======2017-09-08 09:48:20.496873======
C#.获取随机数.txt

======2017-09-08 09:48:20.821873======
C#.解析xml串.获取.每一个元素的值.txt

======2017-09-08 09:48:20.828873======
c#.读取FileUpLoad的流.io.txt

======2017-09-08 09:48:20.831873======
C#.转义.字符.简介..txt

======2017-09-08 09:48:20.834873======
c#.递归.1 1 2 3 5 8 13.interview.面试.txt

======2017-09-08 09:48:20.836873======
c#.通过反射.Reflection.获得方法的调用者的调用者的类名ClassName.方法名.MethodName.jun.txt

======2017-09-08 09:48:20.839873======
C#.随机生成验证码.txt

======2017-09-08 09:48:20.841873======
c#.随机码Random.Next.Validate.Check.验证.噪音线.干扰线.jun.cs.txt

======2017-09-08 09:48:20.844873======
C#DateTime.To.long.日期时间型转化长整形.txt

======2017-09-08 09:48:20.846873======
C#TimeSpan.txt

======2017-09-08 09:48:21.182873======
C#上一级物理路径.txt

======2017-09-08 09:48:21.184873======
C#不存在文件夹就新建.txt

======2017-09-08 09:48:21.193873======
C#中foreach获取index.txt

======2017-09-08 09:48:21.232873======
C#几种截取字符串的方法小结.txt

======2017-09-08 09:48:21.269873======
C#判断是否连网.txt

======2017-09-08 09:48:21.271873======
C#动态加载CSS.txt

======2017-09-08 09:48:21.273873======
C#基础-获得当前程序的 空间名.类名.方法名  .txt

======2017-09-08 09:48:21.313873======
C#字符串包含.txt

======2017-09-08 09:48:21.315873======
C#将文件转化为字节数组byte[].txt

======2017-09-08 09:48:21.325873======
C#常用正则表达式,验证邮箱URL电话号码等.txt

======2017-09-08 09:48:21.327873======
C#怎么将byte[]存入到数据库.txt

======2017-09-08 09:48:21.330873======
c#执行CMD命令.txt

======2017-09-08 09:48:21.335873======
C#操作txt.txt

======2017-09-08 09:48:21.338873======
C#操作word.书签替换.遍历工作经验.设置字体等.txt

======2017-09-08 09:48:21.344873======
C#操作xml.From百度知道.jun.txt

======2017-09-08 09:48:21.347873======
C#时间.年月日时分秒.生产随机码.txt

======2017-09-08 09:48:21.350873======
C#根据当前时间获取，本周，本月，本季度等时间段.txt

======2017-09-08 09:48:21.352873======
C#格式化Json数据.Format.jun.txt

======2017-09-08 09:48:21.356873======
C#模拟http 发送post或get请求.txt

======2017-09-08 09:48:21.444873======
C#生成随机验证码.txt

======2017-09-08 09:48:21.446873======
C#编程提取文件名时如何去掉后缀.txt

======2017-09-08 09:48:21.449873======
C#获取IP.mac.硬盘.主板.cpu等等信息.jun.txt

======2017-09-08 09:48:21.451873======
C#获取当前应用程序的路径.txt

======2017-09-08 09:48:21.455873======
C#获得客户端的IP,主机名 获取当前时间 .txt

======2017-09-08 09:48:21.497873======
C#读取PDF文件的文本txt.PDFBox-0.7.3.jun.txt

======2017-09-08 09:48:21.500873======
C#读取Xml文件.txt

======2017-09-08 09:48:21.502873======
C#读取日志文件.读取文本文件方法.txt

======2017-09-08 09:48:21.508873======
C#读取邮件.cs.txt

======2017-09-08 09:48:21.512873======
C#调用C++DLL实例.txt

======2017-09-08 09:48:21.515873======
C#调用线点逻辑.jun.txt

======2017-09-08 09:48:21.517873======
C#跳出foreach循环.txt

======2017-09-08 09:48:21.519873======
C#连接字符串.txt

======2017-09-08 09:48:21.522873======
Cache读取和写入.txt

======2017-09-08 09:48:21.643873======
Career.清除Operates.HR部门MyCandidate的数据.假删除.txt

======2017-09-08 09:48:21.645873======
Careerintlinc.电话会议.net.metting.txt

======2017-09-08 09:48:21.654873======
CC30天保护.txt

======2017-09-08 09:48:21.731873======
checkboxlist.setvalue.设置值.asp.net.txt

======2017-09-08 09:48:21.733873======
ChinaCareer.careerintlinc.公司人才网.网站的一些说明.txt

======2017-09-08 09:48:21.737873======
ChineseCode.cs.txt

======2017-09-08 09:48:21.741873======
chrome 命令.google浏览器高级应用.txt

======2017-09-08 09:48:21.743873======
chrome浏览器自身的DNS缓存.txt

======2017-09-08 09:48:21.898873======
CMD.命令.启动.start.重启.reset.IIS.txt

======2017-09-08 09:48:22.021873======
computer.Batch.Clear.clean.清理电脑垃圾的批处理说明.txt

======2017-09-08 09:48:22.023873======
computer.Batch.删除指定文件夹下的指定文件.批处理(超级资源管理器功能.jun测试过).bat.txt

======2017-09-08 09:48:22.025873======
computer.Batch.删除指定文件夹下的指定文件.批处理(超级资源管理器功能.jun测试过).txt

======2017-09-08 09:48:22.030873======
computer.dell.config.我的笔记本.配置.详细报表.txt

======2017-09-08 09:48:22.032873======
computer.regedit.usbstor.禁用.启用.usb.txt

======2017-09-08 09:48:22.034873======
computer.regedit.usb无法访问 拒绝访问 怎么办.txt

======2017-09-08 09:48:22.191873======
computer.win8各种版本下载地址.txt

======2017-09-08 09:48:22.193873======
computer.定时关机.bat.txt

======2017-09-08 09:48:22.269873======
ConfigBase.cs.txt

======2017-09-08 09:48:22.271873======
ConfigHelper.cs.配置管理.txt

======2017-09-08 09:48:22.275873======
ConvertUtil.cs.txt

======2017-09-08 09:48:22.278873======
Cookie(状态保持)(ASP.NET).txt

======2017-09-08 09:48:22.281873======
cookie登陆判断.txt

======2017-09-08 09:48:22.283873======
CRUD.百度百科.txt

======2017-09-08 09:48:22.285873======
css.!important.Selector.txt

======2017-09-08 09:48:22.323873======
css.border.radius.圆角边框.txt

======2017-09-08 09:48:22.326873======
CSS.border.style.属性.txt

======2017-09-08 09:48:22.328873======
CSS.Div+CSS代替table.txt

======2017-09-08 09:48:22.403873======
css.english.英文中常用字体.font.txt

======2017-09-08 09:48:22.406873======
css.font-family.微软雅黑.txt

======2017-09-08 09:48:22.409873======
css.font.字体.txt

======2017-09-08 09:48:22.412873======
css.font.字体.样式.大小.行间距.字间距.词间距.txt

======2017-09-08 09:48:22.414873======
css.opacity.alpha.filter.半透明.鼠标放在.图片上.出现.图片.变亮.txt

======2017-09-08 09:48:22.421873======
css.table不换行.txt

======2017-09-08 09:48:22.423873======
CSS.ul-li代替table.txt

======2017-09-08 09:48:22.426873======
css.ul.li.a.横排.txt

======2017-09-08 09:48:22.432873======
CSS.层叠样式表.规范.txt

======2017-09-08 09:48:22.435873======
css.底部任务条.固定于页面底部.来自禅道.txt

======2017-09-08 09:48:22.438873======
css.强制换行.txt

======2017-09-08 09:48:22.515873======
CSS.更好的组织css结构.txt

======2017-09-08 09:48:22.555873======
CSS.简单的纯CSS Tooltip.txt

======2017-09-08 09:48:22.557873======
CSS.纯Css气泡箭头特效，采用css3的语言框效果.html.txt

======2017-09-08 09:48:22.597873======
CSS.重置.Reset CSS.txt

======2017-09-08 09:48:22.600873======
CSS.重设基本样式.txt

======2017-09-08 09:48:22.602873======
css.高级用法.txt

======2017-09-08 09:48:22.604873======
css3.background.txt

======2017-09-08 09:48:22.644873======
css中font-size的单位有px、em、pt，请问哪个最好.txt

======2017-09-08 09:48:22.683873======
CSS变量和预处理器变量的差异.txt

======2017-09-08 09:48:22.722873======
css设置按钮位置居中.txt

======2017-09-08 09:48:22.725873======
CSS超出部分隐藏.text-overflow.ellipsis.截取.省略号代替.txt

======2017-09-08 09:48:22.727873======
CTS.Advanced.Search.Permission.role.高级搜索权限.2017年7月25日.txt

======2017-09-08 09:48:22.729873======
CTS.CVFuncion.IndustryType.JobType.职能.行业.zhineng.hangye.txt

======2017-09-08 09:48:22.731873======
cts.db.sql.语句.团队已推荐候选人.txt

======2017-09-08 09:48:22.733873======
CTS.product.dictionary.字典获取.txt

======2017-09-08 09:48:22.735873======
cts.product.email.capture.db.flow.邮件捕获入库流程.txt

======2017-09-08 09:48:22.738873======
CTS.候选人推荐到职位程序迁移.txt

======2017-09-08 09:48:22.740873======
CTS.增强版.企业版.Enterprise.备份.backup..清理数据.truncate.收缩数据库.shrink.txt

======2017-09-08 09:48:22.742873======
cts.导出我的候选人sql.带有最新一条Comments.outer apply.cvevent..txt

======2017-09-08 09:48:22.744873======
CTS.搜索传过去的json字符串参数.txt

======2017-09-08 09:48:24.728873======
CTS.文件下载.download.虚拟目录.txt

======2017-09-08 09:48:24.732873======
CTS.正式.Web.config.txt

======2017-09-08 09:48:24.734873======
CTS服务器上的备份方案T-sql.每次备份成功删除上次备份.jun.txt

======2017-09-08 09:48:24.736873======
CTS的用到的回调函数.jun.txt

======2017-09-08 09:48:24.739873======
CV 数据库结构.简历解析数据库.Resume.htm.txt

======2017-09-08 09:48:24.742873======
CVOwner新加了一个表.sql.txt

======2017-09-08 09:48:24.744873======
CVSearch.添加了两个字段.2015年1月15日170428.txt

======2017-09-08 09:48:24.863873======
Dapper.SqlMapperUtil.junstested(crud.增删改查).轻量级.ORM.基于ado.net - 副本.txt

======2017-09-08 09:48:24.865873======
Dapper.transaction.事务.txt

======2017-09-08 09:48:24.867873======
Dapper.查询数量.Count.txt

======2017-09-08 09:48:24.869873======
dapper.获取最后插入的自增列的值.indextity.jun.txt

======2017-09-08 09:48:24.947873======
DataContract] [DataMember] 需要添加引用程序集System.Runtime.Serialization.txt

======2017-09-08 09:48:24.949873======
DataList.txt

======2017-09-08 09:48:24.952873======
DataList嵌套.txt

======2017-09-08 09:48:24.955873======
DataList嵌套DataList(实体类传递).txt

======2017-09-08 09:48:24.957873======
Datatable.foreach.datarow. 循环.遍历.txt

======2017-09-08 09:48:24.959873======
datatable.to.json.lyn给我的.mofiy写的.txt

======2017-09-08 09:48:24.961873======
Datatable.To.List.txt

======2017-09-08 09:48:24.963873======
DataTable.txt

======2017-09-08 09:48:24.966873======
DateTime.Now.DayOfWeek.星期.txt

======2017-09-08 09:48:24.968873======
DateTimeFormat.日期格式化.将2011092012格式化成标准日期格式.riqigeshihua.txt

======2017-09-08 09:48:24.975873======
DateTimeUtil.cs.txt

======2017-09-08 09:48:24.980873======
DaxtraSmartParse(CV简历解析为xml调用程序).asp.txt

======2017-09-08 09:48:24.983873======
db.abc.数据库连接串.con.connection.String.config.配置.peizhi.txt

======2017-09-08 09:48:24.985873======
db.abc.数据库连接串.con.connection.String.config.配置.txt

======2017-09-08 09:48:24.989873======
db.Access.helper.txt

======2017-09-08 09:48:24.992873======
db.AccessHelper.txt

======2017-09-08 09:48:24.994873======
db.Access链接串.txt

======2017-09-08 09:48:24.997873======
DB.DataBase.ACCESS的连接打开及数据更新.txt

======2017-09-08 09:48:25.037873======
db.database.sqlserver的备份与恢复.From.backup.jun.sql.txt

======2017-09-08 09:48:25.039873======
DB.DataBase.上传图片到数据库中并显示出来.txt

======2017-09-08 09:48:25.118873======
DB.DataBase.从数据库中删除数据代码.txt

======2017-09-08 09:48:25.120873======
DB.DataBase.取数据库中的记录数.txt

======2017-09-08 09:48:25.123873======
DB.DataBase.向数据库中更新数据代码.txt

======2017-09-08 09:48:25.125873======
DB.DataBase.在数据库中插入数据代码.txt

======2017-09-08 09:48:25.164873======
DB.DataBase.实现省市连动.txt

======2017-09-08 09:48:25.166873======
DB.DataBase.把Excel文件中的数据读入到DataGrid中.txt

======2017-09-08 09:48:25.169873======
DB.DataBase.把exele文件中数据导入到sql中.txt

======2017-09-08 09:48:25.171873======
DB.DataBase.把图片的虚拟地址保存到数据库中.txt

======2017-09-08 09:48:25.173873======
DB.DataBase.把数据库中的字段输出到控件上.txt

======2017-09-08 09:48:25.176873======
DB.DataBase.更新数据库信息.txt

======2017-09-08 09:48:25.178873======
DB.DataBase.查询最近n天的记录.txt

======2017-09-08 09:48:25.180873======
DB.DataBase.绑定datagide.txt

======2017-09-08 09:48:25.182873======
DB.DataBase.网页中显示图片并传id到特定页面还可以显示默认图片.txt

======2017-09-08 09:48:25.218873======
DB.DataBase.连接ACCESS数据库.txt

======2017-09-08 09:48:25.221873======
db.From.志辰.txt

======2017-09-08 09:48:25.224873======
db.sql.backup.jun.周期性备份数据库代码(自动删除原备份文件).txt

======2017-09-08 09:48:25.227873======
db.sql.backup.jun.我测试过.最推荐使用.txt

======2017-09-08 09:48:25.230873======
db.sql.backup.jun.数据库批量备份存储过程(判断盘符、路径，错误盘符返回，不存在的路径自动创建) .txt

======2017-09-08 09:48:25.232873======
db.sql.case.when.then.olcc.txt

======2017-09-08 09:48:25.234873======
db.sql.jun.如何批量删除前缀相同的表数据.txt

======2017-09-08 09:48:25.314873======
db.sql.sqlserver.replace.去掉空格&匹配有空格的字段.txt

======2017-09-08 09:48:25.316873======
DB.SQL.替换SQL特殊字符.txt

======2017-09-08 09:48:25.357873======
db.sqlserver.导入大脚本.sql.cmd.txt

======2017-09-08 09:48:25.360873======
db.大全.From.志辰.全部都是已测试的.txt

======2017-09-08 09:48:25.402873======
DBHelper.cs.txt

======2017-09-08 09:48:25.405873======
DBHelper最简单版.txt

======2017-09-08 09:48:25.408873======
DebugLogger.cs.txt

======2017-09-08 09:48:25.523873======
Drupal是使用PHP语言编写的开源内容管理框架（CMF），它由内容管理系统（CMS）.txt

======2017-09-08 09:48:25.528873======
DTcms V1.0 在线帮助中心.txt

======2017-09-08 09:48:25.530873======
Easyui 1.2.4+jQuery1.6.4 Dialog控件cache属性失效解决方案.测试过可用.jun.txt

======2017-09-08 09:48:25.533873======
EF4.0和EF5.0增删改查的写法区别及执行Sql的方法.txt

======2017-09-08 09:48:25.536873======
EF5(entity.framework)helper.实体框架.帮助类.txt

======2017-09-08 09:48:25.573873======
email记录.ufh.united.family.hospital.和睦家医院.txt

======2017-09-08 09:48:25.889873======
employeesposition.higntech.txt

======2017-09-08 09:48:25.895873======
employeesposition.n+10.txt

======2017-09-08 09:48:25.897873======
Employees表中添加了一条数据dax_master.txt

======2017-09-08 09:48:25.983873======
encyclopedia.Adobe Audition.txt

======2017-09-08 09:48:25.985873======
encyclopedia.Bit.B.KB.MB.GB.TB.PB.EB.ZB.YB.NB.DB.比特,千比特,百万比特,兆比特.txt

======2017-09-08 09:48:25.987873======
encyclopedia.crud.增删改查.txt

======2017-09-08 09:48:26.182873======
encyclopedia.树欲静而风不止，子欲养而亲不待.txt

======2017-09-08 09:48:36.881873======
ERP.ApplyJob.求职.推送到ERP中的表.txt

======2017-09-08 09:48:42.295873======
ERP.查询所有顾问（包括在职和离职的）组织和详情.sql.txt

======2017-09-08 09:48:42.297873======
Everything.文件搜索.search.技巧.支持.布尔表达式.正则表达式.txt

======2017-09-08 09:48:42.355873======
example.js.javascript.jquery.文本框输入文字后提示语消失特效-懒人图库.htm.txt

======2017-09-08 09:48:42.358873======
example.js.javascript.用JS实现的radio图片选择按钮效果-懒人图库.htm.txt

======2017-09-08 09:48:42.397873======
FileUpload.txt

======2017-09-08 09:48:42.406873======
FileUtil.cs.txt

======2017-09-08 09:48:42.409873======
filterConfig.重写OnActionExecuting.记录日志.txt

======2017-09-08 09:48:42.517873======
Flexigrid.cs.txt

======2017-09-08 09:48:42.527873======
FormatToJson.cs.List.To.Json.txt

======2017-09-08 09:48:42.605873======
fullcalendar.24小时制.txt

======2017-09-08 09:48:42.608873======
fullcalendar.formatDate.自带的日期时间格式化函数.txt

======2017-09-08 09:48:42.610873======
fullcalendar.基本使用.中文.汉化.txt

======2017-09-08 09:48:42.613873======
GIS.地理信息系统.txt

======2017-09-08 09:48:42.616873======
Global定时器.定时发送短信.timer.txt

======2017-09-08 09:48:42.624873======
GMT时间转成本地时间.世界时UT即格林尼治平太阳时间.C#.txt

======2017-09-08 09:48:42.668873======
gridView.Style样式.txt

======2017-09-08 09:48:42.678873======
gridView.Style样式2.txt

======2017-09-08 09:48:42.681873======
gridView.Style样式3.txt

======2017-09-08 09:48:42.720873======
GridView与CheckBox一次配合删除多项.txt

======2017-09-08 09:48:42.723873======
ha.txt

======2017-09-08 09:48:42.726873======
hero(Mariah Carey)中文歌词.txt

======2017-09-08 09:48:42.729873======
Hibole.金略数据库.jinlueshujuku.database.db.txt

======2017-09-08 09:48:42.731873======
HouseUtil.cs.txt

======2017-09-08 09:48:42.734873======
HRM=Human Resource Manager.人力资源经理.txt

======2017-09-08 09:48:42.736873======
HRMJDCONTACTINFO.Career.ERP. 职位统计.sql.Position.Static.DATEDIFF.对比时间.date.time.txt

======2017-09-08 09:48:42.738873======
html encode.txt

======2017-09-08 09:48:42.741873======
html.color.css.配色舒服的样式.html.txt

======2017-09-08 09:48:42.747873======
html.css.a.tab.纯css实现.选项卡效果.锚链接原来可以这么.htm.txt

======2017-09-08 09:48:42.749873======
html.css.a.tab.纯css实现.选项卡效果.锚链接原来可以这么用.htm.txt

======2017-09-08 09:48:43.212873======
html.css.ie.判断.ie6.ie7.ie8.ie9.compatible.broswer.浏览器.liulanqi.兼容.jianrong.txt

======2017-09-08 09:48:43.214873======
html.css.javascript.menu.菜单.caidan.html.txt

======2017-09-08 09:48:43.217873======
html.css.javascript.picture.image.photo.change.图片轮播.tupianlunbo.html.txt

======2017-09-08 09:48:43.226873======
html.css.table.表格边框设置.txt

======2017-09-08 09:48:43.228873======
html.css.ul.li.list.style.position.txt

======2017-09-08 09:48:43.236873======
html.css.ul.li.style.txt

======2017-09-08 09:48:43.239873======
html.css.ul.li.style.样式.txt

======2017-09-08 09:48:43.288873======
html.fieldset.legend.txt

======2017-09-08 09:48:43.326873======
html.mailto.邮件链接.txt

======2017-09-08 09:48:43.329873======
html.option.select.selected.下拉列表.xialaliebiao.txt

======2017-09-08 09:48:43.331873======
html.option.select.彩色下拉框.style=color.txt

======2017-09-08 09:48:43.333873======
html.option.selected.style.width.下拉列表宽度.txt

======2017-09-08 09:48:43.341873======
html.selected.style.width.下拉列表宽度.txt

======2017-09-08 09:48:43.380873======
html.网页.ico.浏览器.选项卡.logo.图标.txt

======2017-09-08 09:48:43.465873======
html中怎么去掉input获取焦点时候的边框.outline.none.txt

======2017-09-08 09:48:43.468873======
HTML实体与网页编码.txt

======2017-09-08 09:48:43.569873======
HTTP 错误 500.21 - Internal Server Error PageHandlerFactory-Integrated.txt

======2017-09-08 09:48:43.861873======
iframe去掉横向滚动条 .txt

======2017-09-08 09:48:43.869873======
IIS7错误不能在此路径中使用此配置节。如果在父级别上锁定了该节，便会出现这种情况。锁定是默认设置的(overrideModeDefault=Deny)..txt

======2017-09-08 09:48:43.884873======
input file 完美变身.改变原有的风格.jun.career候选人管理系统.上传简历用的.txt

======2017-09-08 09:48:43.931873======
InputHelper.readme.txt

======2017-09-08 09:48:43.934873======
InsertIntoUser.txt

======2017-09-08 09:48:43.936873======
int.long.max.最大长度.length.txt

======2017-09-08 09:48:43.939873======
IO.File.从text文件中读取数据到控件中.txt

======2017-09-08 09:48:43.941873======
IO.File.向数据文件中写入数据.txt

======2017-09-08 09:48:43.949873======
IO.File.文件上传代码C#版.txt

======2017-09-08 09:48:43.951873======
IO.File.文件上传到服务器中并保存到数据库中.txt

======2017-09-08 09:48:43.953873======
jauery.获取表单所有数据.get form all data.txt

======2017-09-08 09:48:43.995873======
Java 开发环境配置.环境变量.jun.txt

======2017-09-08 09:48:44.041873======
javascript(URL).txt

======2017-09-08 09:48:44.044873======
javascript.jquery.打印出.print.json对象.JSON.stringify.jun.txt

======2017-09-08 09:48:44.047873======
javascript.jquery.获得地址栏参数的值.txt

======2017-09-08 09:48:44.054873======
javascript.js.(node.js).txt

======2017-09-08 09:48:44.056873======
javascript.js.change.skin.换肤.更换CSS.txt

======2017-09-08 09:48:44.059873======
javascript.js.jquery.简单拼接字符串.jun.txt

======2017-09-08 09:48:44.061873======
javascript.js.jquery.获取img中src的值.txt

======2017-09-08 09:48:44.063873======
Javascript.js.jquery.获取页面iframe内页面元素.txt

======2017-09-08 09:48:44.151873======
javascript.js.typeof.emample.txt

======2017-09-08 09:48:44.154873======
javascript.js.validate.howToUse.txt

======2017-09-08 09:48:44.158873======
javascript.js.validate.script.txt

======2017-09-08 09:48:44.161873======
javascript.js.window.open打开新窗口，不被拦截的方法。.txt

======2017-09-08 09:48:44.200873======
javascript.js.关闭窗口代码.txt

======2017-09-08 09:48:44.203873======
javascript.js.判断是否包含字符串.indexOf.txt

======2017-09-08 09:48:44.205873======
Javascript.js.刷新页面的几种方法  .txt

======2017-09-08 09:48:44.213873======
javascript.js.取出空格.txt

======2017-09-08 09:48:44.215873======
javascript.js.在保存前弹出一个“确定与否”的窗口，如是，则保存，如否则不保存？.txt

======2017-09-08 09:48:44.218873======
javascript.js.地址栏传值.问号和and.判断.txt

======2017-09-08 09:48:44.256873======
javascript.js.弹出提示框.txt

======2017-09-08 09:48:44.259873======
javascript.js.提示框无刷新.txt

======2017-09-08 09:48:44.261873======
javascript.js.提示错误后转到一个页面代码.txt

======2017-09-08 09:48:44.265873======
javascript.js.测试浏览器.txt

======2017-09-08 09:48:44.267873======
javascript.js.清空文本值.txt

======2017-09-08 09:48:44.269873======
javascript.js.用javascript 实现回车登陆.txt

======2017-09-08 09:48:44.309873======
javascript.js.限定时间跳转).txt

======2017-09-08 09:48:44.312873======
javascript.Json串到json对象.字符串.String.to. json.jun.txt

======2017-09-08 09:48:44.317873======
javascript.parseInt.txt

======2017-09-08 09:48:44.320873======
javascript.prepend(append到最前面).jun.txt

======2017-09-08 09:48:44.322873======
javascript.页面跳转的几种方法.txt

======2017-09-08 09:48:44.325873======
javascript.飘窗广告.txt

======2017-09-08 09:48:44.378873======
javascript中console.log()用法.txt

======2017-09-08 09:48:44.380873======
javascript判断两个日期是否相等.txt

======2017-09-08 09:48:44.396873======
JavaScript实现的中国省市县三级联动下拉列表框例子.txt

======2017-09-08 09:48:44.398873======
Java日期转化的长类型.javascript转化为日期类型.txt

======2017-09-08 09:48:44.400873======
jeDate.jquery日期时间选择插件.简单调用.jun.txt

======2017-09-08 09:48:44.528873======
Joke.名言名句赏析大全.txt

======2017-09-08 09:48:44.567873======
JQquery.滚动显示消息.新闻.txt

======2017-09-08 09:48:44.570873======
JQquery.调试方法.debug.jun.有待改进.txt

======2017-09-08 09:48:44.574873======
jquary.ajax.farm.jun.txt

======2017-09-08 09:48:44.577873======
jquery each 和for怎么跳出循环终止本次循环.txt

======2017-09-08 09:48:44.579873======
jquery easyui datagrid 添加超链接.txt

======2017-09-08 09:48:44.581873======
jQuery focus()事件 获取焦点事件.txt

======2017-09-08 09:48:44.620873======
jquery 多个按钮的单击事件如何调用一个函数来处理.txt

======2017-09-08 09:48:44.622873======
jquery 控制 input disabled.txt

======2017-09-08 09:48:44.663873======
jquery.ajax.timeout.超时.txt

======2017-09-08 09:48:44.668873======
Jquery.ajax.txt

======2017-09-08 09:48:44.675873======
jquery.ajax.详解.txt

======2017-09-08 09:48:44.678873======
jquery.ajax.调用远程地址.txt

======2017-09-08 09:48:44.680873======
jquery.ajaxSubmit(异步提交表单).txt

======2017-09-08 09:48:44.683873======
jquery.ajaxSubmit详解.txt

======2017-09-08 09:48:44.725873======
jquery.autocomplete.career.candidatesystem.jun.txt

======2017-09-08 09:48:44.728873======
JQuery.blinkTitle.标题闪烁.新消息.message.txt

======2017-09-08 09:48:44.730873======
jquery.Bootstrap的工具提示（Tooltip）.txt

======2017-09-08 09:48:44.735873======
jquery.contextify.js.txt

======2017-09-08 09:48:44.775873======
Jquery.display.none.判断元素是否隐藏is.hidden.txt

======2017-09-08 09:48:44.786873======
jquery.easy.ui.dialog.jun.txt

======2017-09-08 09:48:44.789873======
jquery.easy.ui.json.demo.txt

======2017-09-08 09:48:44.792873======
jQuery.easyui.datagrid.jun.txt

======2017-09-08 09:48:44.794873======
JQuery.form.forbid.submit.表单.阻止.提交.txt

======2017-09-08 09:48:44.796873======
jquery.form.submit. 阻止提交.txt

======2017-09-08 09:48:44.798873======
jquery.get(0)..txt

======2017-09-08 09:48:44.841873======
jquery.iframe.子窗体操作父窗体中的元素 .txt

======2017-09-08 09:48:44.844873======
Jquery.intro（ 页面引导简单用法 分享）.txt

======2017-09-08 09:48:44.847873======
jquery.js.javascript.picture.hover图片展示.鼠标移上去显示大图片.txt

======2017-09-08 09:48:44.850873======
jquery.js.javascript.picture.hover图片展示.鼠标移上去显示大图片.占位符.jun改良.txt

======2017-09-08 09:48:44.852873======
jquery.js.禁用input.select.textarea.disabled.txt

======2017-09-08 09:49:06.671873======
jquery.raty.评分.默认参数.txt

======2017-09-08 09:49:06.764873======
jquery.Validate 验证总结.jun.txt

======2017-09-08 09:49:06.768873======
jquery.validate.extendmethod.js.自己写的扩展验证方便.jun.txt

======2017-09-08 09:49:06.770873======
jquery.z-tree.树级联选择.开关.autoCheckTrigger.txt

======2017-09-08 09:49:06.772873======
JQuery.入门.diy.txt

======2017-09-08 09:49:06.774873======
jquery.判断设备.txt

======2017-09-08 09:49:06.783873======
jQuery.封装.Validate.扩展验证方法.fromcnblogs.txt

======2017-09-08 09:49:06.786873======
jquery.插件.右下角弹窗.弹框.txt

======2017-09-08 09:49:06.789873======
jquery.气泡.鼠标移过气泡显示.手写的非插件.txt

======2017-09-08 09:49:06.791873======
jquery.滚动显示消息.新闻.txt

======2017-09-08 09:49:06.830873======
jquery.的.each().详细介绍2.txt

======2017-09-08 09:49:06.833873======
JQuery.禁止复制.forbid.copy.txt

======2017-09-08 09:49:06.835873======
jquery.禁止复制.jun.txt

======2017-09-08 09:49:06.838873======
jquery.调试方法.debug.jun.有待改进.txt

======2017-09-08 09:49:06.876873======
jQuery取得select选择的文本与值.txt

======2017-09-08 09:49:06.878873======
JQuery和document之间相互转换.txt

======2017-09-08 09:49:06.881873======
jquery如何判断checkbox（复选框）是否被选中.txt

======2017-09-08 09:49:06.883873======
jQuery如何获取选中单选按钮radio的值.txt

======2017-09-08 09:49:06.885873======
jquery子窗体操作父窗体中的元素.txt

======2017-09-08 09:49:06.943873======
jquery怎么判断checkbox是否选中 .txt

======2017-09-08 09:49:06.946873======
Jquery怎么获取select选中项 自定义属性的值.txt

======2017-09-08 09:49:06.948873======
jQuery打造动态渐变按钮.txt

======2017-09-08 09:49:07.197873======
js.change.table.color.隔行变色.olcc.html.txt

======2017-09-08 09:49:07.203873======
js.console.log.公共调试方法.common.method.txt

======2017-09-08 09:49:07.247873======
js.hasClass.怎么使用jquery判断一个元素是否含有一个指定的类（class）.txt

======2017-09-08 09:49:07.250873======
js.javascript.ajax.原版.miaoV.diy.js.txt

======2017-09-08 09:49:07.252873======
js.javascript.asp.net.upload.file.upload.上传文件.fakepath.txt

======2017-09-08 09:49:07.255873======
js.javascript.bindC#.js中绑定C#中数据.txt

======2017-09-08 09:49:07.258873======
JS.javascript.change.table.color.隔行变色.olcc.html.txt

======2017-09-08 09:49:07.260873======
js.javascript.checkAll.checkbox.全选.MiaoV.htm.txt

======2017-09-08 09:49:07.262873======
js.javascript.checkall.全选.olcc.html.txt

======2017-09-08 09:49:07.270873======
js.javascript.childNodes.nodeType.children.DOM.子节点.txt

======2017-09-08 09:49:07.273873======
Js.javascript.Comment.注释.规范.txt

======2017-09-08 09:49:07.276873======
js.javascript.common.通用库.tongyong.ku.txt

======2017-09-08 09:49:07.315873======
Js.javascript.cookie结合拖拽.MiaoV.txt

======2017-09-08 09:49:07.318873======
js.javascript.copy.复制.txt

======2017-09-08 09:49:07.323873======
js.javascript.css.html.picture.img.auto.scroll.图片轮播.html.txt

======2017-09-08 09:49:07.326873======
js.javascript.css.半透明.opacity.alpha.filter.bantouming.touming.lvjing.txt

======2017-09-08 09:49:07.328873======
js.javascript.css.半透明.opacity.alpha.filter.txt

======2017-09-08 09:49:07.336873======
js.javascript.date.time.week.农历.公历.阴历.阳历.星期.html.txt

======2017-09-08 09:49:07.339873======
Js.javascript.div变宽.MiaoV.txt

======2017-09-08 09:49:07.344873======
js.javascript.dom.创建LI.createElement.insertBefore.html.txt

======2017-09-08 09:49:07.346873======
js.javascript.escape..txt

======2017-09-08 09:49:07.349873======
js.javascript.firstElement.ChildfirstChild.lastChild.lastElementChild.第一个.最后一个.子节点.兼容版.miaoV.txt

======2017-09-08 09:49:07.353873======
js.javascript.goTop.toTop.回到顶部.timer.scroll.miaoV.txt

======2017-09-08 09:49:07.438873======
js.javascript.jquery.size().length.txt

======2017-09-08 09:49:07.442873======
js.javascript.move.div变宽.多物体运动.txt

======2017-09-08 09:49:07.444873======
js.javascript.move.opacity.filter.匀速运动.淡入淡出.图片.miaoV.txt

======2017-09-08 09:49:07.453873======
Js.javascript.move.匀速运动.分享到.侧边栏广告.MiaoV.txt

======2017-09-08 09:49:07.456873======
js.javascript.move.多个div淡入淡出.txt

======2017-09-08 09:49:07.458873======
js.javascript.move.弹性运动+摩擦运动.txt

======2017-09-08 09:49:07.461873======
js.javascript.move.弹性运动.txt

======2017-09-08 09:49:07.463873======
js.javascript.move.浮动.客服.QQ.侧边栏.缓冲运动.miaoV.txt

======2017-09-08 09:49:07.466873======
js.javascript.move.缓冲运动.miaoV.txt

======2017-09-08 09:49:07.468873======
js.javascript.named.命名规范.匈牙利命名法+camel.miaoV.txt

======2017-09-08 09:49:07.470873======
js.javascript.null.undefined.typeof.txt

======2017-09-08 09:49:07.472873======
js.javascript.oop.prototype.inherit.继承.面向对象..jicheng.miaoV.html.txt

======2017-09-08 09:49:07.475873======
js.javascript.oop.prototype.拖拽.tuozhuai.MiaoV.html.txt

======2017-09-08 09:49:07.518873======
js.javascript.oop.构造函数.miaoV.txt

======2017-09-08 09:49:07.521873======
js.javascript.parentNode.DOM.父节点.txt

======2017-09-08 09:49:07.529873======
js.javascript.random.获得随即数.txt

======2017-09-08 09:49:07.532873======
js.javascript.scroll.div.move.侧边栏广告.miaoV.txt

======2017-09-08 09:49:07.545873======
js.javascript.select.option.todo.txt

======2017-09-08 09:49:07.547873======
js.javascript.setAttribute.设置属性.txt

======2017-09-08 09:49:07.556873======
js.javascript.setcookie.getcookie. 设置获取cookie.txt

======2017-09-08 09:49:07.564873======
js.javascript.setInterval.setTimeout.定时器.开启.关闭.txt

======2017-09-08 09:49:07.604873======
js.javascript.startMove.匀速运动.miaoV.txt

======2017-09-08 09:49:07.607873======
js.javascript.style.currentStyle&getComputedStyle区别介绍.封装getStyle.miaoV.txt

======2017-09-08 09:49:07.609873======
js.javascript.table选中一行变色.txt

======2017-09-08 09:49:07.612873======
js.javascript.trim.去掉空格.prototype.txt

======2017-09-08 09:49:07.650873======
js.javascript.txt

======2017-09-08 09:49:07.760873======
js.javascript.w3c.HTML.DOM.setTimeout().txt

======2017-09-08 09:49:07.836873======
Js.javascript.分享到.MiaoV.txt

======2017-09-08 09:49:07.839873======
js.javascript.分享到.Share.miaoV.htm.txt

======2017-09-08 09:49:07.843873======
js.javascript.判断浏览器.浏览器版本.Using the navigator object to detect client's browser.html.txt

======2017-09-08 09:49:07.846873======
js.javascript.判断浏览器.浏览器版本.Using.the.navigator.object.to.detect.client's.browser.html.txt

======2017-09-08 09:49:07.848873======
Js.javascript.匀速运动.move.MiaoV.txt

======2017-09-08 09:49:07.851873======
js.javascript.占位符.placeholder.jun.txt

======2017-09-08 09:49:07.853873======
js.javascript.变量和属性的区别.方法和函数的区别.oop.面向对象.miaoV.txt

======2017-09-08 09:49:07.855873======
js.javascript.后退.history.go(-1).txt

======2017-09-08 09:49:07.858873======
js.javascript.图片轮播.txt

======2017-09-08 09:49:07.860873======
js.javascript.屏蔽右键菜单.document.oncontextmenu.txt

======2017-09-08 09:49:07.862873======
js.javascript.当前窗口的高和宽.height.width.txt

======2017-09-08 09:49:07.870873======
js.javascript.提示返回不能打开当前页的代码.txt

======2017-09-08 09:49:07.872873======
js.javascript.文档碎片.createDocumentFragment.htm.txt

======2017-09-08 09:49:07.875873======
js.javascript.标点.中文.英文.转换.txt

======2017-09-08 09:49:07.878873======
js.javascript.用array高效率拼接字符串.string.txt

======2017-09-08 09:49:07.957873======
js.javascript.编码.encodeURIComponent.C#.解码.HttpUtility.UrlDecode.txt

======2017-09-08 09:49:07.959873======
js.javascript.自定义右键菜单.document.oncontextmenu.txt

======2017-09-08 09:49:08.041873======
Js.javascript.设置cookie.MiaoV.html.txt

======2017-09-08 09:49:08.043873======
js.javascript.设置首页.加入收藏.from cnblogs.txt

======2017-09-08 09:49:08.046873======
js.javascript.选项卡.tab.MiaoV.html.txt

======2017-09-08 09:49:08.048873======
js.javascript.随机漂浮的标签云.miaoV.html.txt

======2017-09-08 09:49:08.050873======
js.Javascript取float型小数点后两位.txt

======2017-09-08 09:49:08.052873======
js.jquery.checkbox.赋值.fuzhi.复选框.txt

======2017-09-08 09:49:08.126873======
js.jquery.keycode.回车做操作.txt

======2017-09-08 09:49:08.165873======
js.jQuery.radio的取值与赋值.jun.txt

======2017-09-08 09:49:08.168873======
js.jquery.ui.datetimepicker.cts.日期选择.txt

======2017-09-08 09:49:08.170873======
js.jquery.复选框.checkbox的取值和赋值.txt

======2017-09-08 09:49:08.172873======
js.jquery.控制按钮.可用.不可用.ajax提交.disabled.txt

======2017-09-08 09:49:08.180873======
js.jquery.插件.正则.url.地址.获取参数.追加参数.设置参数.Parameter.txt

======2017-09-08 09:49:08.219873======
js.jquery.获取鼠标的位置.pageX.pageY.txt

======2017-09-08 09:49:08.222873======
js.jquery.高度.height.txt

======2017-09-08 09:49:08.225873======
js.jquery判断元素是否存在.txt

======2017-09-08 09:49:08.228873======
js.jquery获取网页的高度和宽度.txt

======2017-09-08 09:49:08.266873======
js.判断字符串长度.真实长度.汉字算两个，英文占一个.txt

======2017-09-08 09:49:08.345873======
js.图片预加载demo.txt

======2017-09-08 09:49:08.348873======
JS.大写.小写.大小写转化.toUpperCase.toLowerCase.txt

======2017-09-08 09:49:08.351873======
js.密码强度提示.颜色条显示.txt

======2017-09-08 09:49:08.390873======
js.日期时间带星期农历.rili.nongli.txt

======2017-09-08 09:49:08.405873======
js.没有封装的日历事件控件.datetimepicker.不支持FireFox.html.txt

======2017-09-08 09:49:08.408873======
js.注释规范.txt

======2017-09-08 09:49:08.412873======
js.获取时间.当前时间.date.datetime.txt

======2017-09-08 09:49:08.431873======
Js.获取本周、上周、本月、上月的开始日期、结束日期.txt

======2017-09-08 09:49:08.479873======
Json.txt

======2017-09-08 09:49:08.482873======
JSONConvert.cs.txt

======2017-09-08 09:49:08.497873======
JsonHelper.jun.cs.txt

======2017-09-08 09:49:08.511873======
JSONhelper.疯狂秀才授权系统.中的common类里面的.cs.txt

======2017-09-08 09:49:08.538873======
JsonResult.Paged.把分页的信息都包含在Json中.txt

======2017-09-08 09:49:08.542873======
jsontest.txt

======2017-09-08 09:49:08.544873======
jsst.指纹录入.操作数据库sql.txt

======2017-09-08 09:49:08.546873======
js中typeof的用法.txt

======2017-09-08 09:49:08.549873======
js取file的真实路径.避免fakepath.txt

======2017-09-08 09:49:08.551873======
js向url中添加参数.add.param.txt

======2017-09-08 09:49:08.590873======
JS截取字符串常用方法详细整理.txt

======2017-09-08 09:49:08.592873======
js禁止粘贴.txt

======2017-09-08 09:49:08.685873======
jun.20130323.购买的空间.138元.junxiao888.com.txt

======2017-09-08 09:49:08.695873======
jun.linkedserver.txt

======2017-09-08 09:49:08.698873======
jun.个人住房公积金查询.txt

======2017-09-08 09:49:08.727873======
junscompanypeople.txt

======2017-09-08 09:49:08.729873======
kevin发过来的.高科技组的接口要求.txt

======2017-09-08 09:49:08.731873======
lamba.and.并且.txt

======2017-09-08 09:49:08.734873======
lambda.linq.SqlFunctions.类型转换.txt

======2017-09-08 09:49:08.736873======
layer.confirm.确认框.txt

======2017-09-08 09:49:08.796873======
layer.msg.操作完成操作父窗体.txt

======2017-09-08 09:49:08.835873======
layer.open关闭触发事件.txt

======2017-09-08 09:49:08.917873======
lhgdialog弹出窗口,load.page.加载一个页面.txt

======2017-09-08 09:49:08.920873======
linux操作lyn告诉我的.txt

======2017-09-08 09:49:08.925873======
loginout.txt

======2017-09-08 09:49:08.928873======
lqyer.open.url.iframe.弹出单端页面.txt

======2017-09-08 09:49:08.932873======
Lucene+nutch搜索引擎开发.txt

======2017-09-08 09:49:08.934873======
Lucene.net.txt

======2017-09-08 09:49:08.937873======
lyric.it's.my.life.txt

======2017-09-08 09:49:08.940873======
lyric.What.Do.You.Got.txt

======2017-09-08 09:49:09.026873======
mapuni.中科宇图.农产品网站.农事无忧.nswy.ns51.txt

======2017-09-08 09:49:09.029873======
marquee.标签属性.跑马灯.txt

======2017-09-08 09:49:09.032873======
MD5.cs.txt

======2017-09-08 09:49:09.041873======
MD5.加密.DES.解密.Security.Encryption.jiami.jiemi.txt

======2017-09-08 09:49:09.043873======
Memcached.ClientLibrary.缓存第三方类库.txt

======2017-09-08 09:49:09.046873======
Metadata.cs.txt

======2017-09-08 09:49:09.052873======
MHTMLParser.cs.txt

======2017-09-08 09:49:09.131873======
MVC action 返回javascriptResult 需要引入的文件是jquery.unobtrusive-ajax.min.js.txt

======2017-09-08 09:49:09.133873======
MVC.DropDownList.juns.txt

======2017-09-08 09:49:09.135873======
MVC.Form.jun.txt

======2017-09-08 09:49:09.137873======
MVC.Html.RadioButtonFor.单选框.jun.txt

======2017-09-08 09:49:09.139873======
mvc.json.entity.model.实体转化成json获取时间问题解决.jun.txt

======2017-09-08 09:49:09.141873======
mvc.json.jsonresult.txt

======2017-09-08 09:49:09.143873======
MVC.ViewBag.Dictionary.传值.jun.txt

======2017-09-08 09:49:09.146873======
MVC.View添加引用,相当于页面using.候选人管理系统中使用.jun.txt

======2017-09-08 09:49:09.148873======
MVC.WdatePicker.Datetime.DateTimePicker.jun.txt

======2017-09-08 09:49:09.156873======
MVC.中UrlParameter.Optional.作用.txt

======2017-09-08 09:49:09.160873======
MVC.设置Bundle.压缩脚本js和样式表css.调试的时候先关闭压缩.txt

======2017-09-08 09:49:09.162873======
MVC3在页面上获取当前控制器名称(current.controller.name)、Action名称以及路由参数.ViewContext.RouteData.Values.jun.txt

======2017-09-08 09:49:09.164873======
mvc4.html.raw.渲染html到页面.txt

======2017-09-08 09:49:09.167873======
MvcPager.dll.MVC.分页.2014年5月4日.jun.txt

======2017-09-08 09:49:09.169873======
MVC修改默认页面.修改路由.txt

======2017-09-08 09:49:09.171873======
MVC局部页.部分页.Partial.jun.txt

======2017-09-08 09:49:09.180873======
MYBBS_DB.txt

======2017-09-08 09:49:09.183873======
mysql.c#.asp.net.ado.参数.MySql.Data.MySqlClient.MySqlParameter.txt

======2017-09-08 09:49:09.185873======
MySql.Data.MySqlClient.MySqlParameter.enum.sqlparameter.类型.txt

======2017-09-08 09:49:09.195873======
MySql.Helper.txt

======2017-09-08 09:49:09.206873======
mysql.sql语句大全.txt

======2017-09-08 09:49:09.209873======
mysql中防止sql注入的模糊查询方法.MySqlParameter.Like.txt

======2017-09-08 09:49:09.212873======
mysql分页.最佳方法.txt

======2017-09-08 09:49:09.215873======
mysql分页limit 优化.txt

======2017-09-08 09:49:09.218873======
Mysql和sqlServer命令比较.txt

======2017-09-08 09:49:09.220873======
Newtonsoft.Json.dll 使用 .txt

======2017-09-08 09:49:09.223873======
Newtonsoft.Json.反序列化.JsonConvert.DeserializeObject.txt

======2017-09-08 09:49:09.234873======
Nginx.高性能的 HTTP 和 反向代理 服务器.txt

======2017-09-08 09:49:09.320873======
Office2010激活码.秘钥.key.txt

======2017-09-08 09:49:09.323873======
olcc.db.connection.txt

======2017-09-08 09:49:09.333873======
OLCC.DB.DOC.2012.05.17.09.03.16.txt

======2017-09-08 09:49:09.336873======
olcc.dba.数据库连接.conn.txt

======2017-09-08 09:49:09.341873======
OleDBHelper.cs.DBUtility.txt

======2017-09-08 09:49:09.427873======
oracle.helper.dbhelper.txt

======2017-09-08 09:49:09.432873======
OracleHelper.cs.DBUtility.txt

======2017-09-08 09:49:09.439873======
ORACLEHELPER.cs文件，比较全，好用 .txt

======2017-09-08 09:49:09.442873======
Page.IsPostBack(ASP.NET).txt

======2017-09-08 09:49:09.444873======
Page指令(ASP.NET).txt

======2017-09-08 09:49:09.447873======
ParamsKey.cs.txt

======2017-09-08 09:49:09.450873======
ParamsKeyList.cs.txt

======2017-09-08 09:49:10.288873======
php 调用c# .NET 写的webservice(亲测通过).txt

======2017-09-08 09:49:10.325873======
php.debug.调试的时候打印出变量.txt

======2017-09-08 09:49:10.327873======
php.table.array.数组.遍历出.表格.txt

======2017-09-08 09:49:10.330873======
php.统计数组中值出现的次数，返回统计的数组.txt

======2017-09-08 09:49:10.332873======
PHP如何调用webservice.txt

======2017-09-08 09:49:10.341873======
PHP调用Webservice实例.txt

======2017-09-08 09:49:10.348873======
PicUpload.txt

======2017-09-08 09:49:10.352873======
pmp.项目管理专业人士资格认证.txt

======2017-09-08 09:49:10.354873======
PO.DTO.DAO.数据持久对象.数据传输对象.数据访问对象.txt

======2017-09-08 09:49:10.393873======
pop3.smtp.Imap.email.setting.常见邮箱.配置.协议.txt

======2017-09-08 09:49:10.430873======
ppi.屏幕分辨率.txt

======2017-09-08 09:49:10.433873======
Proc_Automatch_Add.txt

======2017-09-08 09:49:10.556873======
ps.抠图.文字.logo.txt

======2017-09-08 09:49:10.559873======
ps.索引图片.模式.不能编辑.不能修改.txt

======2017-09-08 09:49:11.199873======
Q&A创建的表2015年1月7日101448.txt

======2017-09-08 09:49:11.201873======
qng.qingniangong.青年宫.艺术节.电影节.jumbotcms.txt

======2017-09-08 09:49:11.204873======
Quartz.Cron.Trigger.表达式.调度任务时间.txt

======2017-09-08 09:49:11.206873======
Quartz.Topshelf.调度台.定时任务.jun.txt

======2017-09-08 09:49:11.279873======
RadioButtonList做选票例子.txt

======2017-09-08 09:49:11.284873======
RandUtil.cs.txt

======2017-09-08 09:49:11.287873======
rds.cts.db.正式数据库.连接串.txt

======2017-09-08 09:49:11.328873======
Regex.C#.正则.txt

======2017-09-08 09:49:11.333873======
Regex.javascript.js正则验证表单(Regex).txt

======2017-09-08 09:49:11.372873======
Regex.js.javascript.regex.正则验证.空格.trim.txt

======2017-09-08 09:49:11.455873======
Release.发布记录.CTS.CC.txt

======2017-09-08 09:49:11.458873======
Release.发布记录.Enterprise.睿聘.ruipin..txt

======2017-09-08 09:49:11.460873======
Repeater嵌套.txt

======2017-09-08 09:49:11.463873======
Repeater嵌套（实体类传递diy）.txt

======2017-09-08 09:49:11.466873======
Retina Display.视网膜.屏幕.txt

======2017-09-08 09:49:11.473873======
ruipin.textarea.height.高度.txt

======2017-09-08 09:49:11.517873======
Ruipin.睿聘.Candidte_File_online(schema.创建数据库结构).txt

======2017-09-08 09:49:11.519873======
ruipin.睿聘.database.db.clear.清理数据.txt

======2017-09-08 09:49:11.522873======
ruipin.睿聘.字典.dictionary.state.status.状态值.txt

======2017-09-08 09:49:11.524873======
Ruipin.睿聘.我的候选人查询sql分页语句.txt

======2017-09-08 09:49:11.547873======
Ruipin.睿聘.数据库说明.db.MS_Description.txt

======2017-09-08 09:49:11.550873======
ruipin.睿聘.日历样式.Calendar.css.txt

======2017-09-08 09:49:11.553873======
Ruipin.睿聘.暂时去掉的代码.txt

======2017-09-08 09:49:11.555873======
ruipin.睿聘.模糊匹配字典.mapping.txt

======2017-09-08 09:49:11.558873======
Ruipin.睿聘.编辑候选人页面2017年2月24日104542.txt

======2017-09-08 09:49:11.645873======
Search.title.onfocus.onblur.txt

======2017-09-08 09:49:11.647873======
SecurityHelper.cs.加密解密.txt

======2017-09-08 09:49:11.650873======
select count(1) from emp.txt

======2017-09-08 09:49:11.652873======
select.option.下拉列表jquery.js.赋值.相当于DropDownList(候选人系统中钱工使用).txt

======2017-09-08 09:49:11.654873======
seo.域名轰炸.domain.spam.txt

======2017-09-08 09:49:11.657873======
Serialize.Deserialize.webservice.传递泛型List.序列化.二进制.byte[].jun.txt

======2017-09-08 09:49:11.735873======
SET.IDENTITY_INSERT.[dbo].[Table].ON.自增.主键打开关闭.txt

======2017-09-08 09:49:11.737873======
shake.抖动CSS3样式.txt

======2017-09-08 09:49:11.740873======
shutdown.定时关机.txt

======2017-09-08 09:49:11.742873======
SigbitCommonConfig.cs.txt

======2017-09-08 09:49:11.745873======
Sign.abc.签到.htm.txt

======2017-09-08 09:49:11.747873======
SignNew.abc.签到.htm.txt

======2017-09-08 09:49:11.750873======
SilverLight”无法启动调试--未安装 Silverlight Developer 运行时。请安装一个匹配版本”的解决方案。.txt

======2017-09-08 09:49:11.752873======
Simple XmlSerializer example.超级好用jun.txt

======2017-09-08 09:49:11.754873======
SiteMap(站点地图)(asp.net).txt

======2017-09-08 09:49:11.757873======
spin.js.loading.加载效果.txt

======2017-09-08 09:49:11.764873======
sql a表记录不在b 表中的内容.txt

======2017-09-08 09:49:11.767873======
sql server port 端口号 1433.txt

======2017-09-08 09:49:11.771873======
SQL Server 存储过程 .txt

======2017-09-08 09:49:11.889873======
SQL Server 阻止了对组件 'Agent XPs' 的 过程 'dbo.sp_set_sqlagent_properties' 的访问.txt

======2017-09-08 09:49:11.892873======
SQL Server阻止了对组件xp_cmdshell过程的解决方案.txt

======2017-09-08 09:49:11.894873======
sql 为表添加描述信息.Description.说明.txt

======2017-09-08 09:49:11.896873======
sql 插入空，默认1900-01-01 000000.000解决方法.txt

======2017-09-08 09:49:11.905873======
sql(diy).txt

======2017-09-08 09:49:11.907873======
sql..txt

======2017-09-08 09:49:11.910873======
sql.ado.net.trans.事务.txt

======2017-09-08 09:49:11.912873======
sql.ALTER TABLE.DROP CONSTRAINT.删除指定表约束名.txt

======2017-09-08 09:49:11.915873======
sql.convert.datetime.时间.日期.转化.函数.txt

======2017-09-08 09:49:11.917873======
sql.convert.datetime.时间.日期.转化.转换.zhuanhua.zhuanhuan.函数.txt

======2017-09-08 09:49:11.920873======
sql.CTS.Position.从ERP中根据顾问ID查询职位信息.txt

======2017-09-08 09:49:11.922873======
sql.datediff.时间差值.创建日期和当前日期之前的差值.txt

======2017-09-08 09:49:11.966873======
sql.distinct.count统计不重复数据.jun.txt

======2017-09-08 09:49:11.969873======
sql.distinct.多个字段排除重复.排重.txt

======2017-09-08 09:49:12.048873======
sql.linkedServer.分布式查询.查询分析器操作另外一个服务器IP.sql语句查询.txt

======2017-09-08 09:49:12.051873======
sql.rownum.多表.分页..联查多表联查分页.txt

======2017-09-08 09:49:12.053873======
Sql.server.backup.table.SQL备份一张表的数据.txt

======2017-09-08 09:49:12.055873======
sql.server.dateadd.时间增加.减少.年.月.日.时.分.秒.txt

======2017-09-08 09:49:12.095873======
sql.server.去掉.字段.空格.回车.space.n.delete.txt

======2017-09-08 09:49:12.108873======
Sql.Server.存储过程.sp_stored_procedures.txt

======2017-09-08 09:49:12.162873======
sql.Sql Server父子关系迭代查询SQL.txt

======2017-09-08 09:49:12.165873======
sql.sqlserver.format.datetime.语句中日期时间格式化查询.txt

======2017-09-08 09:49:12.167873======
sql.sqlserver.is not null.空.txt

======2017-09-08 09:49:12.169873======
sql.sqlserver.like.代替.in.txt

======2017-09-08 09:49:12.171873======
sql.sql如果不存在就插入语句.存在就不执行插入了.if not exists.txt

======2017-09-08 09:49:12.173873======
sql.varchar.nvarchar.txt

======2017-09-08 09:49:12.176873======
sql.修改SQL表结构[字段类型]示例代码 .txt

======2017-09-08 09:49:12.178873======
sql.创建表模板.jun.txt

======2017-09-08 09:49:12.180873======
sql.删除重复名称的项.txt

======2017-09-08 09:49:12.182873======
sql.城市.city查询,父子.迭代.txt

======2017-09-08 09:49:12.184873======
sql.如果不存在就插入语句.存在就不执行插入了.if not exists.txt

======2017-09-08 09:49:12.233873======
sql.将一个表的数据复制到另一个表中.copy table data.txt

======2017-09-08 09:49:12.235873======
sql.左边联查右表的最新的一条.CVEvent.Comments. OUTER apply.txt

======2017-09-08 09:49:12.238873======
sql.收缩数据库..SHRINKFILE.txt

======2017-09-08 09:49:12.240873======
sql.数据库修改名称.txt

======2017-09-08 09:49:12.243873======
sql.数据库修改名称.无法用排他锁锁定该数据库,以执行该操作.jun.txt

======2017-09-08 09:49:12.245873======
sql.数据库数据表中中所有字段.说明.备注.Remark.Comments.beizhu.txt

======2017-09-08 09:49:12.256873======
sql.日期比较.datetime.datediff.DateAdd.DatePart.txt

======2017-09-08 09:49:12.264873======
sql.时间.格式化.DateTime.Format.txt

======2017-09-08 09:49:12.267873======
sql.查询sql server版本.select.version.txt

======2017-09-08 09:49:12.269873======
sql.查询一个表的数据导入到另外一个表.txt

======2017-09-08 09:49:12.271873======
sql.查询各个磁盘分区的剩余空间.txt

======2017-09-08 09:49:12.273873======
sql.查询当前数据库中所有用户表以及数量.user_table.count.by.objects.txt

======2017-09-08 09:49:12.276873======
sql.查询当前数据库中用户表.txt

======2017-09-08 09:49:12.278873======
sql.查询当前数据库中用户表的数量.txt

======2017-09-08 09:49:12.280873======
sql.查询当前数据库的磁盘使用情况.txt

======2017-09-08 09:49:12.282873======
sql.查询数据库中所有的表名.字段名.列名.视图名.txt

======2017-09-08 09:49:12.284873======
sql.查询数据库中数据表的表结构.txt

======2017-09-08 09:49:12.286873======
sql.查询数据库中表是否存在.txt

======2017-09-08 09:49:12.288873======
sql.查询数据库服务器各数据库日志文件的大小及利用率.查询搜索数据库.txt

======2017-09-08 09:49:12.290873======
sql.查询数据库的数据文件及日志文件的相关信息（包括文件组、当前文件大小、文件最大值、文件增长设置、文件逻辑名、文件路径等）.txt

======2017-09-08 09:49:12.293873======
sql.查询时间戳转换成日期时间-.txt

======2017-09-08 09:49:12.295873======
sql.查询时间戳转换成日期时间.txt

======2017-09-08 09:49:12.297873======
sql.简洁的分页语句rownum.jun.txt

======2017-09-08 09:49:12.299873======
sql.系统存储过程.查询表结构.sp_help.txt

======2017-09-08 09:49:12.342873======
sql.获取今天.本周.本月.本年.数据.today.week.month.year.datetime.datediff.dateadd.txt

======2017-09-08 09:49:12.344873======
sql.转化日期为字符串CONVERT.datetime.to.varchar.txt

======2017-09-08 09:49:12.346873======
sql.随机数.random.GUID.newID().txt

======2017-09-08 09:49:12.348873======
SQL2000中像SQL2005中的Row_Number一样获取行号.txt

======2017-09-08 09:49:12.353873======
SqlHelper(10.2).txt

======2017-09-08 09:49:12.355873======
SqlHelper(diy).txt

======2017-09-08 09:49:12.359873======
SqlHelper(English).txt

======2017-09-08 09:49:12.362873======
SqlHelper(PetShop).txt

======2017-09-08 09:49:12.577873======
SqlHelper.united.cs.txt

======2017-09-08 09:49:13.006873======
SqlMapperUtil.cs.txt

======2017-09-08 09:49:13.008873======
SqlParameter.param.参数.c#.asp.net.ado.net.txt

======2017-09-08 09:49:13.011873======
sqlserver. 无法重命名数据库名称.无法用排他锁锁定该数据库，以执行该操作。 (Microsoft SQL Server，错误 5030) .txt

======2017-09-08 09:49:13.013873======
sqlserver.default.默认值.txt

======2017-09-08 09:49:13.015873======
sqlserver.sql.查询数据库中表是否存在.txt

======2017-09-08 09:49:13.017873======
sqlserver.sql.语句.查询.数据库.表.数量.txt

======2017-09-08 09:49:13.021873======
sqlServer.存储过程.Procedure.txt

======2017-09-08 09:49:13.023873======
sqlserver.替换.txt

======2017-09-08 09:49:13.025873======
sqlserver.编辑前200条.改为编辑前N条.jun.txt

======2017-09-08 09:49:13.028873======
sqlServer.脚本插入打开和关闭自增id..txt

======2017-09-08 09:49:13.031873======
SqlServer.通过脚本创建.作业.job.txt

======2017-09-08 09:49:13.075873======
sqlserver中判断表或临时表是否存在（exist）.txt

======2017-09-08 09:49:13.077873======
sqlserver修改架构(schema)为dbo.txt

======2017-09-08 09:49:13.081873======
sqlServer创建省和mysql对应.txt

======2017-09-08 09:49:13.177873======
sql_java职位候选人&联系记录.txt

======2017-09-08 09:49:13.179873======
sql删除多条数据.txt

======2017-09-08 09:49:13.182873======
SQL存储过程事务和优化方法（包括查询方式语句结合）.txt

======2017-09-08 09:49:13.184873======
SQL日期比较.txt

======2017-09-08 09:49:13.221873======
Sql查询指定表的所有外键约束及外键表名与列名.txt

======2017-09-08 09:49:13.225873======
SQL注入攻击.txt

======2017-09-08 09:49:13.227873======
sql语句.查询数据库所在位置.磁盘路径.txt

======2017-09-08 09:49:13.229873======
sql语句中转化日期为varchar.sql获取随机数.txt

======2017-09-08 09:49:13.232873======
sql语句去随机数的方法.txt

======2017-09-08 09:49:13.234873======
sql随机实现,sql GUID.newID().txt

======2017-09-08 09:49:13.273873======
string.dateNow = DateTime.Now.ToString(yyyyMMddHHmmssfff).txt

======2017-09-08 09:49:13.278873======
String.handler.helper.txt

======2017-09-08 09:49:13.284873======
StringUtil.cs.txt

======2017-09-08 09:49:13.287873======
Sublime Text.代码编辑器.百度百科.txt

======2017-09-08 09:49:13.289873======
Suggestion.cs.txt

======2017-09-08 09:49:13.304873======
suntray.email.txt

======2017-09-08 09:49:13.307873======
svn.trunk.branches.tags.开发.管理.分支.txt

======2017-09-08 09:49:13.310873======
System.Web.HttpUtility.HtmlDecode.txt

======2017-09-08 09:49:13.313873======
tablecss.txt

======2017-09-08 09:49:13.315873======
tablecss.表格样式2.html.txt

======2017-09-08 09:49:13.317873======
tablecss表格样式1.html.txt

======2017-09-08 09:49:13.354873======
telnet.txt

======2017-09-08 09:49:13.394873======
Timeline.jun.txt

======2017-09-08 09:49:13.396873======
TimePicker.显示日期.时间.方法.txt

======2017-09-08 09:49:13.398873======
timer.global.定时器.txt

======2017-09-08 09:49:13.482873======
tools.txt

======2017-09-08 09:49:13.484873======
touch5备份.txt

======2017-09-08 09:49:13.600873======
ui.ue.txt

======2017-09-08 09:49:13.650873======
Unicode（统一码、万国码、单一码）是一种在计算机上使用的字符编码.txt

======2017-09-08 09:49:13.688873======
url转义字符原理.txt

======2017-09-08 09:49:13.691873======
using.connection.transaction.cts.dapper.cts.事务.txt

======2017-09-08 09:49:13.694873======
ValidateCode.cs.txt

======2017-09-08 09:49:13.696873======
validateinput.txt

======2017-09-08 09:49:13.698873======
ValidationError.cs.txt

======2017-09-08 09:49:13.702873======
ValueConvert.cs.txt

======2017-09-08 09:49:13.704873======
vera.原型.Demo.product.Candidate.System.txt

======2017-09-08 09:49:13.706873======
VerifyData.cs.验证数据.yanzhengshujv.txt

======2017-09-08 09:49:13.709873======
view.视图.txt

======2017-09-08 09:49:13.718873======
vim.文本编辑器.百度百科.txt

======2017-09-08 09:49:13.799873======
VisualStudio.vs.publish.error.发布.报错.txt

======2017-09-08 09:49:13.801873======
VMWare序列号.txt

======2017-09-08 09:49:13.804873======
VPN即虚拟专用网络.txt

======2017-09-08 09:49:13.880873======
VS2012里让JS代码也支持折叠.Web.Essential.txt

======2017-09-08 09:49:13.883873======
vs2013.visual.studio.2013激活码.秘钥.key.txt

======2017-09-08 09:49:13.922873======
vs2013安装AnkhSVN，但是不起作用解决方法.txt

======2017-09-08 09:49:13.925873======
WampServer的配置.php集成环境.config.mysql.txt

======2017-09-08 09:49:13.964873======
web.config添加.applicationfont-woff.txt

======2017-09-08 09:49:13.966873======
Web.config的配置.txt

======2017-09-08 09:49:14.006873======
WebServiceHelper(动态调用webservice帮助类.jun).cs.txt

======2017-09-08 09:49:14.009873======
webservice传文件大小限制.解决在运行配置文件中指定的扩展时出现异常.txt

======2017-09-08 09:49:14.046873======
webService简介.txt

======2017-09-08 09:49:14.048873======
Webservice调用参数传过去为空.解决.txt

======2017-09-08 09:49:14.051873======
web服务代码.txt

======2017-09-08 09:49:14.054873======
win8专业版64bit电话激活.txt

======2017-09-08 09:49:14.092873======
win8电话激活.txt

======2017-09-08 09:49:14.094873======
Window.Server2008.R2.激活码.txt

======2017-09-08 09:49:14.096873======
Windows8.1_64bit_正式版.txt

======2017-09-08 09:49:14.208873======
windowXP.查看.电脑.系统.版本.32&64.系统信息.txt

======2017-09-08 09:49:14.247873======
xml.字符串.转化为.DataTable.jun(测试过).txt

======2017-09-08 09:49:14.250873======
XMLToDataSet.jun.txt

======2017-09-08 09:49:14.253873======
Xml中SelectSingleNode方法中的xpath用法.csdn.blog.txt

======2017-09-08 09:49:14.255873======
XML序列化.txt

======2017-09-08 09:49:14.294873======
Zephyr.Sys.通用权限管理系统.操作数据库.operate.db.txt

======2017-09-08 09:49:14.296873======
zfk.找房客.txt

======2017-09-08 09:49:14.299873======
[MySQL] - MySQL连接字符串总结.txt

======2017-09-08 09:49:14.453873======
上传图片成生缩略图及水印简单例子.txt

======2017-09-08 09:49:14.492873======
中国国家气象局天气预报信息接口.api.txt

======2017-09-08 09:49:14.606873======
九九乘法表（C#）.txt

======2017-09-08 09:49:14.608873======
介绍一些.net开源项目.cnblogs.txt

======2017-09-08 09:49:14.611873======
从List转成DataTable.ListToDataTable.txt

======2017-09-08 09:49:14.613873======
从后台获取json,然后前台拼接html.array.数组.push.join.jun.txt

======2017-09-08 09:49:14.615873======
从后台获取json,然后前台拼接html.jun.txt

======2017-09-08 09:49:14.733873======
使用NewtonSoft.JSON.dll来序列化和发序列化对象.txt

======2017-09-08 09:49:14.736873======
使用sql语句删除数据库中重复的数据.txt

======2017-09-08 09:49:14.738873======
修改远程桌面端口号注册表修改.3389.txt

======2017-09-08 09:49:14.852873======
关于TextBox和Label控件显示数据的问题.在线等.txt

======2017-09-08 09:49:14.889873======
关闭lhgdialog.txt

======2017-09-08 09:49:14.892873======
农行.在线客服.Huro.Hisoft.txt

======2017-09-08 09:49:14.894873======
初始密码123456.txt

======2017-09-08 09:49:14.952873======
删除求职可用.Career.applyJob.Delete.jun.sql.txt

======2017-09-08 09:49:14.954873======
判断字符串为空.txt

======2017-09-08 09:49:14.956873======
判断用户是否存在.txt

======2017-09-08 09:49:14.958873======
判断登录(Login).txt

======2017-09-08 09:49:14.960873======
判断联网有多种方式，最常用的就是ping IP地址.System.Net.NetworkInformation下的ping类.txt

======2017-09-08 09:49:14.962873======
利用jQuery.ui.实现radio.按钮.txt

======2017-09-08 09:49:14.964873======
加入按纽代码.txt

======2017-09-08 09:49:14.966873======
加入收藏&联系我们.txt

======2017-09-08 09:49:14.968873======
动态添加控件.txt

======2017-09-08 09:49:14.972873======
动态链接库英文为DLL，是Dynamic Link Library.txt

======2017-09-08 09:49:14.974873======
动软.NET 分页存储过程UP_GetRecordByPage.txt

======2017-09-08 09:49:14.977873======
十大佛家用语.txt

======2017-09-08 09:49:14.979873======
华视电子.CVR100Z.FS562设备号.txt

======2017-09-08 09:49:14.981873======
单例.SingleTon.danli.txt

======2017-09-08 09:49:14.983873======
单例.SingleTon.danli2.txt

======2017-09-08 09:49:15.064873======
后台把日期格式的通过json传到前台）json日期转化为现实的日期时间串，还包括星期.txt

======2017-09-08 09:49:15.066873======
向公司.每周发.的.周报.week.txt

======2017-09-08 09:49:15.069873======
呼叫系统接口测试地址.jun.txt

======2017-09-08 09:49:15.071873======
命运呼叫转移台词.txt

======2017-09-08 09:49:15.112873======
噎死人的一句话集锦（经典）.txt

======2017-09-08 09:49:15.114873======
回调函数.txt

======2017-09-08 09:49:15.154873======
图片上传并生成缩略图.txt

======2017-09-08 09:49:15.156873======
在.NET中利用XMLHTTP下载文件.txt

======2017-09-08 09:49:15.196873======
在ASP.NET中实现POST发送数据.txt

======2017-09-08 09:49:15.310873======
域名.yuming.txt

======2017-09-08 09:49:15.312873======
域名junszone.com.201307151105.txt

======2017-09-08 09:49:15.356873======
处理MissingInformation标志的homepage.修改部门到数据库.2015年4月3日183921.txt

======2017-09-08 09:49:15.358873======
处理程序“PageHandlerFactory-Integrated”在其模块列表中有一个错误模块“ManagedPipelineHandle.txt

======2017-09-08 09:49:15.360873======
处理程序“PageHandlerFactory-Integrated”在其模块列表中有一个错误模块“ManagedPipelineHandler.aspnet_regiis.txt

======2017-09-08 09:49:15.363873======
复选框.CheckBoxList.asp.net.txt

======2017-09-08 09:49:15.365873======
多表联查分页.待测试.txt

======2017-09-08 09:49:15.409873======
奢侈品排行榜.txt

======2017-09-08 09:49:15.565873======
如何将SQL查询出来的一列数据赋值，执行存储过程.txt

======2017-09-08 09:49:15.568873======
如何清除setTimeout和setInterval的状态.定时器清除.txt

======2017-09-08 09:49:15.574873======
如何用js得到当前页面的url信息方法(JS获取当前网址信息).txt

======2017-09-08 09:49:15.610873======
如何看透一个人.txt

======2017-09-08 09:49:15.612873======
如何看透一个人！！绝对让你受用一生！！！.txt

======2017-09-08 09:49:15.615873======
如何禁用 radio ,设置为只读，不能选定.txt

======2017-09-08 09:49:15.653873======
子页取母版页的元素.Master.txt

======2017-09-08 09:49:15.656873======
定义连接类的静态方法.txt

======2017-09-08 09:49:15.658873======
客户端跳转.txt

======2017-09-08 09:49:15.660873======
对于长时间装载的ASP.NET页面如何在客户端浏览器中显示进度？).txt

======2017-09-08 09:49:15.737873======
导出Excel.DataTable2Excel.txt

======2017-09-08 09:49:15.741873======
将Datatable转换成Json.txt

======2017-09-08 09:49:15.780873======
左侧菜单json串.txt

======2017-09-08 09:49:15.818873======
应用程序接口.api.txt

======2017-09-08 09:49:15.934873======
怎样提高WebService性能(大数据量网络传输处理) .txt

======2017-09-08 09:49:15.936873======
悬停时的提示代码.txt

======2017-09-08 09:49:16.010873======
我的候选人列表页面路由配置.route.maproute.配置和使用.txt

======2017-09-08 09:49:16.087873======
截取字符串,最后一位用其它符号代替.txt

======2017-09-08 09:49:16.090873======
打印页面.txt

======2017-09-08 09:49:16.164873======
按扩展名分类.bat.txt

======2017-09-08 09:49:16.166873======
控制台.console.变色.字体颜色.红色.ForegroundColor.txt

======2017-09-08 09:49:16.169873======
推荐.SQL.中一种.绝对.不重复.的.主键.方法  .txt

======2017-09-08 09:49:16.207873======
推荐到职位,然后ERP同步状态过来的表添加字段2015年1月5日184918.txt

======2017-09-08 09:49:16.210873======
提交.按钮前.加载图标.loading.button.beforeSend.txt

======2017-09-08 09:49:16.213873======
插入SQL语句后.返回刚插入记录的ID.txt

======2017-09-08 09:49:16.215873======
搜狗.双拼.sougou.shuangpin.txt

======2017-09-08 09:49:16.217873======
搜狗双拼.sougou.shuangpin.txt

======2017-09-08 09:49:16.219873======
搜狗双拼.sougoushuangpin.txt

======2017-09-08 09:49:16.223873======
摄像头.txt

======2017-09-08 09:49:16.225873======
敬人不必卑尽，卑尽则少骨.txt

======2017-09-08 09:49:16.265873======
数据库之间的远程操作.sp_addlinkedserver.txt

======2017-09-08 09:49:16.268873======
文件下载到EXCEL文件的代码.txt

======2017-09-08 09:49:16.270873======
文件格式.后缀.format.extension.汇总.大全.txt

======2017-09-08 09:49:16.310873======
新建文本文档.txt

======2017-09-08 09:49:16.313873======
无法创建抽象类或接口“Newtonsoft.Json.JsonWriter”的实例.Newtonsoft4.5.txt

======2017-09-08 09:49:16.428873======
显示等待进度条代码.txt

======2017-09-08 09:49:16.431873======
暂无评论则显示否则影藏(客户端控件转服务器控件).txt

======2017-09-08 09:49:16.507873======
有没有那么想你.txt

======2017-09-08 09:49:16.547873======
本地xml和List和互转.将List转化为xml.然后转化为List.泛型.txt

======2017-09-08 09:49:16.550873======
本地路径转化为URL相对路径.txt

======2017-09-08 09:49:16.661873======
查看网站IP.CMD(nslookup ).txt

======2017-09-08 09:49:16.663873======
查询.net的命名空间.txt

======2017-09-08 09:49:16.665873======
查询sql数据库中表占用的空间大小.size.使用临时表#.jun.txt

======2017-09-08 09:49:16.702873======
查询后勤部缺失人员.txt

======2017-09-08 09:49:16.740873======
框架用法.txt

======2017-09-08 09:49:16.744873======
检测客户端显示器分辨率、浏览器类型和客户端IP.txt

======2017-09-08 09:49:16.746873======
每次打开chrome经常出现未正确关闭.txt

======2017-09-08 09:49:16.786873======
注册aspnet_regiis.exe.txt

======2017-09-08 09:49:16.788873======
注册dll.reg.dll.txt

======2017-09-08 09:49:16.882873======
淘宝.旺旺.代码生成.txt

======2017-09-08 09:49:16.923873======
添加Comments存储过程修改.txt

======2017-09-08 09:49:16.925873======
清理了脏数据2014年9月25日085309.txt

======2017-09-08 09:49:16.927873======
清除dropdownlist的值.txt

======2017-09-08 09:49:16.929873======
漂亮简单的表格.beautifultable.css.html.txt

======2017-09-08 09:49:16.931873======
火狐修改语言.firefox.update.language.txt

======2017-09-08 09:49:16.975873======
牛B苦B傻B.txt

======2017-09-08 09:49:17.127873======
珍惜时间.txt

======2017-09-08 09:49:17.130873======
理论热点面对面2007(个人整理).txt

======2017-09-08 09:49:17.138873======
生成密码代码.txt

======2017-09-08 09:49:17.143873======
用C#读取txt文件的方法.txt

======2017-09-08 09:49:17.146873======
用jquery ,当改变窗口或屏幕大小时.触发事件.txt

======2017-09-08 09:49:17.149873======
用SQL查询昨天、今天、明天和本周的记录.txt

======2017-09-08 09:49:17.151873======
用TREEVIEWKOk控件使用的站点地图文件.txt

======2017-09-08 09:49:17.153873======
用户控件.txt

======2017-09-08 09:49:17.155873======
用触发器让sqlserver和mysql同步.txt

======2017-09-08 09:49:17.157873======
电脑开机出现的问题 The AC power adapter wattage and type cannot be determined.txt

======2017-09-08 09:49:17.234873======
电话激活.txt

======2017-09-08 09:49:17.318873======
男人要珍惜追到的女孩.txt

======2017-09-08 09:49:17.393873======
百度地图.api.txt

======2017-09-08 09:49:17.396873======
百度地图.接口.api.txt

======2017-09-08 09:49:17.437873======
省市二级联动(从数据库读取).txt

======2017-09-08 09:49:17.514873======
睿聘.测试数据清理.txt

======2017-09-08 09:49:17.517873======
确认是否删除confirm(ASP.NET).txt

======2017-09-08 09:49:17.520873======
磁盘分区.txt

======2017-09-08 09:49:17.559873======
移动目录内的文件到另一目录.txt

======2017-09-08 09:49:17.600873======
空间材料.txt

======2017-09-08 09:49:17.720873======
级联删除(存储过程).txt

======2017-09-08 09:49:17.760873======
纯JS限制文本框字数(ASP.NET).txt

======2017-09-08 09:49:17.770873======
线点过滤掉RPO的2017年的数据.txt

======2017-09-08 09:49:17.786873======
组织结构.html.css.js.txt

======2017-09-08 09:49:17.827873======
经典英文电影台词~有必要都背下来，英语会很强悍~.txt

======2017-09-08 09:49:17.830873======
给公司每周发的周报.txt

======2017-09-08 09:49:17.832873======
缓缓升起的窗口.txt

======2017-09-08 09:49:17.839873======
网站流量代码.txt

======2017-09-08 09:49:17.924873======
网页中加入计算器.txt

======2017-09-08 09:49:17.972873======
美国百所大学收费表.txt

======2017-09-08 09:49:18.012873======
联接(join)(sql).txt

======2017-09-08 09:49:18.015873======
胸部大全.txt

======2017-09-08 09:49:18.017873======
腾信软创科技有限公司.Suntray.txt

======2017-09-08 09:49:18.298873======
英文年月日星期.year.month.day.week.txt

======2017-09-08 09:49:18.300873======
获取客户端的IP地址.txt

======2017-09-08 09:49:18.308873======
获取插入的最后数据.select @@identity.自增ID的值.txt

======2017-09-08 09:49:18.310873======
获取文件的路径等信息.txt

======2017-09-08 09:49:18.312873======
获取键盘上任意按键的值.txt

======2017-09-08 09:49:18.314873======
获取鼠标位置.txt

======2017-09-08 09:49:18.316873======
触发器复制表中一条数据到临时表.txt

======2017-09-08 09:49:18.318873======
触发器最终版(一个表添加一条数据同时向另一个表中加一条数据).txt

======2017-09-08 09:49:18.320873======
让对label中文字的点击也同时对checkboxradio生效.txt

======2017-09-08 09:49:18.323873======
读取Outlook的 发件人信息发送邮件.txt

======2017-09-08 09:49:18.326873======
读取Word模板.然后修改书签.生成word文件和图片预览文件.txt

======2017-09-08 09:49:18.328873======
读取xml数据文件代码.txt

======2017-09-08 09:49:18.331873======
读取配置文件的内容.AppSettings.peizhi.txt

======2017-09-08 09:49:18.333873======
调用Webservice.jun.txt

======2017-09-08 09:49:18.335873======
调用记事本.txt

======2017-09-08 09:49:18.373873======
资料.获取分辨率.txt

======2017-09-08 09:49:18.376873======
超市惊遇一母女，这才是教育！看后很震撼.txt

======2017-09-08 09:49:18.379873======
跨页数据传递(页面跳转)(ResponseAndRequest)(ASP.NET).txt

======2017-09-08 09:49:18.382873======
转.txt

======2017-09-08 09:49:18.384873======
输入框获得焦点背景变色样式.input.focus.background.change.color.css.txt

======2017-09-08 09:49:18.421873======
过滤HTML字符串的两个方法(ASP.NET).txt

======2017-09-08 09:49:18.424873======
连接mysql成功的web.config里面的配置.txt

======2017-09-08 09:49:18.465873======
选择省市县插件(弹出层).txt

======2017-09-08 09:49:18.468873======
递归.拼接.地点.城市.数据源.pid.txt

======2017-09-08 09:49:18.471873======
金略.jinlue.汇聘.huipin.hibole.demo.txt

======2017-09-08 09:49:18.473873======
防止缓存.提交表单.访问地址.加随机数.random.nocache.txt

======2017-09-08 09:49:18.476873======
随机生成验证码.suiji.yanzhengma.txt

======2017-09-08 09:49:18.599873======
页面中控件的传值.txt

======2017-09-08 09:49:18.601873======
页面刷新时记住滚动条的位置(ASP.NET).txt

======2017-09-08 09:49:18.689873======
颜色表.Color.picker.color.html.txt

======2017-09-08 09:49:18.695873======
香奈儿（Chanel 法国著名奢侈品牌.txt

======2017-09-08 09:49:18.697873======
验证中国身份证(用C#代码,没有用正则).txt

======2017-09-08 09:49:18.735873======
鼠标右键操作.jquery.contextify.js.txt

======2017-09-08 09:49:18.738873======
鼠标移过现实菜单.列表上每行都有操作.候选人系统.jun.txt

