======2017-08-18 17:59:28.699069======
.biz英文域名在线服务条款.txt

======2017-08-18 17:59:29.345069======
100个句子记完的7000单词——俞敏洪（1）.txt

======2017-08-18 17:59:29.919069======
2014年2月13日132408赵伟光发给我的邮件.txt

======2017-08-18 17:59:31.422069======
50句俚语.txt

======2017-08-18 17:59:31.465069======
50大变态网站.txt

======2017-08-18 17:59:31.502069======
50条哲理箴言《奋斗》.txt

======2017-08-18 17:59:31.537069======
63个北京好吃又便宜的地.txt

======2017-08-18 17:59:31.585069======
Animate.css(强大的css3动画库).txt

======2017-08-18 17:59:31.653069======
ASP.NET 2.0高级控件之FileUpload控件.txt

======2017-08-18 17:59:31.722069======
asp.net TreeView里CheckBox选中触发事件.txt

======2017-08-18 17:59:31.787069======
asp.net.C#.截取字符串.Substring.txt

======2017-08-18 17:59:31.875069======
asp.net.session.timeout.设置session过期时间.txt

======2017-08-18 17:59:31.932069======
asp.net.连接池.pooling.min pool size.max pool size.txt

======2017-08-18 17:59:31.976069======
Asp.net中基于Forms验证的角色验证授权).txt

======2017-08-18 17:59:32.046069======
Asp.Net各种超时问题总结.txt

======2017-08-18 17:59:32.096069======
bbs.txt

======2017-08-18 17:59:32.208069======
bug. 无法启动调试 未安装silverlight developer 运行时.txt

======2017-08-18 17:59:32.247069======
bug.wu.txt

======2017-08-18 17:59:32.398069======
C# ，asp.net 获取当前，相对，绝对路径.txt

======2017-08-18 17:59:32.467069======
C#.404.错误页.ErrorPage.txt

======2017-08-18 17:59:32.575069======
C#.DES.加密解密.txt

======2017-08-18 17:59:32.649069======
C#.net.guid.规范化.txt

======2017-08-18 17:59:32.721069======
C#.保存字符串到本地磁盘.Save.String.Content.ToLocal.disk.txt

======2017-08-18 17:59:32.755069======
c#.冒泡排序.Bubble.txt

======2017-08-18 17:59:32.842069======
C#.将字符串转化为字节流.字节流转化为字符串.ConvertString2Stream.ConvertStream2String(jun).txt

======2017-08-18 17:59:33.737069======
C#_Socket网络编程大全.txt

======2017-08-18 17:59:33.821069======
C#保存byte[]字节数据到本地文件.txt

======2017-08-18 17:59:33.858069======
C#删除文件夹.递归删除.DirectoryInfo.delete..txt

======2017-08-18 17:59:33.899069======
C#如何测试代码运行时间.Stopwatch.timespan.总毫秒数.txt

======2017-08-18 17:59:33.991069======
c#生成图片缩略图的类 ..txt

======2017-08-18 17:59:34.032069======
c#生成图片缩略图的类.txt

======2017-08-18 17:59:34.104069======
c#读取Excel.不用安装office.tool.NPOI.txt

======2017-08-18 17:59:34.188069======
Cannot read property ‘msie’ of undefined错误的解决方法（用了jquery-1.9以后会报的错）.txt

======2017-08-18 17:59:34.226069======
Career.Careerintlinc.科锐国际人力资源(北京)有限公司.txt

======2017-08-18 17:59:34.266069======
Career.Exec.PROCEDURE.执行存储过程.查询列表和总条数.返回多个结果.txt

======2017-08-18 17:59:34.321069======
cdn(Content Delivery Network，即内容分发网络).txt

======2017-08-18 17:59:34.364069======
char、varchar、text、ntext、bigint、int、smallint、tinyint和bit的区别及数据库的数据类型.txt

======2017-08-18 17:59:34.438069======
close.computer.定时关机.dingshi.guanji.timer.shutdown.-s.-t.-a.txt

======2017-08-18 17:59:34.479069======
CMD.DOS.txt

======2017-08-18 17:59:34.519069======
cmd.win8. 开启wifi.命令.netsh wlan set hostednetwork.netsh wlan start hostednetwork.txt

======2017-08-18 17:59:34.563069======
CMS.Content Management System.内容管理系统.txt

======2017-08-18 17:59:34.625069======
computer..regedit.注册表.windows.forget.忘记.login.登陆.password.密码.txt

======2017-08-18 17:59:34.663069======
computer.Batch.clear.clean.清理电脑垃圾的批处理.bat.txt

======2017-08-18 17:59:34.787069======
computer.regedit.电脑运用技巧.修改注册表.zhucebiao.txt

======2017-08-18 17:59:34.824069======
computer.shortcut.cmd.win7_运行命令_快捷键.txt

======2017-08-18 17:59:34.859069======
computer.shortcut.运行.快捷键.txt

======2017-08-18 17:59:34.894069======
computer.wifi设置工具.bat.txt

======2017-08-18 17:59:34.977069======
computer.忘记开机密码.txt

======2017-08-18 17:59:35.014069======
computer.清除运行.txt

======2017-08-18 17:59:35.088069======
css.10个节约开发时间的CSS技巧.txt

======2017-08-18 17:59:35.155069======
css.div垂直居中 css div盒子上下垂直居中.txt

======2017-08-18 17:59:35.193069======
css.div盒子和三列布局中间div盒子浮动居中方法.txt

======2017-08-18 17:59:35.279069======
CSS.按字母顺序来排列css.txt

======2017-08-18 17:59:35.334069======
CSS.控制网页中文本的技巧.txt

======2017-08-18 17:59:35.384069======
css.最全的CSS浏览器兼容问题.txt

======2017-08-18 17:59:35.434069======
CSS.网页布局中易犯的10个小错误.txt

======2017-08-18 17:59:35.494069======
csshake.min.css.txt

======2017-08-18 17:59:35.538069======
CSS中常用中文字体转Unicode编码表.txt

======2017-08-18 17:59:35.595069======
css技巧及常见问题.txt

======2017-08-18 17:59:38.815069======
CTS.搜索线点返回的json字符串.txt

======2017-08-18 17:59:38.883069======
cWindowsMicrosoft.NETFramework64v4.0.30319Temporary ASP.NET Filesroot106f9ae8cc0e1169App_global.asax.haz99mum.dll”--“拒绝访问.txt

======2017-08-18 17:59:38.928069======
C_读写txt文件.txt

======2017-08-18 17:59:38.968069======
C_路径的八种相关操作.txt

======2017-08-18 17:59:39.061069======
DataBinder.Eval (Container.DataItem.txt

======2017-08-18 17:59:39.115069======
DataContract.数据契约.txt

======2017-08-18 17:59:39.233069======
DB.DataBase.NET(C#)连接各类数据库-集锦.txt

======2017-08-18 17:59:39.284069======
DB.DataBase.从一个页面中传过id在另一个页面上的控件上显示1.txt

======2017-08-18 17:59:39.322069======
DB.DataBase.从一个页面中传过id在另一个页面上的控件上显示2.txt.txt

======2017-08-18 17:59:39.382069======
DB.DataBase.在数据控件中显示图片并有超连接.txt

======2017-08-18 17:59:39.444069======
DB.DataBase.跨页面实现多选.txt

======2017-08-18 17:59:39.510069======
db.sql.sqlserver.crud.alter.新增.语句.增加,删除.修改字段.txt

======2017-08-18 17:59:39.545069======
db.sql.sqlserver.crud.语句.增加,删除.修改字段.txt

======2017-08-18 17:59:39.587069======
db.sqlserver.SQLServer的命令行工具-sql.cmd等.. .txt

======2017-08-18 17:59:39.632069======
DB2010-11-27.txt

======2017-08-18 17:59:39.677069======
dotnet.guid.不会重复.txt

======2017-08-18 17:59:39.714069======
dotnet.winform.防止重复打开窗体.txt

======2017-08-18 17:59:39.749069======
dotnet经典网站.txt

======2017-08-18 17:59:39.813069======
email.Career.DAXTRA.txt

======2017-08-18 17:59:39.852069======
emcyclopedia.宫寒.txt

======2017-08-18 17:59:40.060069======
employeeposition.cc.txt

======2017-08-18 17:59:40.190069======
employeeposition.rop.txt

======2017-08-18 17:59:40.238069======
encyclopedia.(bmp.jpg.jpeg.mjpeg.png.gif)各种网络图片格式详解.PNG.的好处.txt

======2017-08-18 17:59:40.297069======
encyclopedia.4G.网络.百度百科.txt

======2017-08-18 17:59:40.349069======
encyclopedia.Safari.txt

======2017-08-18 17:59:40.387069======
encyclopedia.ultraEdit.txt

======2017-08-18 17:59:40.425069======
encyclopedia.内存双通道.txt

======2017-08-18 17:59:40.466069======
encyclopedia.千滚水.饮水机反复烧水有多大害.txt

======2017-08-18 17:59:40.508069======
encyclopedia.批处理.Batch.txt

======2017-08-18 17:59:40.557069======
encyclopedia.沉没成本.txt

======2017-08-18 17:59:40.604069======
encyclopedia.物联网.txt

======2017-08-18 17:59:45.227069======
english.code.编程英语词汇.txt

======2017-08-18 17:59:58.317069======
english.最全英语单词.txt

======2017-08-18 18:00:06.757069======
ERP.查询所有顾问（包括在职和离职的）组织和详情.result.txt

======2017-08-18 18:00:06.840069======
example.html.css.js.javascript.move.运动框架.miaoV.txt

======2017-08-18 18:00:06.918069======
FAQ.txt

======2017-08-18 18:00:06.991069======
Firebug.Console.详解.txt

======2017-08-18 18:00:07.027069======
Firebug.txt

======2017-08-18 18:00:07.121069======
Foxmail 7.0 产品说明.txt

======2017-08-18 18:00:07.186069======
frame.和.iframe.区别.txt

======2017-08-18 18:00:07.319069======
Google Earth 坐标大全(转) 无聊时看一下世界哦.txt

======2017-08-18 18:00:07.402069======
GridView.样式.txt

======2017-08-18 18:00:08.570069======
html.css.color.颜色16进制颜色代码表.htm.txt

======2017-08-18 18:00:08.661069======
html.css.让文字自动适应Table宽度.txt

======2017-08-18 18:00:08.699069======
html.form.input.readonly.disabled.表单.不可编辑.txt

======2017-08-18 18:00:08.765069======
html.可见性.display.none.visibility.hidden.区别.txt

======2017-08-18 18:00:08.829069======
html5.txt

======2017-08-18 18:00:08.869069======
html5新增标签.txt

======2017-08-18 18:00:08.912069======
html语法大全.txt

======2017-08-18 18:00:08.945069======
html页面中数据绑定.txt

======2017-08-18 18:00:09.008069======
HttpWebRequest.WebRequest.WebResponse.Fetching a Resource Using HTTP.请求url地址.txt

======2017-08-18 18:00:09.054069======
HTTP状态码.txt

======2017-08-18 18:00:09.104069======
HTTP错误code大全.错误代码.txt

======2017-08-18 18:00:09.154069======
i18n.国际化.txt

======2017-08-18 18:00:09.190069======
ie.右键菜单.管理.txt

======2017-08-18 18:00:09.228069======
ie678兼容.txt

======2017-08-18 18:00:09.288069======
IE兼容性：IE6_IE7_IE8的区别.txt

======2017-08-18 18:00:09.345069======
input.css.文本框样式.txt

======2017-08-18 18:00:09.407069======
Java SE、Java EE、Java ME三者的区别.txt

======2017-08-18 18:00:09.448069======
JavaScript SetInterval与setTimeout的区别.定时器.txt

======2017-08-18 18:00:09.527069======
javascript.js.JScript.helper.Lib.txt

======2017-08-18 18:00:09.569069======
javascript.js.setCookie&&getCookie.txt

======2017-08-18 18:00:09.616069======
javascript.js.window.open的参数说明控制谈出可以定植大小的窗口.txt

======2017-08-18 18:00:09.669069======
javascript.js.常用的脚本.txt

======2017-08-18 18:00:09.718069======
javascript.js.表单验证大全.validate.txt

======2017-08-18 18:00:09.800069======
JavaScript_基础.txt

======2017-08-18 18:00:09.872069======
joke.xiaohua.笑话.幽默.youmo.txt

======2017-08-18 18:00:09.957069======
Joke.中国古诗名句大全.txt

======2017-08-18 18:00:10.000069======
Joke.幽默小笑话.txt

======2017-08-18 18:00:10.058069======
jQuery 判断页面元素是否存在的代码.txt

======2017-08-18 18:00:10.107069======
jquery.ajax.error.打印.txt

======2017-08-18 18:00:10.166069======
jquery.ajax请求，按钮（a当做button）有loading图片，按钮不可用，请求完之后就恢复原样.txt

======2017-08-18 18:00:10.223069======
jquery.cookie.js.txt

======2017-08-18 18:00:10.300069======
jquery.google.load.api.谷歌.jsapi.txt

======2017-08-18 18:00:45.195069======
jquery.localdata(猎聘网加载页面加载的字典).js.txt

======2017-08-18 18:00:45.270069======
jquery.Selectors.选择器.txt

======2017-08-18 18:00:45.329069======
jquery.ui.effect.效果.爆炸.滑动.txt

======2017-08-18 18:00:45.419069======
JQuery.百度百科.txt

======2017-08-18 18:00:45.467069======
Jquery元素追加和删除.txt

======2017-08-18 18:00:45.539069======
Jquery实用技巧.txt

======2017-08-18 18:00:45.593069======
Jquery技巧总结.txt

======2017-08-18 18:00:45.645069======
jquery的each()详细介绍.txt

======2017-08-18 18:00:45.686069======
JQUERY的父，子，兄弟节点查找方法.txt

======2017-08-18 18:00:45.720069======
jQuery背景插件backstretch.js使用指南.txt

======2017-08-18 18:00:45.764069======
jquery获取当前页面的URL信息.txt

======2017-08-18 18:00:45.799069======
jquery获得select option的值 和对select option的操作（紫寒）.txt

======2017-08-18 18:00:45.882069======
js.getstring().空强制转化成设置的值.txt

======2017-08-18 18:00:45.954069======
Js.javascript.cookie.操作cookie.MiaoV.txt

======2017-08-18 18:00:46.030069======
js.javascript.interview.js面试题.txt

======2017-08-18 18:00:46.064069======
js.javascript.jquery.jquery与dom的转换.对象转换.txt

======2017-08-18 18:00:46.172069======
js.javascript.oop.prototype.类.属性.方法.原型.构造函数.面向对象.miaoxiang.duixiang.MiaoV.txt

======2017-08-18 18:00:46.259069======
js.javascript.split().分割.txt

======2017-08-18 18:00:46.312069======
js.javascript.try.catch.finally.异常.yichang.txt

======2017-08-18 18:00:46.352069======
js.javascript.void(0).#.a.禁止跳转.死链接.txt

======2017-08-18 18:00:46.393069======
js.javascript.void(0).a禁止跳转.死链接.txt

======2017-08-18 18:00:46.432069======
js.javascript.w3c.HTML.DOM.setInterval().clearInterval().txt

======2017-08-18 18:00:46.478069======
js.javascript.window.open.打开.窗口.txt

======2017-08-18 18:00:46.521069======
js.javascript.全局.对象.参考.手册.decodeURI.encodeURI.escape.unescape.txt

======2017-08-18 18:00:46.613069======
js.javascript.类的定义和继承.call.apply.from115.txt

======2017-08-18 18:00:46.649069======
js.javascript.系统对象分类.对象.分类.txt

======2017-08-18 18:00:46.691069======
js.javascript.获取file路径.txt

======2017-08-18 18:00:46.733069======
js.javascript.规范.htm.txt

======2017-08-18 18:00:46.804069======
js.jquery.extend.扩展方法.txt

======2017-08-18 18:00:46.840069======
js.jquery.jsno对象与json字符串幻想转化.txt

======2017-08-18 18:00:46.876069======
js.jquery.lhgdialog.setting.弹窗.弹出窗口.的全局默认配置.txt

======2017-08-18 18:00:46.923069======
js.Jquery.操作XML数据.from.cnblog.txt

======2017-08-18 18:00:46.966069======
js.w3c.JavaScript.Math.对象的参考手册.txt

======2017-08-18 18:00:47.006069======
js.刷新页面方法.txt

======2017-08-18 18:00:47.045069======
js.图片预加载.preLoadImg.txt

======2017-08-18 18:00:47.087069======
js.控制文本框只能输入整数或浮点数.txt

======2017-08-18 18:00:47.175069======
js200实例.txt

======2017-08-18 18:00:47.249069======
JS实现xml和json(也可看做对象)互转.txt

======2017-08-18 18:00:47.295069======
jun.115.网盘.txt

======2017-08-18 18:00:47.336069======
jun.2012.06.29域名.server.dns.txt

======2017-08-18 18:00:47.460069======
layer.msg(信息框).txt

======2017-08-18 18:00:47.515069======
layer.open.弹框和弹出页面.txt

======2017-08-18 18:00:47.561069======
lhgdialog.刷新父窗体(弹出该层的窗体)方法.调用父窗体.jquery.js.cts.txt

======2017-08-18 18:00:47.601069======
lhgdialog.弹框.jquery. 回调函数.txt

======2017-08-18 18:00:47.679069======
magicSuggest.美化的Download.下拉框.jun.txt

======2017-08-18 18:00:47.767069======
mouseover.delay.鼠标移过延时.txt

======2017-08-18 18:00:47.808069======
MovieList.txt

======2017-08-18 18:00:47.949069======
NoSql (2).txt

======2017-08-18 18:00:47.993069======
nosql.txt

======2017-08-18 18:00:48.060069======
openLayer.city.城市选择器.jquery.txt

======2017-08-18 18:00:48.097069======
OperationsFactory工厂设计模式(calculator简单计算器).txt

======2017-08-18 18:00:49.335069======
people.txt

======2017-08-18 18:00:49.369069======
PhotoShop快捷键大全（转）.txt

======2017-08-18 18:00:49.412069======
php.array.sort.数组.排序.txt

======2017-08-18 18:00:49.490069======
polltransport=longpoll&connection...连接的作用.txt

======2017-08-18 18:00:49.530069======
Pop3.SMTP.IMAP.邮件.协议.的区别.txt

======2017-08-18 18:00:49.571069======
PS.jun.txt

======2017-08-18 18:00:49.607069======
PS.Photoshop快捷键.txt

======2017-08-18 18:00:49.648069======
ps.Photoshop菜单中英文对照.txt

======2017-08-18 18:00:50.341069======
Pubs(script).txt

======2017-08-18 18:00:50.603069======
pubs.db.database.txt

======2017-08-18 18:00:50.847069======
pubs.schemaAndData.sql08.sql.txt

======2017-08-18 18:00:50.891069======
Quartz.windows.services.服务.安装.启动.卸载.install.satrt.uninstall.txt

======2017-08-18 18:00:50.937069======
quartz百度百科.txt

======2017-08-18 18:00:50.998069======
ReadMe.QQ.Music.音乐.新特性.txt

======2017-08-18 18:00:51.050069======
Regex.js.javascript.regex.正则验证.空格.trim().txt

======2017-08-18 18:00:51.096069======
Regex.RegularExpression.C#正则表达式.txt

======2017-08-18 18:00:51.149069======
Regex.正则表达式大全.txt

======2017-08-18 18:00:51.236069======
ruipin.睿聘.Candidate.CTS.Product.Enterprise.点点滴滴.txt

======2017-08-18 18:00:51.317069======
saas.Software-as-a-Service（软件即服务）.txt

======2017-08-18 18:00:51.362069======
SDK.Software Development Kit.软件开发工具包.txt

======2017-08-18 18:00:51.449069======
server.history.txt

======2017-08-18 18:00:51.493069======
Sessin(会话)(状态保持)(ASP.NET).txt

======2017-08-18 18:00:51.560069======
SQL Server 存储过程.txt

======2017-08-18 18:00:51.598069======
SQL Server 数据库定时自动备份 .txt

======2017-08-18 18:00:51.635069======
SQL SERVER 数据库面试题.txt

======2017-08-18 18:00:51.707069======
sql.db.backup.Procedure.存储过程.备份.数据库.txt

======2017-08-18 18:00:51.752069======
sql.index.创建索引.txt

======2017-08-18 18:00:51.788069======
SQL.ISNULL.txt

======2017-08-18 18:00:51.834069======
sql.server.分库.分表.简介.txt

======2017-08-18 18:00:51.883069======
sql.sp.系统存储过程.txt

======2017-08-18 18:00:51.951069======
sql.存储过程.stored procedures.txt

======2017-08-18 18:00:52.042069======
sql.经典案例.txt

======2017-08-18 18:00:52.393069======
SQLHelper.cs类 微软 中文版.txt

======2017-08-18 18:00:53.190069======
SqlMapper.cs.txt

======2017-08-18 18:00:53.286069======
SqlServerHelper.cs.DBUtility.txt

======2017-08-18 18:00:53.331069======
sqlserver存储过程循环写法.txt

======2017-08-18 18:00:53.378069======
sqlserver触发器.txt

======2017-08-18 18:00:53.430069======
sql查询当天记录.txt

======2017-08-18 18:00:53.489069======
SSO.单点登录.txt

======2017-08-18 18:00:53.615069======
table隔行变色.html.txt

======2017-08-18 18:00:53.666069======
Time.txt

======2017-08-18 18:00:53.902069======
todo.txt

======2017-08-18 18:00:53.954069======
trigger.触发器.txt

======2017-08-18 18:00:54.006069======
ue.User Experience.用户体验.txt

======2017-08-18 18:00:54.047069======
ued.User Experience Design.简称UED.是进行产品策划的主力之一.txt

======2017-08-18 18:00:54.098069======
UI.即User Interface（用户界面）.txt

======2017-08-18 18:00:54.137069======
UnitedFamilyHospital.和睦家.康复医院.ufh.txt

======2017-08-18 18:00:54.212069======
visibility和display区别.txt

======2017-08-18 18:00:54.262069======
visual.studio.2010.10.vs10.vs2010.devenv.shortcut.快捷键.kuaijie.jian.txt

======2017-08-18 18:00:54.315069======
VS.VisualStudio.13.2013.激活码.txt

======2017-08-18 18:00:54.362069======
vs2012.vs2013 发布网站时出现 sgen.exe 已退出 代码为 1.txt

======2017-08-18 18:00:54.399069======
vs2013.快捷键.shortcut.txt

======2017-08-18 18:00:54.439069======
web.config 中SessionState的配置.txt

======2017-08-18 18:00:54.490069======
Web.config配置详解.txt

======2017-08-18 18:00:54.572069======
Win8各种版本下载地址.txt

======2017-08-18 18:00:54.621069======
windows8.win8.shortcut.快捷键.kuaijiejian.txt

======2017-08-18 18:00:54.655069======
windows服务安装异常.txt

======2017-08-18 18:00:54.692069======
windows服务注册.txt

======2017-08-18 18:00:54.754069======
wp7.8.新增功能.txt

======2017-08-18 18:00:54.823069======
yy语音新增功能.txt

======2017-08-18 18:00:54.878069======
《奋斗》50条哲理箴言.txt

======2017-08-18 18:00:54.915069======
一个HR给应届毕业生的面试建议 后悔看到的太晚了.txt

======2017-08-18 18:00:54.957069======
一个浙江商人立下的22条规矩 （太值得借鉴了）.txt

======2017-08-18 18:00:55.021069======
一哥们给老婆定的20条规矩.txt

======2017-08-18 18:00:55.074069======
下载exele格式.txt

======2017-08-18 18:00:55.125069======
中国车牌号的识别.txt

======2017-08-18 18:00:55.164069======
中央办公厅精神【关于86后大学生就业】（读透了可以少奋斗15年！）.txt

======2017-08-18 18:00:55.201069======
为文件夹添加背景音乐.txt

======2017-08-18 18:00:55.250069======
会计.贴现业务流程.txt

======2017-08-18 18:00:55.287069======
佛陀的格言.txt

======2017-08-18 18:00:55.325069======
你厉害看完别哭.txt

======2017-08-18 18:00:55.370069======
值得你记一辈子的话~~~真的很受用.txt

======2017-08-18 18:00:55.405069======
免费论文下载 .txt

======2017-08-18 18:00:55.442069======
全面清除计算的机病毒.txt

======2017-08-18 18:00:55.481069======
关于军衔你了解多少.txt

======2017-08-18 18:00:55.532069======
删除Windows服务sc.delete.txt

======2017-08-18 18:00:55.597069======
各大高校BBS上的100个爆笑.txt

======2017-08-18 18:00:55.634069======
名人QQ号.txt

======2017-08-18 18:00:55.677069======
咖啡.Coffee.txt

======2017-08-18 18:00:55.716069======
固态硬盘.Solid State Disk.ssd.txt

======2017-08-18 18:00:55.756069======
在ASP.NET MVC 中获取当前URL.controller.action.路径.虚拟路径.参数.txt

======2017-08-18 18:00:55.793069======
在IE浏览器中使用Windows窗体控件.txt

======2017-08-18 18:00:55.829069======
在SQL Server中保存和输出任意类型的文件.txt

======2017-08-18 18:00:55.871069======
在网吧如何免费上网.txt

======2017-08-18 18:00:55.915069======
墨菲定律、二八法则、马太效应、手表定理、“不值得”定律、彼得原理、零和游戏、华盛顿合作规律、酒与污水定律、水桶定律、蘑菇管理原理、钱的问题、奥卡姆剃刀等13条是左右人生的金科玉律。（.txt

======2017-08-18 18:00:55.999069======
天气预报接口api.txt

======2017-08-18 18:00:56.047069======
女人.txt

======2017-08-18 18:00:56.094069======
女生必看的健康生活方式(很多条男生也应该注意哦~).txt

======2017-08-18 18:00:56.135069======
如何在ASP.NET页面间传送数据.txt

======2017-08-18 18:00:56.174069======
如何在JS中实现相互转换XML和JSON.txt

======2017-08-18 18:00:56.232069======
如何用代码设置控制自己网站的网页在360浏览器打开时强制优先使用极速模式，而非兼容模式.txt

======2017-08-18 18:00:56.279069======
如何移除VS解决方案中的TFS版本控制.txt

======2017-08-18 18:00:56.332069======
对象关系映射（英语：(Object Relational Mapping  简称ORM或OR mapping）.百度百科.txt

======2017-08-18 18:00:56.372069======
对象关系映射（英语：Object Relation Mapping，简称ORM，或ORM，或OR mapping）.txt

======2017-08-18 18:00:56.417069======
工作职责.txt

======2017-08-18 18:00:56.454069======
常用的CSS命名规则 .txt

======2017-08-18 18:00:56.498069======
微型 ORM-FluentData.txt

======2017-08-18 18:00:56.541069======
怎一个牛字了得啊.txt

======2017-08-18 18:00:56.574069======
怎么在Web.Config里写Sql Server连接字符串？.txt

======2017-08-18 18:00:56.611069======
想当领导要做的.txt

======2017-08-18 18:00:56.647069======
我们这一代到底招谁惹谁了.txt

======2017-08-18 18:00:56.685069======
我的电脑配置.diannaopeizhi（myComputer）.txt

======2017-08-18 18:00:56.722069======
我的电脑（myComputer）.config.配置.dell.txt

======2017-08-18 18:00:56.761069======
找回误删并清除了回收站的文档.txt

======2017-08-18 18:00:56.797069======
担保交易.baike.txt

======2017-08-18 18:00:56.846069======
推荐70部好看的校园喜剧片[转载+补充].txt

======2017-08-18 18:00:56.906069======
数字大写.txt

======2017-08-18 18:00:56.949069======
新建文本文档 (2).txt

======2017-08-18 18:00:56.991069======
易信.txt

======2017-08-18 18:00:57.030069======
星座夫妻（真的很准）.txt

======2017-08-18 18:00:57.069069======
显示投票的进度条代码.txt

======2017-08-18 18:00:57.109069======
最个性的签名.txt

======2017-08-18 18:00:57.153069======
有意思的推理0.999=1.txt

======2017-08-18 18:00:57.195069======
服务条款.biz英文域名在线服务条款.txt

======2017-08-18 18:00:57.251069======
枚举.enum.cnblogs.txt

======2017-08-18 18:00:57.292069======
枚举.enum.cnblogs.优势.txt

======2017-08-18 18:00:57.334069======
枚举.enum.meijv.meiju.txt

======2017-08-18 18:00:57.387069======
查询sql数据库中表占用的空间大小size.使用临时表.原理.jun.txt

======2017-08-18 18:00:57.431069======
标点.符号.表情.biaodian.fuhao.biaoqing.txt

======2017-08-18 18:00:57.481069======
求职面试16大热点问题解答思路－－实用版.txt

======2017-08-18 18:00:57.534069======
注册framework4.0到IIS.txt

======2017-08-18 18:00:57.583069======
浅析C#中new、override、virtual关键字的区别.from.cnblogs.txt

======2017-08-18 18:00:57.632069======
淘宝担保交易.txt

======2017-08-18 18:00:57.677069======
火箭发射有几个过程.txt

======2017-08-18 18:00:57.716069======
状态保持对象的区别(Session&Cookie&Application)(ASP.NET).txt

======2017-08-18 18:00:57.752069======
王码98版.txt

======2017-08-18 18:00:57.787069======
王码98版助记歌.txt

======2017-08-18 18:00:57.824069======
王码98版的优点.txt

======2017-08-18 18:00:57.891069======
电脑快执捷键.txt

======2017-08-18 18:00:57.927069======
电脑维修.txt

======2017-08-18 18:00:57.966069======
男人容易么？饶了他们吧！.txt

======2017-08-18 18:00:58.006069======
男人有品质底线.txt

======2017-08-18 18:00:58.049069======
登录(加密密码).txt

======2017-08-18 18:00:58.085069======
白酒分类.分类.香型.txt

======2017-08-18 18:00:58.129069======
百度百科.递归.recursion.txt

======2017-08-18 18:00:58.168069======
看到这十句话我被感动了.txt

======2017-08-18 18:00:58.202069======
看电脑眼睛不酸不胀的好方法.txt

======2017-08-18 18:00:58.248069======
神尔.儿童资料下载.2014年5月11日215245淘宝是买的.下载文件链接记事本，把他下载下来，里面有下载网址来 (1).txt

======2017-08-18 18:00:58.285069======
空间文章.txt

======2017-08-18 18:00:58.324069======
简历中自我评价.txt

======2017-08-18 18:00:58.367069======
管理学十大经典定理.txt

======2017-08-18 18:00:58.405069======
类型转换TypeParse.cs.leixingzhuanhuan.txt

======2017-08-18 18:00:58.450069======
级联删除(触发器).txt

======2017-08-18 18:00:58.503069======
经典口误.txt

======2017-08-18 18:00:58.567069======
网络用语.txt

======2017-08-18 18:00:58.609069======
网络用语baike.txt

======2017-08-18 18:00:58.663069======
网页切图过程中div+css命名规则.txt

======2017-08-18 18:00:58.703069======
老外经常说到50个俚语.txt

======2017-08-18 18:00:58.748069======
自动补全（自动完成）（AutoComplete）.txt

======2017-08-18 18:00:58.900069======
自定义asp.net2.0权限提供程序SqlMembershipProvider.txt

======2017-08-18 18:00:58.934069======
苦丁茶.txt

======2017-08-18 18:00:58.968069======
苦丁茶功效.tea.kudingcha.txt

======2017-08-18 18:00:59.048069======
购物车代码.txt

======2017-08-18 18:00:59.097069======
迅雷7版本特性.txt

======2017-08-18 18:00:59.138069======
送花的含义.txt

======2017-08-18 18:00:59.193069======
隐藏在OFFICE里的游戏.txt

======2017-08-18 18:00:59.271069======
面试.txt

======2017-08-18 18:00:59.314069======
页面放歌曲或视频.txt

======2017-08-18 18:00:59.426069======
高效去掉js数组中的重复项.txt

