======2017-08-18 17:59:27.312069======
$.blinkTitle.标题闪烁.新消息.message.jQuery.javascript.txt

======2017-08-18 17:59:27.322069======
$.blockUI().遮罩.loading效果.jun.txt

======2017-08-18 17:59:28.702069======
.net.mvc4.文件夹.结构说明.txt

======2017-08-18 17:59:28.722069======
.NET开发人员值得关注的七个开源项目.txt

======2017-08-18 17:59:28.725069======
0000.txt

======2017-08-18 17:59:28.727069======
1.txt

======2017-08-18 17:59:29.365069======
2007网络哲言.txt

======2017-08-18 17:59:29.368069======
2014年11月7日162521清除Leader名字下面的Mycandidate.txt

======2017-08-18 17:59:29.938069======
2014年8月7日 171909.Clear.Sql.CareerCMS_New.清理数据库中的邮件获取和文件夹获取的数据.txt

======2017-08-18 17:59:29.941069======
20150524办理公积金.txt

======2017-08-18 17:59:29.949069======
26个Jquery使用小技巧 - 原版.txt

======2017-08-18 17:59:29.968069======
26个Jquery使用小技巧.txt

======2017-08-18 17:59:29.970069======
26句话，让你豁然开朗（不信试试）.txt

======2017-08-18 17:59:31.546069======
a.css.text-decoration.超链接.去掉自带的下划线.txt

======2017-08-18 17:59:31.548069======
a.超链接(httpwww.17sucai.com).txt

======2017-08-18 17:59:31.550069======
ahjesus Axure RP 7.0注册码.txt

======2017-08-18 17:59:31.596069======
api.百度地图.自定义绘制驾车路线、调整视野以便显示起点和终点、自定义起点终点的标记.txt

======2017-08-18 17:59:31.598069======
Application(状态保持)(ASP.NET).txt

======2017-08-18 17:59:31.600069======
Arial.英文字体.font.txt

======2017-08-18 17:59:31.608069======
art.dialog.弹窗.txt

======2017-08-18 17:59:31.615069======
ASP .NET MYSQL 的简单分页 并不适用于所有SQL语句.txt

======2017-08-18 17:59:31.660069======
ASP.NET 4.0事件消息 发生了验证错误检测到有潜在危险的 Request.Form 值.txt

======2017-08-18 17:59:31.662069======
ASP.NET MVC4(Razor)从客户端中检测到有潜在危险的 Request.Form 值.txt

======2017-08-18 17:59:31.673069======
ASP.NET MVC：Razor 引入命名空间.在cshtml页面.namespace.txt

======2017-08-18 17:59:31.732069======
ASP.NET 程序中常用的三十三种代码.txt

======2017-08-18 17:59:31.744069======
asp.net 编码.txt

======2017-08-18 17:59:31.790069======
asp.net.cookie.跨域问题.txt

======2017-08-18 17:59:31.805069======
asp.net.download.下载.xiazhai.txt

======2017-08-18 17:59:31.815069======
Asp.net.GridView.AspNetPager.军考网简单的使用.txt

======2017-08-18 17:59:31.826069======
asp.net.repeater.服务器端控件.使用.txt

======2017-08-18 17:59:31.883069======
asp.net.web.ActiveX.调用.txt

======2017-08-18 17:59:31.887069======
asp.net.web.activeX调用.测试成功.txt

======2017-08-18 17:59:31.890069======
asp.net.统计在线线人数.txt

======2017-08-18 17:59:31.992069======
asp.net中如何用c#实现弹出式的交互对话窗口.txt

======2017-08-18 17:59:31.995069======
asp.net使用客户端验证.txt

======2017-08-18 17:59:32.005069======
asp.net发布.每个页面对应一个dll.txt

======2017-08-18 17:59:32.055069======
ASP.NET开发人员值得关注的七个开源项目.txt

======2017-08-18 17:59:32.057069======
ASP.Net超时时间已到(time out)。在操作完成之前超时时间已过或服务器未响应的解决方法.txt

======2017-08-18 17:59:32.060069======
aspnetpager.css. 漂亮样式.txt

======2017-08-18 17:59:32.062069======
aspnetpager配合Reaper真分页.jun.txt

======2017-08-18 17:59:32.106069======
bill发给我的.sql(我的职位列表（已开始）).txt

======2017-08-18 17:59:32.108069======
bill发给我的.候选人状态.txt

======2017-08-18 17:59:32.116069======
bill发给我的.同步ERP.Employees和职位信息.txt

======2017-08-18 17:59:32.121069======
bill发给我的7天保护期的搜索程序.搜索索引库.添加参数.txt

======2017-08-18 17:59:32.135069======
bill发给我的下载例子.webclient.download.WebForm3.aspx.cs.txt

======2017-08-18 17:59:32.138069======
BitLocker 恢复密钥 B97AAA8A-E61D-4C25-B6E1-CFFF91824663.txt

======2017-08-18 17:59:32.140069======
bootdialog.jun.自己写的.txt

======2017-08-18 17:59:32.142069======
bootstrap.form-control.group.input-group.input-group-btn.txt

======2017-08-18 17:59:32.144069======
bootstrap.找不到woff2.报404错解决方案.txt

======2017-08-18 17:59:32.152069======
bootstrap.气泡弹框.txt

======2017-08-18 17:59:32.156069======
bootstrap.气泡弹框.使用说明.参数配置.txt

======2017-08-18 17:59:32.158069======
bootstrap3中的Glyphicons 图标用法及大小的改变 .txt

======2017-08-18 17:59:32.161069======
bootstrapTable.jun.txt

======2017-08-18 17:59:32.165069======
bootstrap按钮.btn.button.txt

======2017-08-18 17:59:32.171069======
bootstrap：输入框组.按钮在右时显示.txt

======2017-08-18 17:59:32.265069======
Button(httpwww.17sucai.com).css.txt

======2017-08-18 17:59:32.267069======
C# byte[]和文件FileStream相互转化.txt

======2017-08-18 17:59:32.280069======
C# Byte[]数组读取和写入文件.txt

======2017-08-18 17:59:32.288069======
C# Post数据和接收简单示例 .juns.txt

======2017-08-18 17:59:32.291069======
C# XML转义字符与特殊字符进行替换.txt

======2017-08-18 17:59:32.293069======
C# 使用TimeSpan计算两个时间差 .txt

======2017-08-18 17:59:32.300069======
C# 动态增加CSS连接 js文件连接2.txt

======2017-08-18 17:59:32.304069======
C# 各种数据类型的最大值和最小值常数.txt

======2017-08-18 17:59:32.307069======
C# 将xml文件中获取xml字符串.txt

======2017-08-18 17:59:32.340069======
C# 汉字与GBK Unicode UTF-8编码之间的转换.zhuanma.txt

======2017-08-18 17:59:32.342069======
c# 获得方法的调用者的调用者的类名(class.name)方法名(method.name).txt

======2017-08-18 17:59:32.358069======
C# 路径，文件，目录,IO常见问题汇总.cnblogs.txt

======2017-08-18 17:59:32.401069======
C#(.net)中的一次连接数据库执行多条sql语句(两种方法).txt

======2017-08-18 17:59:32.470069======
C#.app.config.databasename.获取数据库连接串的中一个变量的值.txt

======2017-08-18 17:59:32.472069======
c#.asp.net刷新.页面.txt

======2017-08-18 17:59:32.474069======
c#.aspx.bind.页面绑定后台方法.公共类方法.common.bangding.txt

======2017-08-18 17:59:32.476069======
c#.aspx.bind.页面绑定后台方法.公共类方法.common.txt

======2017-08-18 17:59:32.478069======
C#.byte[].与.string.的.转换.txt

======2017-08-18 17:59:32.481069======
C#.byte[]和文件FileStream相互转化.txt

======2017-08-18 17:59:32.483069======
C#.Console.fontcolor.控制台设置字体颜色.txt

======2017-08-18 17:59:32.525069======
C#.DateTimeHelper.cs.日期时间类封装.txt

======2017-08-18 17:59:32.540069======
C#.DES.加密.解密.(字符串, 秘钥).txt

======2017-08-18 17:59:32.578069======
C#.dic.dictionary. 字典.txt

======2017-08-18 17:59:32.580069======
C#.dic.dictionary.xml读取的集合写到字典中.txt

======2017-08-18 17:59:32.582069======
C#.Dictionary.foreach.字典遍历.txt

======2017-08-18 17:59:32.585069======
C#.Download.byte[].Save.File.ToLocalDisk.下载远程路径.字节数组.保存文件到本地磁盘.txt

======2017-08-18 17:59:32.587069======
C#.Enum.获取枚举类型的名字字符串的方法.jun.txt

======2017-08-18 17:59:32.589069======
C#.ExcelToDataSet.jun.txt

======2017-08-18 17:59:32.591069======
C#.Get.Post请求.txt

======2017-08-18 17:59:32.596069======
C#.getCurDateTimeWithMillion.根据时间.随机数.txt

======2017-08-18 17:59:32.599069======
C#.javascript.js.alert.ClientScript.RegisterStartupScript.注册脚本.弹出提示框.tishi.kuang.zhuce.jiaoben.txt

======2017-08-18 17:59:32.601069======
C#.List.Contains.报错.未将对象引用到实例.txt

======2017-08-18 17:59:32.604069======
C#.Match三种取整.txt

======2017-08-18 17:59:32.606069======
C#.MVC.传递html参数.特殊字符.ValidateInput.txt

======2017-08-18 17:59:32.608069======
C#.MVC页面显示.附件存在则下载.不存在不显示.jun.txt

======2017-08-18 17:59:32.616069======
C#.NET 字符串转数组，数组转字符串.txt

======2017-08-18 17:59:32.652069======
c#.picture.photo.upload.图片上传到服务器.txt

======2017-08-18 17:59:32.654069======
c#.replace.System.Text.RegularExpressions.Regex.Replace替换.txt

======2017-08-18 17:59:32.656069======
C#.SBC.DBC.case.全角.半角.转化.jun.quanjiao.banjiao.txt

======2017-08-18 17:59:32.658069======
C#.Stopwatch.准确的测量运行时间.jun.txt

======2017-08-18 17:59:32.660069======
C#.Stream 和 byte[] 之间的转换.txt

======2017-08-18 17:59:32.662069======
C#.string.dateNow = DateTime.Now.ToString(yyyyMMddHHmmssfff).txt

======2017-08-18 17:59:32.664069======
c#.System.Diagnostics.Stopwatch.监控.运行.时间.txt

======2017-08-18 17:59:32.666069======
C#.ToString.as String.Convert.ToString.(string).字符串转化.NullReferenceException异常.txt

======2017-08-18 17:59:32.676069======
C#.xml.XmlSerializer.Deserialize.序列化.反序列化.xlh.fxlh.jun.txt

======2017-08-18 17:59:32.679069======
C#.xml字符串保存为Xml文件.jun.测试过可用.txt

======2017-08-18 17:59:32.681069======
C#.下拉列表绑定DropDownListBind.txt

======2017-08-18 17:59:32.766069======
c#.分割字符串.String.Split.fengezifuchuan.txt

======2017-08-18 17:59:32.768069======
c#.分割字符串.String.Split.txt

======2017-08-18 17:59:32.770069======
C#.判断.文件夹.不存在.创建文件夹.txt

======2017-08-18 17:59:32.773069======
c#.半角.转.全角.英文标点.中文标点.ToSBC.ToDBC.txt

======2017-08-18 17:59:32.775069======
c#.取得不重复的值.主键.jun.txt

======2017-08-18 17:59:32.783069======
c#.后台.手动拼接.简单的json串.txt

======2017-08-18 17:59:32.798069======
C#.字符串处理.cnblogs.txt

======2017-08-18 17:59:32.800069======
C#.将 Stream 转成 byte[](流转化为字节数组).txt

======2017-08-18 17:59:32.845069======
C#.小数.浮点.四舍五入.Float.Math.txt

======2017-08-18 17:59:32.847069======
C#.数组和泛型转化.转换.List.to.Array.txt

======2017-08-18 17:59:32.850069======
C#.数组转字符串.Array2String.Join.txt

======2017-08-18 17:59:32.870069======
c#.日期时间.DateTime.txt

======2017-08-18 17:59:32.889069======
C#.替换.字符.C#特殊字符过滤函数.txt

======2017-08-18 17:59:32.984069======
C#.格式化字符串.货币.时间.数字.各种进制.科学型.String.Format.{0N2} {0D2} {0C2}.txt

======2017-08-18 17:59:32.986069======
C#.正则.过滤掉双大括号以及之间的内容.过滤书签.daxtra解析内容中的书签替换.txt

======2017-08-18 17:59:32.989069======
C#.正则匹配简历编号.jun.careerintlinc.txt

======2017-08-18 17:59:32.992069======
C#.注释.comment.规范.txt

======2017-08-18 17:59:32.995069======
C#.注释.comment.规范.zhushi.guifan..txt

======2017-08-18 17:59:32.999069======
C#.流文件Stream和byte字节数组的转化.txt

======2017-08-18 17:59:33.001069======
C#.特殊字符转义方法.转义字符串中所有正则特殊字符.txt

======2017-08-18 17:59:33.004069======
c#.生成特殊符号.用户无法输入.txt

======2017-08-18 17:59:33.007069======
C#.线程.休眠3秒钟.Thread.Sleep(3).txt

======2017-08-18 17:59:33.009069======
C#.缓存操作类.cs.txt

======2017-08-18 17:59:33.016069======
C#.缓存相关的操作类.DataCache.cs.txt

======2017-08-18 17:59:33.024069======
C#.获取.物理路径.全路径中的文件名.文件纯路径.txt

======2017-08-18 17:59:33.026069======
C#.获取随机数.txt

======2017-08-18 17:59:33.450069======
C#.解析xml串.获取.每一个元素的值.txt

======2017-08-18 17:59:33.453069======
c#.读取FileUpLoad的流.io.txt

======2017-08-18 17:59:33.458069======
C#.转义.字符.简介..txt

======2017-08-18 17:59:33.460069======
c#.递归.1 1 2 3 5 8 13.interview.面试.txt

======2017-08-18 17:59:33.462069======
c#.通过反射.Reflection.获得方法的调用者的调用者的类名ClassName.方法名.MethodName.jun.txt

======2017-08-18 17:59:33.465069======
C#.随机生成验证码.txt

======2017-08-18 17:59:33.468069======
c#.随机码Random.Next.Validate.Check.验证.噪音线.干扰线.jun.cs.txt

======2017-08-18 17:59:33.470069======
C#DateTime.To.long.日期时间型转化长整形.txt

======2017-08-18 17:59:33.473069======
C#TimeSpan.txt

======2017-08-18 17:59:33.758069======
C#上一级物理路径.txt

======2017-08-18 17:59:33.776069======
C#不存在文件夹就新建.txt

======2017-08-18 17:59:33.784069======
C#中foreach获取index.txt

======2017-08-18 17:59:33.823069======
C#几种截取字符串的方法小结.txt

======2017-08-18 17:59:33.861069======
C#判断是否连网.txt

======2017-08-18 17:59:33.863069======
C#动态加载CSS.txt

======2017-08-18 17:59:33.865069======
C#基础-获得当前程序的 空间名.类名.方法名  .txt

======2017-08-18 17:59:33.901069======
C#字符串包含.txt

======2017-08-18 17:59:33.903069======
C#将文件转化为字节数组byte[].txt

======2017-08-18 17:59:33.907069======
C#常用正则表达式,验证邮箱URL电话号码等.txt

======2017-08-18 17:59:33.909069======
C#怎么将byte[]存入到数据库.txt

======2017-08-18 17:59:33.919069======
c#执行CMD命令.txt

======2017-08-18 17:59:33.924069======
C#操作txt.txt

======2017-08-18 17:59:33.926069======
C#操作word.书签替换.遍历工作经验.设置字体等.txt

======2017-08-18 17:59:33.936069======
C#操作xml.From百度知道.jun.txt

======2017-08-18 17:59:33.938069======
C#时间.年月日时分秒.生产随机码.txt

======2017-08-18 17:59:33.941069======
C#根据当前时间获取，本周，本月，本季度等时间段.txt

======2017-08-18 17:59:33.943069======
C#格式化Json数据.Format.jun.txt

======2017-08-18 17:59:33.945069======
C#模拟http 发送post或get请求.txt

======2017-08-18 17:59:34.036069======
C#生成随机验证码.txt

======2017-08-18 17:59:34.038069======
C#编程提取文件名时如何去掉后缀.txt

======2017-08-18 17:59:34.042069======
C#获取IP.mac.硬盘.主板.cpu等等信息.jun.txt

======2017-08-18 17:59:34.045069======
C#获取当前应用程序的路径.txt

======2017-08-18 17:59:34.054069======
C#获得客户端的IP,主机名 获取当前时间 .txt

======2017-08-18 17:59:34.107069======
C#读取PDF文件的文本txt.PDFBox-0.7.3.jun.txt

======2017-08-18 17:59:34.109069======
C#读取Xml文件.txt

======2017-08-18 17:59:34.111069======
C#读取日志文件.读取文本文件方法.txt

======2017-08-18 17:59:34.127069======
C#读取邮件.cs.txt

======2017-08-18 17:59:34.130069======
C#调用C++DLL实例.txt

======2017-08-18 17:59:34.133069======
C#调用线点逻辑.jun.txt

======2017-08-18 17:59:34.135069======
C#跳出foreach循环.txt

======2017-08-18 17:59:34.138069======
C#连接字符串.txt

======2017-08-18 17:59:34.143069======
Cache读取和写入.txt

======2017-08-18 17:59:34.270069======
Career.清除Operates.HR部门MyCandidate的数据.假删除.txt

======2017-08-18 17:59:34.273069======
Careerintlinc.电话会议.net.metting.txt

======2017-08-18 17:59:34.276069======
CC30天保护.txt

======2017-08-18 17:59:34.370069======
checkboxlist.setvalue.设置值.asp.net.txt

======2017-08-18 17:59:34.377069======
ChinaCareer.careerintlinc.公司人才网.网站的一些说明.txt

======2017-08-18 17:59:34.383069======
ChineseCode.cs.txt

======2017-08-18 17:59:34.386069======
chrome 命令.google浏览器高级应用.txt

======2017-08-18 17:59:34.395069======
chrome浏览器自身的DNS缓存.txt

======2017-08-18 17:59:34.523069======
CMD.命令.启动.start.重启.reset.IIS.txt

======2017-08-18 17:59:34.674069======
computer.Batch.Clear.clean.清理电脑垃圾的批处理说明.txt

======2017-08-18 17:59:34.687069======
computer.Batch.删除指定文件夹下的指定文件.批处理(超级资源管理器功能.jun测试过).bat.txt

======2017-08-18 17:59:34.695069======
computer.Batch.删除指定文件夹下的指定文件.批处理(超级资源管理器功能.jun测试过).txt

======2017-08-18 17:59:34.719069======
computer.dell.config.我的笔记本.配置.详细报表.txt

======2017-08-18 17:59:34.729069======
computer.regedit.usbstor.禁用.启用.usb.txt

======2017-08-18 17:59:34.733069======
computer.regedit.usb无法访问 拒绝访问 怎么办.txt

======2017-08-18 17:59:34.908069======
computer.win8各种版本下载地址.txt

======2017-08-18 17:59:34.916069======
computer.定时关机.bat.txt

======2017-08-18 17:59:35.026069======
ConfigBase.cs.txt

======2017-08-18 17:59:35.033069======
ConfigHelper.cs.配置管理.txt

======2017-08-18 17:59:35.038069======
ConvertUtil.cs.txt

======2017-08-18 17:59:35.040069======
Cookie(状态保持)(ASP.NET).txt

======2017-08-18 17:59:35.042069======
cookie登陆判断.txt

======2017-08-18 17:59:35.044069======
CRUD.百度百科.txt

======2017-08-18 17:59:35.046069======
css.!important.Selector.txt

======2017-08-18 17:59:35.090069======
css.border.radius.圆角边框.txt

======2017-08-18 17:59:35.093069======
CSS.border.style.属性.txt

======2017-08-18 17:59:35.118069======
CSS.Div+CSS代替table.txt

======2017-08-18 17:59:35.195069======
css.english.英文中常用字体.font.txt

======2017-08-18 17:59:35.197069======
css.font-family.微软雅黑.txt

======2017-08-18 17:59:35.199069======
css.font.字体.txt

======2017-08-18 17:59:35.212069======
css.font.字体.样式.大小.行间距.字间距.词间距.txt

======2017-08-18 17:59:35.214069======
css.opacity.alpha.filter.半透明.鼠标放在.图片上.出现.图片.变亮.txt

======2017-08-18 17:59:35.216069======
css.table不换行.txt

======2017-08-18 17:59:35.218069======
CSS.ul-li代替table.txt

======2017-08-18 17:59:35.221069======
css.ul.li.a.横排.txt

======2017-08-18 17:59:35.224069======
CSS.层叠样式表.规范.txt

======2017-08-18 17:59:35.227069======
css.底部任务条.固定于页面底部.来自禅道.txt

======2017-08-18 17:59:35.230069======
css.强制换行.txt

======2017-08-18 17:59:35.337069======
CSS.更好的组织css结构.txt

======2017-08-18 17:59:35.387069======
CSS.简单的纯CSS Tooltip.txt

======2017-08-18 17:59:35.390069======
CSS.纯Css气泡箭头特效，采用css3的语言框效果.html.txt

======2017-08-18 17:59:35.442069======
CSS.重置.Reset CSS.txt

======2017-08-18 17:59:35.444069======
CSS.重设基本样式.txt

======2017-08-18 17:59:35.447069======
css.高级用法.txt

======2017-08-18 17:59:35.449069======
css3.background.txt

======2017-08-18 17:59:35.497069======
css中font-size的单位有px、em、pt，请问哪个最好.txt

======2017-08-18 17:59:35.547069======
CSS变量和预处理器变量的差异.txt

======2017-08-18 17:59:35.598069======
css设置按钮位置居中.txt

======2017-08-18 17:59:35.607069======
CSS超出部分隐藏.text-overflow.ellipsis.截取.省略号代替.txt

======2017-08-18 17:59:35.616069======
CTS.Advanced.Search.Permission.role.高级搜索权限.2017年7月25日.txt

======2017-08-18 17:59:35.620069======
CTS.CVFuncion.IndustryType.JobType.职能.行业.zhineng.hangye.txt

======2017-08-18 17:59:35.623069======
cts.db.sql.语句.团队已推荐候选人.txt

======2017-08-18 17:59:35.625069======
CTS.product.dictionary.字典获取.txt

======2017-08-18 17:59:35.628069======
cts.product.email.capture.db.flow.邮件捕获入库流程.txt

======2017-08-18 17:59:35.630069======
CTS.候选人推荐到职位程序迁移.txt

======2017-08-18 17:59:35.633069======
CTS.增强版.企业版.Enterprise.备份.backup..清理数据.truncate.收缩数据库.shrink.txt

======2017-08-18 17:59:35.635069======
cts.导出我的候选人sql.带有最新一条Comments.outer apply.cvevent..txt

======2017-08-18 17:59:35.637069======
CTS.搜索传过去的json字符串参数.txt

======2017-08-18 17:59:38.818069======
CTS.文件下载.download.虚拟目录.txt

======2017-08-18 17:59:38.833069======
CTS.正式.Web.config.txt

======2017-08-18 17:59:38.836069======
CTS服务器上的备份方案T-sql.每次备份成功删除上次备份.jun.txt

======2017-08-18 17:59:38.838069======
CTS的用到的回调函数.jun.txt

======2017-08-18 17:59:38.844069======
CV 数据库结构.简历解析数据库.Resume.htm.txt

======2017-08-18 17:59:38.847069======
CVOwner新加了一个表.sql.txt

======2017-08-18 17:59:38.849069======
CVSearch.添加了两个字段.2015年1月15日170428.txt

======2017-08-18 17:59:38.971069======
Dapper.SqlMapperUtil.junstested(crud.增删改查).轻量级.ORM.基于ado.net - 副本.txt

======2017-08-18 17:59:38.974069======
Dapper.transaction.事务.txt

======2017-08-18 17:59:38.979069======
Dapper.查询数量.Count.txt

======2017-08-18 17:59:38.982069======
dapper.获取最后插入的自增列的值.indextity.jun.txt

======2017-08-18 17:59:39.125069======
DataContract] [DataMember] 需要添加引用程序集System.Runtime.Serialization.txt

======2017-08-18 17:59:39.136069======
DataList.txt

======2017-08-18 17:59:39.139069======
DataList嵌套.txt

======2017-08-18 17:59:39.141069======
DataList嵌套DataList(实体类传递).txt

======2017-08-18 17:59:39.144069======
Datatable.foreach.datarow. 循环.遍历.txt

======2017-08-18 17:59:39.147069======
datatable.to.json.lyn给我的.mofiy写的.txt

======2017-08-18 17:59:39.149069======
Datatable.To.List.txt

======2017-08-18 17:59:39.151069======
DataTable.txt

======2017-08-18 17:59:39.154069======
DateTime.Now.DayOfWeek.星期.txt

======2017-08-18 17:59:39.156069======
DateTimeFormat.日期格式化.将2011092012格式化成标准日期格式.riqigeshihua.txt

======2017-08-18 17:59:39.174069======
DateTimeUtil.cs.txt

======2017-08-18 17:59:39.179069======
DaxtraSmartParse(CV简历解析为xml调用程序).asp.txt

======2017-08-18 17:59:39.181069======
db.abc.数据库连接串.con.connection.String.config.配置.peizhi.txt

======2017-08-18 17:59:39.184069======
db.abc.数据库连接串.con.connection.String.config.配置.txt

======2017-08-18 17:59:39.187069======
db.Access.helper.txt

======2017-08-18 17:59:39.190069======
db.AccessHelper.txt

======2017-08-18 17:59:39.192069======
db.Access链接串.txt

======2017-08-18 17:59:39.195069======
DB.DataBase.ACCESS的连接打开及数据更新.txt

======2017-08-18 17:59:39.236069======
db.database.sqlserver的备份与恢复.From.backup.jun.sql.txt

======2017-08-18 17:59:39.239069======
DB.DataBase.上传图片到数据库中并显示出来.txt

======2017-08-18 17:59:39.326069======
DB.DataBase.从数据库中删除数据代码.txt

======2017-08-18 17:59:39.329069======
DB.DataBase.取数据库中的记录数.txt

======2017-08-18 17:59:39.331069======
DB.DataBase.向数据库中更新数据代码.txt

======2017-08-18 17:59:39.334069======
DB.DataBase.在数据库中插入数据代码.txt

======2017-08-18 17:59:39.386069======
DB.DataBase.实现省市连动.txt

======2017-08-18 17:59:39.388069======
DB.DataBase.把Excel文件中的数据读入到DataGrid中.txt

======2017-08-18 17:59:39.391069======
DB.DataBase.把exele文件中数据导入到sql中.txt

======2017-08-18 17:59:39.393069======
DB.DataBase.把图片的虚拟地址保存到数据库中.txt

======2017-08-18 17:59:39.396069======
DB.DataBase.把数据库中的字段输出到控件上.txt

======2017-08-18 17:59:39.399069======
DB.DataBase.更新数据库信息.txt

======2017-08-18 17:59:39.402069======
DB.DataBase.查询最近n天的记录.txt

======2017-08-18 17:59:39.404069======
DB.DataBase.绑定datagide.txt

======2017-08-18 17:59:39.407069======
DB.DataBase.网页中显示图片并传id到特定页面还可以显示默认图片.txt

======2017-08-18 17:59:39.447069======
DB.DataBase.连接ACCESS数据库.txt

======2017-08-18 17:59:39.456069======
db.From.志辰.txt

======2017-08-18 17:59:39.466069======
db.sql.backup.jun.周期性备份数据库代码(自动删除原备份文件).txt

======2017-08-18 17:59:39.469069======
db.sql.backup.jun.我测试过.最推荐使用.txt

======2017-08-18 17:59:39.471069======
db.sql.backup.jun.数据库批量备份存储过程(判断盘符、路径，错误盘符返回，不存在的路径自动创建) .txt

======2017-08-18 17:59:39.473069======
db.sql.case.when.then.olcc.txt

======2017-08-18 17:59:39.475069======
db.sql.jun.如何批量删除前缀相同的表数据.txt

======2017-08-18 17:59:39.548069======
db.sql.sqlserver.replace.去掉空格&匹配有空格的字段.txt

======2017-08-18 17:59:39.550069======
DB.SQL.替换SQL特殊字符.txt

======2017-08-18 17:59:39.590069======
db.sqlserver.导入大脚本.sql.cmd.txt

======2017-08-18 17:59:39.592069======
db.大全.From.志辰.全部都是已测试的.txt

======2017-08-18 17:59:39.638069======
DBHelper.cs.txt

======2017-08-18 17:59:39.641069======
DBHelper最简单版.txt

======2017-08-18 17:59:39.643069======
DebugLogger.cs.txt

======2017-08-18 17:59:39.753069======
Drupal是使用PHP语言编写的开源内容管理框架（CMF），它由内容管理系统（CMS）.txt

======2017-08-18 17:59:39.757069======
DTcms V1.0 在线帮助中心.txt

======2017-08-18 17:59:39.764069======
Easyui 1.2.4+jQuery1.6.4 Dialog控件cache属性失效解决方案.测试过可用.jun.txt

======2017-08-18 17:59:39.774069======
EF4.0和EF5.0增删改查的写法区别及执行Sql的方法.txt

======2017-08-18 17:59:39.778069======
EF5(entity.framework)helper.实体框架.帮助类.txt

======2017-08-18 17:59:39.815069======
email记录.ufh.united.family.hospital.和睦家医院.txt

======2017-08-18 17:59:40.194069======
employeesposition.higntech.txt

======2017-08-18 17:59:40.197069======
employeesposition.n+10.txt

======2017-08-18 17:59:40.199069======
Employees表中添加了一条数据dax_master.txt

======2017-08-18 17:59:40.304069======
encyclopedia.Adobe Audition.txt

======2017-08-18 17:59:40.307069======
encyclopedia.Bit.B.KB.MB.GB.TB.PB.EB.ZB.YB.NB.DB.比特,千比特,百万比特,兆比特.txt

======2017-08-18 17:59:40.309069======
encyclopedia.crud.增删改查.txt

======2017-08-18 17:59:40.512069======
encyclopedia.树欲静而风不止，子欲养而亲不待.txt

======2017-08-18 17:59:58.320069======
ERP.ApplyJob.求职.推送到ERP中的表.txt

======2017-08-18 18:00:06.778069======
ERP.查询所有顾问（包括在职和离职的）组织和详情.sql.txt

======2017-08-18 18:00:06.780069======
Everything.文件搜索.search.技巧.支持.布尔表达式.正则表达式.txt

======2017-08-18 18:00:06.876069======
example.js.javascript.jquery.文本框输入文字后提示语消失特效-懒人图库.htm.txt

======2017-08-18 18:00:06.881069======
example.js.javascript.用JS实现的radio图片选择按钮效果-懒人图库.htm.txt

======2017-08-18 18:00:06.925069======
FileUpload.txt

======2017-08-18 18:00:06.938069======
FileUtil.cs.txt

======2017-08-18 18:00:06.955069======
filterConfig.重写OnActionExecuting.记录日志.txt

======2017-08-18 18:00:07.049069======
Flexigrid.cs.txt

======2017-08-18 18:00:07.068069======
FormatToJson.cs.List.To.Json.txt

======2017-08-18 18:00:07.190069======
fullcalendar.24小时制.txt

======2017-08-18 18:00:07.192069======
fullcalendar.formatDate.自带的日期时间格式化函数.txt

======2017-08-18 18:00:07.232069======
fullcalendar.基本使用.中文.汉化.txt

======2017-08-18 18:00:07.237069======
GIS.地理信息系统.txt

======2017-08-18 18:00:07.258069======
Global定时器.定时发送短信.timer.txt

======2017-08-18 18:00:07.269069======
GMT时间转成本地时间.世界时UT即格林尼治平太阳时间.C#.txt

======2017-08-18 18:00:07.354069======
gridView.Style样式.txt

======2017-08-18 18:00:07.365069======
gridView.Style样式2.txt

======2017-08-18 18:00:07.367069======
gridView.Style样式3.txt

======2017-08-18 18:00:07.432069======
GridView与CheckBox一次配合删除多项.txt

======2017-08-18 18:00:07.434069======
ha.txt

======2017-08-18 18:00:07.443069======
hero(Mariah Carey)中文歌词.txt

======2017-08-18 18:00:07.445069======
Hibole.金略数据库.jinlueshujuku.database.db.txt

======2017-08-18 18:00:07.447069======
HouseUtil.cs.txt

======2017-08-18 18:00:07.450069======
HRM=Human Resource Manager.人力资源经理.txt

======2017-08-18 18:00:07.451069======
HRMJDCONTACTINFO.Career.ERP. 职位统计.sql.Position.Static.DATEDIFF.对比时间.date.time.txt

======2017-08-18 18:00:07.453069======
html encode.txt

======2017-08-18 18:00:07.458069======
html.color.css.配色舒服的样式.html.txt

======2017-08-18 18:00:07.460069======
html.css.a.tab.纯css实现.选项卡效果.锚链接原来可以这么.htm.txt

======2017-08-18 18:00:07.467069======
html.css.a.tab.纯css实现.选项卡效果.锚链接原来可以这么用.htm.txt

======2017-08-18 18:00:08.595069======
html.css.ie.判断.ie6.ie7.ie8.ie9.compatible.broswer.浏览器.liulanqi.兼容.jianrong.txt

======2017-08-18 18:00:08.598069======
html.css.javascript.menu.菜单.caidan.html.txt

======2017-08-18 18:00:08.600069======
html.css.javascript.picture.image.photo.change.图片轮播.tupianlunbo.html.txt

======2017-08-18 18:00:08.610069======
html.css.table.表格边框设置.txt

======2017-08-18 18:00:08.612069======
html.css.ul.li.list.style.position.txt

======2017-08-18 18:00:08.614069======
html.css.ul.li.style.txt

======2017-08-18 18:00:08.617069======
html.css.ul.li.style.样式.txt

======2017-08-18 18:00:08.664069======
html.fieldset.legend.txt

======2017-08-18 18:00:08.714069======
html.mailto.邮件链接.txt

======2017-08-18 18:00:08.716069======
html.option.select.selected.下拉列表.xialaliebiao.txt

======2017-08-18 18:00:08.719069======
html.option.select.彩色下拉框.style=color.txt

======2017-08-18 18:00:08.727069======
html.option.selected.style.width.下拉列表宽度.txt

======2017-08-18 18:00:08.730069======
html.selected.style.width.下拉列表宽度.txt

======2017-08-18 18:00:08.768069======
html.网页.ico.浏览器.选项卡.logo.图标.txt

======2017-08-18 18:00:08.873069======
html中怎么去掉input获取焦点时候的边框.outline.none.txt

======2017-08-18 18:00:08.875069======
HTML实体与网页编码.txt

======2017-08-18 18:00:08.966069======
HTTP 错误 500.21 - Internal Server Error PageHandlerFactory-Integrated.txt

======2017-08-18 18:00:09.292069======
iframe去掉横向滚动条 .txt

======2017-08-18 18:00:09.295069======
IIS7错误不能在此路径中使用此配置节。如果在父级别上锁定了该节，便会出现这种情况。锁定是默认设置的(overrideModeDefault=Deny)..txt

======2017-08-18 18:00:09.306069======
input file 完美变身.改变原有的风格.jun.career候选人管理系统.上传简历用的.txt

======2017-08-18 18:00:09.350069======
InputHelper.readme.txt

======2017-08-18 18:00:09.353069======
InsertIntoUser.txt

======2017-08-18 18:00:09.356069======
int.long.max.最大长度.length.txt

======2017-08-18 18:00:09.358069======
IO.File.从text文件中读取数据到控件中.txt

======2017-08-18 18:00:09.361069======
IO.File.向数据文件中写入数据.txt

======2017-08-18 18:00:09.364069======
IO.File.文件上传代码C#版.txt

======2017-08-18 18:00:09.366069======
IO.File.文件上传到服务器中并保存到数据库中.txt

======2017-08-18 18:00:09.369069======
jauery.获取表单所有数据.get form all data.txt

======2017-08-18 18:00:09.409069======
Java 开发环境配置.环境变量.jun.txt

======2017-08-18 18:00:09.457069======
javascript(URL).txt

======2017-08-18 18:00:09.459069======
javascript.jquery.打印出.print.json对象.JSON.stringify.jun.txt

======2017-08-18 18:00:09.461069======
javascript.jquery.获得地址栏参数的值.txt

======2017-08-18 18:00:09.470069======
javascript.js.(node.js).txt

======2017-08-18 18:00:09.472069======
javascript.js.change.skin.换肤.更换CSS.txt

======2017-08-18 18:00:09.485069======
javascript.js.jquery.简单拼接字符串.jun.txt

======2017-08-18 18:00:09.488069======
javascript.js.jquery.获取img中src的值.txt

======2017-08-18 18:00:09.490069======
Javascript.js.jquery.获取页面iframe内页面元素.txt

======2017-08-18 18:00:09.573069======
javascript.js.typeof.emample.txt

======2017-08-18 18:00:09.576069======
javascript.js.validate.howToUse.txt

======2017-08-18 18:00:09.579069======
javascript.js.validate.script.txt

======2017-08-18 18:00:09.581069======
javascript.js.window.open打开新窗口，不被拦截的方法。.txt

======2017-08-18 18:00:09.618069======
javascript.js.关闭窗口代码.txt

======2017-08-18 18:00:09.620069======
javascript.js.判断是否包含字符串.indexOf.txt

======2017-08-18 18:00:09.623069======
Javascript.js.刷新页面的几种方法  .txt

======2017-08-18 18:00:09.625069======
javascript.js.取出空格.txt

======2017-08-18 18:00:09.628069======
javascript.js.在保存前弹出一个“确定与否”的窗口，如是，则保存，如否则不保存？.txt

======2017-08-18 18:00:09.630069======
javascript.js.地址栏传值.问号和and.判断.txt

======2017-08-18 18:00:09.672069======
javascript.js.弹出提示框.txt

======2017-08-18 18:00:09.674069======
javascript.js.提示框无刷新.txt

======2017-08-18 18:00:09.676069======
javascript.js.提示错误后转到一个页面代码.txt

======2017-08-18 18:00:09.678069======
javascript.js.测试浏览器.txt

======2017-08-18 18:00:09.680069======
javascript.js.清空文本值.txt

======2017-08-18 18:00:09.682069======
javascript.js.用javascript 实现回车登陆.txt

======2017-08-18 18:00:09.721069======
javascript.js.限定时间跳转).txt

======2017-08-18 18:00:09.723069======
javascript.Json串到json对象.字符串.String.to. json.jun.txt

======2017-08-18 18:00:09.739069======
javascript.parseInt.txt

======2017-08-18 18:00:09.741069======
javascript.prepend(append到最前面).jun.txt

======2017-08-18 18:00:09.744069======
javascript.页面跳转的几种方法.txt

======2017-08-18 18:00:09.747069======
javascript.飘窗广告.txt

======2017-08-18 18:00:09.802069======
javascript中console.log()用法.txt

======2017-08-18 18:00:09.804069======
javascript判断两个日期是否相等.txt

======2017-08-18 18:00:09.831069======
JavaScript实现的中国省市县三级联动下拉列表框例子.txt

======2017-08-18 18:00:09.834069======
Java日期转化的长类型.javascript转化为日期类型.txt

======2017-08-18 18:00:09.836069======
jeDate.jquery日期时间选择插件.简单调用.jun.txt

======2017-08-18 18:00:09.963069======
Joke.名言名句赏析大全.txt

======2017-08-18 18:00:10.002069======
JQquery.滚动显示消息.新闻.txt

======2017-08-18 18:00:10.005069======
JQquery.调试方法.debug.jun.有待改进.txt

======2017-08-18 18:00:10.017069======
jquary.ajax.farm.jun.txt

======2017-08-18 18:00:10.019069======
jquery each 和for怎么跳出循环终止本次循环.txt

======2017-08-18 18:00:10.021069======
jquery easyui datagrid 添加超链接.txt

======2017-08-18 18:00:10.024069======
jQuery focus()事件 获取焦点事件.txt

======2017-08-18 18:00:10.065069======
jquery 多个按钮的单击事件如何调用一个函数来处理.txt

======2017-08-18 18:00:10.067069======
jquery 控制 input disabled.txt

======2017-08-18 18:00:10.110069======
jquery.ajax.timeout.超时.txt

======2017-08-18 18:00:10.118069======
Jquery.ajax.txt

======2017-08-18 18:00:10.123069======
jquery.ajax.详解.txt

======2017-08-18 18:00:10.125069======
jquery.ajax.调用远程地址.txt

======2017-08-18 18:00:10.127069======
jquery.ajaxSubmit(异步提交表单).txt

======2017-08-18 18:00:10.129069======
jquery.ajaxSubmit详解.txt

======2017-08-18 18:00:10.169069======
jquery.autocomplete.career.candidatesystem.jun.txt

======2017-08-18 18:00:10.173069======
JQuery.blinkTitle.标题闪烁.新消息.message.txt

======2017-08-18 18:00:10.178069======
jquery.Bootstrap的工具提示（Tooltip）.txt

======2017-08-18 18:00:10.181069======
jquery.contextify.js.txt

======2017-08-18 18:00:10.226069======
Jquery.display.none.判断元素是否隐藏is.hidden.txt

======2017-08-18 18:00:10.237069======
jquery.easy.ui.dialog.jun.txt

======2017-08-18 18:00:10.240069======
jquery.easy.ui.json.demo.txt

======2017-08-18 18:00:10.244069======
jQuery.easyui.datagrid.jun.txt

======2017-08-18 18:00:10.247069======
JQuery.form.forbid.submit.表单.阻止.提交.txt

======2017-08-18 18:00:10.249069======
jquery.form.submit. 阻止提交.txt

======2017-08-18 18:00:10.259069======
jquery.get(0)..txt

======2017-08-18 18:00:10.303069======
jquery.iframe.子窗体操作父窗体中的元素 .txt

======2017-08-18 18:00:10.306069======
Jquery.intro（ 页面引导简单用法 分享）.txt

======2017-08-18 18:00:10.313069======
jquery.js.javascript.picture.hover图片展示.鼠标移上去显示大图片.txt

======2017-08-18 18:00:10.316069======
jquery.js.javascript.picture.hover图片展示.鼠标移上去显示大图片.占位符.jun改良.txt

======2017-08-18 18:00:10.318069======
jquery.js.禁用input.select.textarea.disabled.txt

======2017-08-18 18:00:45.224069======
jquery.raty.评分.默认参数.txt

======2017-08-18 18:00:45.339069======
jquery.Validate 验证总结.jun.txt

======2017-08-18 18:00:45.350069======
jquery.validate.extendmethod.js.自己写的扩展验证方便.jun.txt

======2017-08-18 18:00:45.353069======
jquery.z-tree.树级联选择.开关.autoCheckTrigger.txt

======2017-08-18 18:00:45.355069======
JQuery.入门.diy.txt

======2017-08-18 18:00:45.357069======
jquery.判断设备.txt

======2017-08-18 18:00:45.364069======
jQuery.封装.Validate.扩展验证方法.fromcnblogs.txt

======2017-08-18 18:00:45.373069======
jquery.插件.右下角弹窗.弹框.txt

======2017-08-18 18:00:45.376069======
jquery.气泡.鼠标移过气泡显示.手写的非插件.txt

======2017-08-18 18:00:45.378069======
jquery.滚动显示消息.新闻.txt

======2017-08-18 18:00:45.422069======
jquery.的.each().详细介绍2.txt

======2017-08-18 18:00:45.424069======
JQuery.禁止复制.forbid.copy.txt

======2017-08-18 18:00:45.426069======
jquery.禁止复制.jun.txt

======2017-08-18 18:00:45.428069======
jquery.调试方法.debug.jun.有待改进.txt

======2017-08-18 18:00:45.470069======
jQuery取得select选择的文本与值.txt

======2017-08-18 18:00:45.472069======
JQuery和document之间相互转换.txt

======2017-08-18 18:00:45.488069======
jquery如何判断checkbox（复选框）是否被选中.txt

======2017-08-18 18:00:45.491069======
jQuery如何获取选中单选按钮radio的值.txt

======2017-08-18 18:00:45.499069======
jquery子窗体操作父窗体中的元素.txt

======2017-08-18 18:00:45.542069======
jquery怎么判断checkbox是否选中 .txt

======2017-08-18 18:00:45.544069======
Jquery怎么获取select选中项 自定义属性的值.txt

======2017-08-18 18:00:45.549069======
jQuery打造动态渐变按钮.txt

======2017-08-18 18:00:45.829069======
js.change.table.color.隔行变色.olcc.html.txt

======2017-08-18 18:00:45.846069======
js.console.log.公共调试方法.common.method.txt

======2017-08-18 18:00:45.885069======
js.hasClass.怎么使用jquery判断一个元素是否含有一个指定的类（class）.txt

======2017-08-18 18:00:45.894069======
js.javascript.ajax.原版.miaoV.diy.js.txt

======2017-08-18 18:00:45.896069======
js.javascript.asp.net.upload.file.upload.上传文件.fakepath.txt

======2017-08-18 18:00:45.898069======
js.javascript.bindC#.js中绑定C#中数据.txt

======2017-08-18 18:00:45.900069======
JS.javascript.change.table.color.隔行变色.olcc.html.txt

======2017-08-18 18:00:45.903069======
js.javascript.checkAll.checkbox.全选.MiaoV.htm.txt

======2017-08-18 18:00:45.905069======
js.javascript.checkall.全选.olcc.html.txt

======2017-08-18 18:00:45.907069======
js.javascript.childNodes.nodeType.children.DOM.子节点.txt

======2017-08-18 18:00:45.916069======
Js.javascript.Comment.注释.规范.txt

======2017-08-18 18:00:45.919069======
js.javascript.common.通用库.tongyong.ku.txt

======2017-08-18 18:00:45.956069======
Js.javascript.cookie结合拖拽.MiaoV.txt

======2017-08-18 18:00:45.958069======
js.javascript.copy.复制.txt

======2017-08-18 18:00:45.964069======
js.javascript.css.html.picture.img.auto.scroll.图片轮播.html.txt

======2017-08-18 18:00:45.975069======
js.javascript.css.半透明.opacity.alpha.filter.bantouming.touming.lvjing.txt

======2017-08-18 18:00:45.977069======
js.javascript.css.半透明.opacity.alpha.filter.txt

======2017-08-18 18:00:45.980069======
js.javascript.date.time.week.农历.公历.阴历.阳历.星期.html.txt

======2017-08-18 18:00:45.982069======
Js.javascript.div变宽.MiaoV.txt

======2017-08-18 18:00:45.984069======
js.javascript.dom.创建LI.createElement.insertBefore.html.txt

======2017-08-18 18:00:45.986069======
js.javascript.escape..txt

======2017-08-18 18:00:45.989069======
js.javascript.firstElement.ChildfirstChild.lastChild.lastElementChild.第一个.最后一个.子节点.兼容版.miaoV.txt

======2017-08-18 18:00:45.993069======
js.javascript.goTop.toTop.回到顶部.timer.scroll.miaoV.txt

======2017-08-18 18:00:46.074069======
js.javascript.jquery.size().length.txt

======2017-08-18 18:00:46.077069======
js.javascript.move.div变宽.多物体运动.txt

======2017-08-18 18:00:46.079069======
js.javascript.move.opacity.filter.匀速运动.淡入淡出.图片.miaoV.txt

======2017-08-18 18:00:46.092069======
Js.javascript.move.匀速运动.分享到.侧边栏广告.MiaoV.txt

======2017-08-18 18:00:46.095069======
js.javascript.move.多个div淡入淡出.txt

======2017-08-18 18:00:46.098069======
js.javascript.move.弹性运动+摩擦运动.txt

======2017-08-18 18:00:46.101069======
js.javascript.move.弹性运动.txt

======2017-08-18 18:00:46.104069======
js.javascript.move.浮动.客服.QQ.侧边栏.缓冲运动.miaoV.txt

======2017-08-18 18:00:46.107069======
js.javascript.move.缓冲运动.miaoV.txt

======2017-08-18 18:00:46.110069======
js.javascript.named.命名规范.匈牙利命名法+camel.miaoV.txt

======2017-08-18 18:00:46.113069======
js.javascript.null.undefined.typeof.txt

======2017-08-18 18:00:46.116069======
js.javascript.oop.prototype.inherit.继承.面向对象..jicheng.miaoV.html.txt

======2017-08-18 18:00:46.119069======
js.javascript.oop.prototype.拖拽.tuozhuai.MiaoV.html.txt

======2017-08-18 18:00:46.177069======
js.javascript.oop.构造函数.miaoV.txt

======2017-08-18 18:00:46.180069======
js.javascript.parentNode.DOM.父节点.txt

======2017-08-18 18:00:46.183069======
js.javascript.random.获得随即数.txt

======2017-08-18 18:00:46.186069======
js.javascript.scroll.div.move.侧边栏广告.miaoV.txt

======2017-08-18 18:00:46.194069======
js.javascript.select.option.todo.txt

======2017-08-18 18:00:46.197069======
js.javascript.setAttribute.设置属性.txt

======2017-08-18 18:00:46.205069======
js.javascript.setcookie.getcookie. 设置获取cookie.txt

======2017-08-18 18:00:46.213069======
js.javascript.setInterval.setTimeout.定时器.开启.关闭.txt

======2017-08-18 18:00:46.262069======
js.javascript.startMove.匀速运动.miaoV.txt

======2017-08-18 18:00:46.265069======
js.javascript.style.currentStyle&getComputedStyle区别介绍.封装getStyle.miaoV.txt

======2017-08-18 18:00:46.268069======
js.javascript.table选中一行变色.txt

======2017-08-18 18:00:46.271069======
js.javascript.trim.去掉空格.prototype.txt

======2017-08-18 18:00:46.314069======
js.javascript.txt

======2017-08-18 18:00:46.436069======
js.javascript.w3c.HTML.DOM.setTimeout().txt

======2017-08-18 18:00:46.524069======
Js.javascript.分享到.MiaoV.txt

======2017-08-18 18:00:46.527069======
js.javascript.分享到.Share.miaoV.htm.txt

======2017-08-18 18:00:46.529069======
js.javascript.判断浏览器.浏览器版本.Using the navigator object to detect client's browser.html.txt

======2017-08-18 18:00:46.532069======
js.javascript.判断浏览器.浏览器版本.Using.the.navigator.object.to.detect.client's.browser.html.txt

======2017-08-18 18:00:46.535069======
Js.javascript.匀速运动.move.MiaoV.txt

======2017-08-18 18:00:46.537069======
js.javascript.占位符.placeholder.jun.txt

======2017-08-18 18:00:46.550069======
js.javascript.变量和属性的区别.方法和函数的区别.oop.面向对象.miaoV.txt

======2017-08-18 18:00:46.554069======
js.javascript.后退.history.go(-1).txt

======2017-08-18 18:00:46.556069======
js.javascript.图片轮播.txt

======2017-08-18 18:00:46.559069======
js.javascript.屏蔽右键菜单.document.oncontextmenu.txt

======2017-08-18 18:00:46.562069======
js.javascript.当前窗口的高和宽.height.width.txt

======2017-08-18 18:00:46.565069======
js.javascript.提示返回不能打开当前页的代码.txt

======2017-08-18 18:00:46.568069======
js.javascript.文档碎片.createDocumentFragment.htm.txt

======2017-08-18 18:00:46.576069======
js.javascript.标点.中文.英文.转换.txt

======2017-08-18 18:00:46.578069======
js.javascript.用array高效率拼接字符串.string.txt

======2017-08-18 18:00:46.653069======
js.javascript.编码.encodeURIComponent.C#.解码.HttpUtility.UrlDecode.txt

======2017-08-18 18:00:46.655069======
js.javascript.自定义右键菜单.document.oncontextmenu.txt

======2017-08-18 18:00:46.737069======
Js.javascript.设置cookie.MiaoV.html.txt

======2017-08-18 18:00:46.739069======
js.javascript.设置首页.加入收藏.from cnblogs.txt

======2017-08-18 18:00:46.741069======
js.javascript.选项卡.tab.MiaoV.html.txt

======2017-08-18 18:00:46.751069======
js.javascript.随机漂浮的标签云.miaoV.html.txt

======2017-08-18 18:00:46.758069======
js.Javascript取float型小数点后两位.txt

======2017-08-18 18:00:46.760069======
js.jquery.checkbox.赋值.fuzhi.复选框.txt

======2017-08-18 18:00:46.843069======
js.jquery.keycode.回车做操作.txt

======2017-08-18 18:00:46.879069======
js.jQuery.radio的取值与赋值.jun.txt

======2017-08-18 18:00:46.881069======
js.jquery.ui.datetimepicker.cts.日期选择.txt

======2017-08-18 18:00:46.883069======
js.jquery.复选框.checkbox的取值和赋值.txt

======2017-08-18 18:00:46.885069======
js.jquery.控制按钮.可用.不可用.ajax提交.disabled.txt

======2017-08-18 18:00:46.887069======
js.jquery.插件.正则.url.地址.获取参数.追加参数.设置参数.Parameter.txt

======2017-08-18 18:00:46.925069======
js.jquery.获取鼠标的位置.pageX.pageY.txt

======2017-08-18 18:00:46.928069======
js.jquery.高度.height.txt

======2017-08-18 18:00:46.930069======
js.jquery判断元素是否存在.txt

======2017-08-18 18:00:46.932069======
js.jquery获取网页的高度和宽度.txt

======2017-08-18 18:00:46.969069======
js.判断字符串长度.真实长度.汉字算两个，英文占一个.txt

======2017-08-18 18:00:47.049069======
js.图片预加载demo.txt

======2017-08-18 18:00:47.051069======
JS.大写.小写.大小写转化.toUpperCase.toLowerCase.txt

======2017-08-18 18:00:47.053069======
js.密码强度提示.颜色条显示.txt

======2017-08-18 18:00:47.093069======
js.日期时间带星期农历.rili.nongli.txt

======2017-08-18 18:00:47.104069======
js.没有封装的日历事件控件.datetimepicker.不支持FireFox.html.txt

======2017-08-18 18:00:47.106069======
js.注释规范.txt

======2017-08-18 18:00:47.116069======
js.获取时间.当前时间.date.datetime.txt

======2017-08-18 18:00:47.123069======
Js.获取本周、上周、本月、上月的开始日期、结束日期.txt

======2017-08-18 18:00:47.180069======
Json.txt

======2017-08-18 18:00:47.184069======
JSONConvert.cs.txt

======2017-08-18 18:00:47.196069======
JsonHelper.jun.cs.txt

======2017-08-18 18:00:47.200069======
JSONhelper.疯狂秀才授权系统.中的common类里面的.cs.txt

======2017-08-18 18:00:47.202069======
JsonResult.Paged.把分页的信息都包含在Json中.txt

======2017-08-18 18:00:47.204069======
jsontest.txt

======2017-08-18 18:00:47.206069======
jsst.指纹录入.操作数据库sql.txt

======2017-08-18 18:00:47.208069======
js中typeof的用法.txt

======2017-08-18 18:00:47.211069======
js取file的真实路径.避免fakepath.txt

======2017-08-18 18:00:47.213069======
js向url中添加参数.add.param.txt

======2017-08-18 18:00:47.252069======
JS截取字符串常用方法详细整理.txt

======2017-08-18 18:00:47.254069======
js禁止粘贴.txt

======2017-08-18 18:00:47.339069======
jun.20130323.购买的空间.138元.junxiao888.com.txt

======2017-08-18 18:00:47.377069======
jun.linkedserver.txt

======2017-08-18 18:00:47.381069======
jun.个人住房公积金查询.txt

======2017-08-18 18:00:47.400069======
junscompanypeople.txt

======2017-08-18 18:00:47.403069======
kevin发过来的.高科技组的接口要求.txt

======2017-08-18 18:00:47.406069======
lamba.and.并且.txt

======2017-08-18 18:00:47.409069======
lambda.linq.SqlFunctions.类型转换.txt

======2017-08-18 18:00:47.411069======
layer.confirm.确认框.txt

======2017-08-18 18:00:47.470069======
layer.msg.操作完成操作父窗体.txt

======2017-08-18 18:00:47.519069======
layer.open关闭触发事件.txt

======2017-08-18 18:00:47.604069======
lhgdialog弹出窗口,load.page.加载一个页面.txt

======2017-08-18 18:00:47.607069======
linux操作lyn告诉我的.txt

======2017-08-18 18:00:47.612069======
loginout.txt

======2017-08-18 18:00:47.614069======
lqyer.open.url.iframe.弹出单端页面.txt

======2017-08-18 18:00:47.628069======
Lucene+nutch搜索引擎开发.txt

======2017-08-18 18:00:47.631069======
Lucene.net.txt

======2017-08-18 18:00:47.637069======
lyric.it's.my.life.txt

======2017-08-18 18:00:47.640069======
lyric.What.Do.You.Got.txt

======2017-08-18 18:00:47.691069======
mapuni.中科宇图.农产品网站.农事无忧.nswy.ns51.txt

======2017-08-18 18:00:47.694069======
marquee.标签属性.跑马灯.txt

======2017-08-18 18:00:47.696069======
MD5.cs.txt

======2017-08-18 18:00:47.707069======
MD5.加密.DES.解密.Security.Encryption.jiami.jiemi.txt

======2017-08-18 18:00:47.710069======
Memcached.ClientLibrary.缓存第三方类库.txt

======2017-08-18 18:00:47.718069======
Metadata.cs.txt

======2017-08-18 18:00:47.727069======
MHTMLParser.cs.txt

======2017-08-18 18:00:47.811069======
MVC action 返回javascriptResult 需要引入的文件是jquery.unobtrusive-ajax.min.js.txt

======2017-08-18 18:00:47.816069======
MVC.DropDownList.juns.txt

======2017-08-18 18:00:47.819069======
MVC.Form.jun.txt

======2017-08-18 18:00:47.821069======
MVC.Html.RadioButtonFor.单选框.jun.txt

======2017-08-18 18:00:47.823069======
mvc.json.entity.model.实体转化成json获取时间问题解决.jun.txt

======2017-08-18 18:00:47.825069======
mvc.json.jsonresult.txt

======2017-08-18 18:00:47.826069======
MVC.ViewBag.Dictionary.传值.jun.txt

======2017-08-18 18:00:47.828069======
MVC.View添加引用,相当于页面using.候选人管理系统中使用.jun.txt

======2017-08-18 18:00:47.830069======
MVC.WdatePicker.Datetime.DateTimePicker.jun.txt

======2017-08-18 18:00:47.832069======
MVC.中UrlParameter.Optional.作用.txt

======2017-08-18 18:00:47.840069======
MVC.设置Bundle.压缩脚本js和样式表css.调试的时候先关闭压缩.txt

======2017-08-18 18:00:47.842069======
MVC3在页面上获取当前控制器名称(current.controller.name)、Action名称以及路由参数.ViewContext.RouteData.Values.jun.txt

======2017-08-18 18:00:47.843069======
mvc4.html.raw.渲染html到页面.txt

======2017-08-18 18:00:47.845069======
MvcPager.dll.MVC.分页.2014年5月4日.jun.txt

======2017-08-18 18:00:47.847069======
MVC修改默认页面.修改路由.txt

======2017-08-18 18:00:47.849069======
MVC局部页.部分页.Partial.jun.txt

======2017-08-18 18:00:47.854069======
MYBBS_DB.txt

======2017-08-18 18:00:47.863069======
mysql.c#.asp.net.ado.参数.MySql.Data.MySqlClient.MySqlParameter.txt

======2017-08-18 18:00:47.865069======
MySql.Data.MySqlClient.MySqlParameter.enum.sqlparameter.类型.txt

======2017-08-18 18:00:47.869069======
MySql.Helper.txt

======2017-08-18 18:00:47.874069======
mysql.sql语句大全.txt

======2017-08-18 18:00:47.882069======
mysql中防止sql注入的模糊查询方法.MySqlParameter.Like.txt

======2017-08-18 18:00:47.884069======
mysql分页.最佳方法.txt

======2017-08-18 18:00:47.893069======
mysql分页limit 优化.txt

======2017-08-18 18:00:47.896069======
Mysql和sqlServer命令比较.txt

======2017-08-18 18:00:47.899069======
Newtonsoft.Json.dll 使用 .txt

======2017-08-18 18:00:47.901069======
Newtonsoft.Json.反序列化.JsonConvert.DeserializeObject.txt

======2017-08-18 18:00:47.905069======
Nginx.高性能的 HTTP 和 反向代理 服务器.txt

======2017-08-18 18:00:47.996069======
Office2010激活码.秘钥.key.txt

======2017-08-18 18:00:47.998069======
olcc.db.connection.txt

======2017-08-18 18:00:48.013069======
OLCC.DB.DOC.2012.05.17.09.03.16.txt

======2017-08-18 18:00:48.016069======
olcc.dba.数据库连接.conn.txt

======2017-08-18 18:00:48.021069======
OleDBHelper.cs.DBUtility.txt

======2017-08-18 18:00:48.102069======
oracle.helper.dbhelper.txt

======2017-08-18 18:00:48.112069======
OracleHelper.cs.DBUtility.txt

======2017-08-18 18:00:48.117069======
ORACLEHELPER.cs文件，比较全，好用 .txt

======2017-08-18 18:00:48.120069======
Page.IsPostBack(ASP.NET).txt

======2017-08-18 18:00:48.121069======
Page指令(ASP.NET).txt

======2017-08-18 18:00:48.123069======
ParamsKey.cs.txt

======2017-08-18 18:00:48.126069======
ParamsKeyList.cs.txt

======2017-08-18 18:00:49.374069======
php 调用c# .NET 写的webservice(亲测通过).txt

======2017-08-18 18:00:49.415069======
php.debug.调试的时候打印出变量.txt

======2017-08-18 18:00:49.417069======
php.table.array.数组.遍历出.表格.txt

======2017-08-18 18:00:49.419069======
php.统计数组中值出现的次数，返回统计的数组.txt

======2017-08-18 18:00:49.421069======
PHP如何调用webservice.txt

======2017-08-18 18:00:49.423069======
PHP调用Webservice实例.txt

======2017-08-18 18:00:49.426069======
PicUpload.txt

======2017-08-18 18:00:49.429069======
pmp.项目管理专业人士资格认证.txt

======2017-08-18 18:00:49.431069======
PO.DTO.DAO.数据持久对象.数据传输对象.数据访问对象.txt

======2017-08-18 18:00:49.495069======
pop3.smtp.Imap.email.setting.常见邮箱.配置.协议.txt

======2017-08-18 18:00:49.532069======
ppi.屏幕分辨率.txt

======2017-08-18 18:00:49.534069======
Proc_Automatch_Add.txt

======2017-08-18 18:00:49.653069======
ps.抠图.文字.logo.txt

======2017-08-18 18:00:49.655069======
ps.索引图片.模式.不能编辑.不能修改.txt

======2017-08-18 18:00:50.849069======
Q&A创建的表2015年1月7日101448.txt

======2017-08-18 18:00:50.851069======
qng.qingniangong.青年宫.艺术节.电影节.jumbotcms.txt

======2017-08-18 18:00:50.853069======
Quartz.Cron.Trigger.表达式.调度任务时间.txt

======2017-08-18 18:00:50.855069======
Quartz.Topshelf.调度台.定时任务.jun.txt

======2017-08-18 18:00:50.941069======
RadioButtonList做选票例子.txt

======2017-08-18 18:00:50.946069======
RandUtil.cs.txt

======2017-08-18 18:00:50.948069======
rds.cts.db.正式数据库.连接串.txt

======2017-08-18 18:00:51.001069======
Regex.C#.正则.txt

======2017-08-18 18:00:51.005069======
Regex.javascript.js正则验证表单(Regex).txt

======2017-08-18 18:00:51.053069======
Regex.js.javascript.regex.正则验证.空格.trim.txt

======2017-08-18 18:00:51.153069======
Release.发布记录.CTS.CC.txt

======2017-08-18 18:00:51.155069======
Release.发布记录.Enterprise.睿聘.ruipin..txt

======2017-08-18 18:00:51.164069======
Repeater嵌套.txt

======2017-08-18 18:00:51.167069======
Repeater嵌套（实体类传递diy）.txt

======2017-08-18 18:00:51.170069======
Retina Display.视网膜.屏幕.txt

======2017-08-18 18:00:51.173069======
ruipin.textarea.height.高度.txt

======2017-08-18 18:00:51.241069======
Ruipin.睿聘.Candidte_File_online(schema.创建数据库结构).txt

======2017-08-18 18:00:51.244069======
ruipin.睿聘.database.db.clear.清理数据.txt

======2017-08-18 18:00:51.246069======
ruipin.睿聘.字典.dictionary.state.status.状态值.txt

======2017-08-18 18:00:51.249069======
Ruipin.睿聘.我的候选人查询sql分页语句.txt

======2017-08-18 18:00:51.255069======
Ruipin.睿聘.数据库说明.db.MS_Description.txt

======2017-08-18 18:00:51.257069======
ruipin.睿聘.日历样式.Calendar.css.txt

======2017-08-18 18:00:51.259069======
Ruipin.睿聘.暂时去掉的代码.txt

======2017-08-18 18:00:51.262069======
ruipin.睿聘.模糊匹配字典.mapping.txt

======2017-08-18 18:00:51.265069======
Ruipin.睿聘.编辑候选人页面2017年2月24日104542.txt

======2017-08-18 18:00:51.366069======
Search.title.onfocus.onblur.txt

======2017-08-18 18:00:51.373069======
SecurityHelper.cs.加密解密.txt

======2017-08-18 18:00:51.376069======
select count(1) from emp.txt

======2017-08-18 18:00:51.378069======
select.option.下拉列表jquery.js.赋值.相当于DropDownList(候选人系统中钱工使用).txt

======2017-08-18 18:00:51.381069======
seo.域名轰炸.domain.spam.txt

======2017-08-18 18:00:51.384069======
Serialize.Deserialize.webservice.传递泛型List.序列化.二进制.byte[].jun.txt

======2017-08-18 18:00:51.496069======
SET.IDENTITY_INSERT.[dbo].[Table].ON.自增.主键打开关闭.txt

======2017-08-18 18:00:51.499069======
shake.抖动CSS3样式.txt

======2017-08-18 18:00:51.501069======
shutdown.定时关机.txt

======2017-08-18 18:00:51.503069======
SigbitCommonConfig.cs.txt

======2017-08-18 18:00:51.505069======
Sign.abc.签到.htm.txt

======2017-08-18 18:00:51.507069======
SignNew.abc.签到.htm.txt

======2017-08-18 18:00:51.509069======
SilverLight”无法启动调试--未安装 Silverlight Developer 运行时。请安装一个匹配版本”的解决方案。.txt

======2017-08-18 18:00:51.515069======
Simple XmlSerializer example.超级好用jun.txt

======2017-08-18 18:00:51.517069======
SiteMap(站点地图)(asp.net).txt

======2017-08-18 18:00:51.519069======
spin.js.loading.加载效果.txt

======2017-08-18 18:00:51.521069======
sql a表记录不在b 表中的内容.txt

======2017-08-18 18:00:51.523069======
sql server port 端口号 1433.txt

======2017-08-18 18:00:51.526069======
SQL Server 存储过程 .txt

======2017-08-18 18:00:51.638069======
SQL Server 阻止了对组件 'Agent XPs' 的 过程 'dbo.sp_set_sqlagent_properties' 的访问.txt

======2017-08-18 18:00:51.640069======
SQL Server阻止了对组件xp_cmdshell过程的解决方案.txt

======2017-08-18 18:00:51.642069======
sql 为表添加描述信息.Description.说明.txt

======2017-08-18 18:00:51.644069======
sql 插入空，默认1900-01-01 000000.000解决方法.txt

======2017-08-18 18:00:51.651069======
sql(diy).txt

======2017-08-18 18:00:51.653069======
sql..txt

======2017-08-18 18:00:51.655069======
sql.ado.net.trans.事务.txt

======2017-08-18 18:00:51.657069======
sql.ALTER TABLE.DROP CONSTRAINT.删除指定表约束名.txt

======2017-08-18 18:00:51.659069======
sql.convert.datetime.时间.日期.转化.函数.txt

======2017-08-18 18:00:51.661069======
sql.convert.datetime.时间.日期.转化.转换.zhuanhua.zhuanhuan.函数.txt

======2017-08-18 18:00:51.663069======
sql.CTS.Position.从ERP中根据顾问ID查询职位信息.txt

======2017-08-18 18:00:51.665069======
sql.datediff.时间差值.创建日期和当前日期之前的差值.txt

======2017-08-18 18:00:51.709069======
sql.distinct.count统计不重复数据.jun.txt

======2017-08-18 18:00:51.711069======
sql.distinct.多个字段排除重复.排重.txt

======2017-08-18 18:00:51.790069======
sql.linkedServer.分布式查询.查询分析器操作另外一个服务器IP.sql语句查询.txt

======2017-08-18 18:00:51.792069======
sql.rownum.多表.分页..联查多表联查分页.txt

======2017-08-18 18:00:51.794069======
Sql.server.backup.table.SQL备份一张表的数据.txt

======2017-08-18 18:00:51.797069======
sql.server.dateadd.时间增加.减少.年.月.日.时.分.秒.txt

======2017-08-18 18:00:51.836069======
sql.server.去掉.字段.空格.回车.space.n.delete.txt

======2017-08-18 18:00:51.839069======
Sql.Server.存储过程.sp_stored_procedures.txt

======2017-08-18 18:00:51.885069======
sql.Sql Server父子关系迭代查询SQL.txt

======2017-08-18 18:00:51.888069======
sql.sqlserver.format.datetime.语句中日期时间格式化查询.txt

======2017-08-18 18:00:51.890069======
sql.sqlserver.is not null.空.txt

======2017-08-18 18:00:51.892069======
sql.sqlserver.like.代替.in.txt

======2017-08-18 18:00:51.894069======
sql.sql如果不存在就插入语句.存在就不执行插入了.if not exists.txt

======2017-08-18 18:00:51.897069======
sql.varchar.nvarchar.txt

======2017-08-18 18:00:51.899069======
sql.修改SQL表结构[字段类型]示例代码 .txt

======2017-08-18 18:00:51.901069======
sql.创建表模板.jun.txt

======2017-08-18 18:00:51.903069======
sql.删除重复名称的项.txt

======2017-08-18 18:00:51.905069======
sql.城市.city查询,父子.迭代.txt

======2017-08-18 18:00:51.907069======
sql.如果不存在就插入语句.存在就不执行插入了.if not exists.txt

======2017-08-18 18:00:51.953069======
sql.将一个表的数据复制到另一个表中.txt

======2017-08-18 18:00:51.956069======
sql.左边联查右表的最新的一条.CVEvent.Comments. OUTER apply.txt

======2017-08-18 18:00:51.958069======
sql.收缩数据库..SHRINKFILE.txt

======2017-08-18 18:00:51.960069======
sql.数据库修改名称.txt

======2017-08-18 18:00:51.962069======
sql.数据库修改名称.无法用排他锁锁定该数据库,以执行该操作.jun.txt

======2017-08-18 18:00:51.964069======
sql.数据库数据表中中所有字段.说明.备注.Remark.Comments.beizhu.txt

======2017-08-18 18:00:51.967069======
sql.日期比较.datetime.datediff.DateAdd.DatePart.txt

======2017-08-18 18:00:51.969069======
sql.时间.格式化.DateTime.Format.txt

======2017-08-18 18:00:51.971069======
sql.查询sql server版本.select.version.txt

======2017-08-18 18:00:51.973069======
sql.查询一个表的数据导入到另外一个表.txt

======2017-08-18 18:00:51.976069======
sql.查询各个磁盘分区的剩余空间.txt

======2017-08-18 18:00:51.978069======
sql.查询当前数据库中所有用户表以及数量.user_table.count.by.objects.txt

======2017-08-18 18:00:51.980069======
sql.查询当前数据库中用户表.txt

======2017-08-18 18:00:51.982069======
sql.查询当前数据库中用户表的数量.txt

======2017-08-18 18:00:51.985069======
sql.查询当前数据库的磁盘使用情况.txt

======2017-08-18 18:00:51.987069======
sql.查询数据库中所有的表名.字段名.列名.视图名.txt

======2017-08-18 18:00:51.989069======
sql.查询数据库中数据表的表结构.txt

======2017-08-18 18:00:51.991069======
sql.查询数据库中表是否存在.txt

======2017-08-18 18:00:51.993069======
sql.查询数据库服务器各数据库日志文件的大小及利用率.查询搜索数据库.txt

======2017-08-18 18:00:51.995069======
sql.查询数据库的数据文件及日志文件的相关信息（包括文件组、当前文件大小、文件最大值、文件增长设置、文件逻辑名、文件路径等）.txt

======2017-08-18 18:00:51.997069======
sql.查询时间戳转换成日期时间-.txt

======2017-08-18 18:00:51.999069======
sql.查询时间戳转换成日期时间.txt

======2017-08-18 18:00:52.001069======
sql.简洁的分页语句rownum.jun.txt

======2017-08-18 18:00:52.003069======
sql.系统存储过程.查询表结构.sp_help.txt

======2017-08-18 18:00:52.046069======
sql.获取今天.本周.本月.本年.数据.today.week.month.year.datetime.datediff.dateadd.txt

======2017-08-18 18:00:52.048069======
sql.转化日期为字符串CONVERT.datetime.to.varchar.txt

======2017-08-18 18:00:52.050069======
sql.随机数.random.GUID.newID().txt

======2017-08-18 18:00:52.052069======
SQL2000中像SQL2005中的Row_Number一样获取行号.txt

======2017-08-18 18:00:52.056069======
SqlHelper(10.2).txt

======2017-08-18 18:00:52.059069======
SqlHelper(diy).txt

======2017-08-18 18:00:52.061069======
SqlHelper(English).txt

======2017-08-18 18:00:52.069069======
SqlHelper(PetShop).txt

======2017-08-18 18:00:52.429069======
SqlHelper.united.cs.txt

======2017-08-18 18:00:53.196069======
SqlMapperUtil.cs.txt

======2017-08-18 18:00:53.198069======
SqlParameter.param.参数.c#.asp.net.ado.net.txt

======2017-08-18 18:00:53.201069======
sqlserver. 无法重命名数据库名称.无法用排他锁锁定该数据库，以执行该操作。 (Microsoft SQL Server，错误 5030) .txt

======2017-08-18 18:00:53.203069======
sqlserver.default.默认值.txt

======2017-08-18 18:00:53.205069======
sqlserver.sql.将一个表的数据复制到另一个表中.txt

======2017-08-18 18:00:53.207069======
sqlserver.sql.查询数据库中表是否存在.txt

======2017-08-18 18:00:53.209069======
sqlserver.sql.语句.查询.数据库.表.数量.txt

======2017-08-18 18:00:53.212069======
sqlServer.存储过程.Procedure.txt

======2017-08-18 18:00:53.214069======
sqlserver.替换.txt

======2017-08-18 18:00:53.215069======
sqlserver.编辑前200条.改为编辑前N条.jun.txt

======2017-08-18 18:00:53.217069======
sqlServer.脚本插入打开和关闭自增id..txt

======2017-08-18 18:00:53.246069======
SqlServer.通过脚本创建.作业.job.txt

======2017-08-18 18:00:53.289069======
sqlserver中判断表或临时表是否存在（exist）.txt

======2017-08-18 18:00:53.291069======
sqlserver修改架构(schema)为dbo.txt

======2017-08-18 18:00:53.295069======
sqlServer创建省和mysql对应.txt

======2017-08-18 18:00:53.383069======
sql_java职位候选人&联系记录.txt

======2017-08-18 18:00:53.386069======
sql删除多条数据.txt

======2017-08-18 18:00:53.389069======
SQL存储过程事务和优化方法（包括查询方式语句结合）.txt

======2017-08-18 18:00:53.392069======
SQL日期比较.txt

======2017-08-18 18:00:53.432069======
Sql查询指定表的所有外键约束及外键表名与列名.txt

======2017-08-18 18:00:53.436069======
SQL注入攻击.txt

======2017-08-18 18:00:53.438069======
sql语句.查询数据库所在位置.磁盘路径.txt

======2017-08-18 18:00:53.440069======
sql语句中转化日期为varchar.sql获取随机数.txt

======2017-08-18 18:00:53.448069======
sql语句去随机数的方法.txt

======2017-08-18 18:00:53.450069======
sql随机实现,sql GUID.newID().txt

======2017-08-18 18:00:53.491069======
string.dateNow = DateTime.Now.ToString(yyyyMMddHHmmssfff).txt

======2017-08-18 18:00:53.495069======
String.handler.helper.txt

======2017-08-18 18:00:53.500069======
StringUtil.cs.txt

======2017-08-18 18:00:53.503069======
Sublime Text.代码编辑器.百度百科.txt

======2017-08-18 18:00:53.506069======
Suggestion.cs.txt

======2017-08-18 18:00:53.541069======
suntray.email.txt

======2017-08-18 18:00:53.545069======
svn.trunk.branches.tags.开发.管理.分支.txt

======2017-08-18 18:00:53.548069======
System.Web.HttpUtility.HtmlDecode.txt

======2017-08-18 18:00:53.558069======
tablecss.txt

======2017-08-18 18:00:53.561069======
tablecss.表格样式2.html.txt

======2017-08-18 18:00:53.564069======
tablecss表格样式1.html.txt

======2017-08-18 18:00:53.618069======
telnet.txt

======2017-08-18 18:00:53.669069======
Timeline.jun.txt

======2017-08-18 18:00:53.671069======
TimePicker.显示日期.时间.方法.txt

======2017-08-18 18:00:53.674069======
timer.global.定时器.txt

======2017-08-18 18:00:53.906069======
tools.txt

======2017-08-18 18:00:53.909069======
touch5备份.txt

======2017-08-18 18:00:54.064069======
ui.ue.txt

======2017-08-18 18:00:54.102069======
Unicode（统一码、万国码、单一码）是一种在计算机上使用的字符编码.txt

======2017-08-18 18:00:54.140069======
url转义字符原理.txt

======2017-08-18 18:00:54.149069======
using.connection.transaction.cts.dapper.cts.事务.txt

======2017-08-18 18:00:54.152069======
ValidateCode.cs.txt

======2017-08-18 18:00:54.154069======
validateinput.txt

======2017-08-18 18:00:54.157069======
ValidationError.cs.txt

======2017-08-18 18:00:54.162069======
ValueConvert.cs.txt

======2017-08-18 18:00:54.164069======
vera.原型.Demo.product.Candidate.System.txt

======2017-08-18 18:00:54.167069======
VerifyData.cs.验证数据.yanzhengshujv.txt

======2017-08-18 18:00:54.169069======
view.视图.txt

======2017-08-18 18:00:54.174069======
vim.文本编辑器.百度百科.txt

======2017-08-18 18:00:54.265069======
VisualStudio.vs.publish.error.发布.报错.txt

======2017-08-18 18:00:54.267069======
VMWare序列号.txt

======2017-08-18 18:00:54.274069======
VPN即虚拟专用网络.txt

======2017-08-18 18:00:54.365069======
VS2012里让JS代码也支持折叠.Web.Essential.txt

======2017-08-18 18:00:54.367069======
vs2013.visual.studio.2013激活码.秘钥.key.txt

======2017-08-18 18:00:54.401069======
vs2013安装AnkhSVN，但是不起作用解决方法.txt

======2017-08-18 18:00:54.403069======
WampServer的配置.php集成环境.config.mysql.txt

======2017-08-18 18:00:54.441069======
web.config添加.applicationfont-woff.txt

======2017-08-18 18:00:54.444069======
Web.config的配置.txt

======2017-08-18 18:00:54.493069======
WebServiceHelper(动态调用webservice帮助类.jun).cs.txt

======2017-08-18 18:00:54.496069======
webservice传文件大小限制.解决在运行配置文件中指定的扩展时出现异常.txt

======2017-08-18 18:00:54.528069======
webService简介.txt

======2017-08-18 18:00:54.530069======
Webservice调用参数传过去为空.解决.txt

======2017-08-18 18:00:54.532069======
web服务代码.txt

======2017-08-18 18:00:54.534069======
win8专业版64bit电话激活.txt

======2017-08-18 18:00:54.575069======
win8电话激活.txt

======2017-08-18 18:00:54.577069======
Window.Server2008.R2.激活码.txt

======2017-08-18 18:00:54.585069======
Windows8.1_64bit_正式版.txt

======2017-08-18 18:00:54.705069======
windowXP.查看.电脑.系统.版本.32&64.系统信息.txt

======2017-08-18 18:00:54.757069======
xml.字符串.转化为.DataTable.jun(测试过).txt

======2017-08-18 18:00:54.759069======
XMLToDataSet.jun.txt

======2017-08-18 18:00:54.763069======
Xml中SelectSingleNode方法中的xpath用法.csdn.blog.txt

======2017-08-18 18:00:54.766069======
XML序列化.txt

======2017-08-18 18:00:54.832069======
Zephyr.Sys.通用权限管理系统.操作数据库.operate.db.txt

======2017-08-18 18:00:54.835069======
zfk.找房客.txt

======2017-08-18 18:00:54.838069======
[MySQL] - MySQL连接字符串总结.txt

======2017-08-18 18:00:55.035069======
上传图片成生缩略图及水印简单例子.txt

======2017-08-18 18:00:55.082069======
中国国家气象局天气预报信息接口.api.txt

======2017-08-18 18:00:55.204069======
九九乘法表（C#）.txt

======2017-08-18 18:00:55.207069======
介绍一些.net开源项目.cnblogs.txt

======2017-08-18 18:00:55.209069======
从List转成DataTable.ListToDataTable.txt

======2017-08-18 18:00:55.211069======
从后台获取json,然后前台拼接html.array.数组.push.join.jun.txt

======2017-08-18 18:00:55.213069======
从后台获取json,然后前台拼接html.jun.txt

======2017-08-18 18:00:55.329069======
使用NewtonSoft.JSON.dll来序列化和发序列化对象.txt

======2017-08-18 18:00:55.331069======
使用sql语句删除数据库中重复的数据.txt

======2017-08-18 18:00:55.333069======
修改远程桌面端口号注册表修改.3389.txt

======2017-08-18 18:00:55.446069======
关于TextBox和Label控件显示数据的问题.在线等.txt

======2017-08-18 18:00:55.484069======
关闭lhgdialog.txt

======2017-08-18 18:00:55.488069======
农行.在线客服.Huro.Hisoft.txt

======2017-08-18 18:00:55.491069======
初始密码123456.txt

======2017-08-18 18:00:55.534069======
删除求职可用.Career.applyJob.Delete.jun.sql.txt

======2017-08-18 18:00:55.536069======
判断字符串为空.txt

======2017-08-18 18:00:55.537069======
判断用户是否存在.txt

======2017-08-18 18:00:55.539069======
判断登录(Login).txt

======2017-08-18 18:00:55.541069======
判断联网有多种方式，最常用的就是ping IP地址.System.Net.NetworkInformation下的ping类.txt

======2017-08-18 18:00:55.543069======
利用jQuery.ui.实现radio.按钮.txt

======2017-08-18 18:00:55.545069======
加入按纽代码.txt

======2017-08-18 18:00:55.547069======
加入收藏&联系我们.txt

======2017-08-18 18:00:55.549069======
动态添加控件.txt

======2017-08-18 18:00:55.552069======
动态链接库英文为DLL，是Dynamic Link Library.txt

======2017-08-18 18:00:55.554069======
动软.NET 分页存储过程UP_GetRecordByPage.txt

======2017-08-18 18:00:55.556069======
十大佛家用语.txt

======2017-08-18 18:00:55.558069======
华视电子.CVR100Z.FS562设备号.txt

======2017-08-18 18:00:55.559069======
单例.SingleTon.danli.txt

======2017-08-18 18:00:55.562069======
单例.SingleTon.danli2.txt

======2017-08-18 18:00:55.638069======
后台把日期格式的通过json传到前台）json日期转化为现实的日期时间串，还包括星期.txt

======2017-08-18 18:00:55.640069======
向公司.每周发.的.周报.week.txt

======2017-08-18 18:00:55.642069======
呼叫系统接口测试地址.jun.txt

======2017-08-18 18:00:55.643069======
命运呼叫转移台词.txt

======2017-08-18 18:00:55.679069======
噎死人的一句话集锦（经典）.txt

======2017-08-18 18:00:55.681069======
回调函数.txt

======2017-08-18 18:00:55.719069======
图片上传并生成缩略图.txt

======2017-08-18 18:00:55.721069======
在.NET中利用XMLHTTP下载文件.txt

======2017-08-18 18:00:55.759069======
在ASP.NET中实现POST发送数据.txt

======2017-08-18 18:00:55.874069======
域名.yuming.txt

======2017-08-18 18:00:55.876069======
域名junszone.com.201307151105.txt

======2017-08-18 18:00:55.918069======
处理MissingInformation标志的homepage.修改部门到数据库.2015年4月3日183921.txt

======2017-08-18 18:00:55.920069======
处理程序“PageHandlerFactory-Integrated”在其模块列表中有一个错误模块“ManagedPipelineHandle.txt

======2017-08-18 18:00:55.922069======
处理程序“PageHandlerFactory-Integrated”在其模块列表中有一个错误模块“ManagedPipelineHandler.aspnet_regiis.txt

======2017-08-18 18:00:55.925069======
复选框.CheckBoxList.asp.net.txt

======2017-08-18 18:00:55.929069======
多表联查分页.待测试.txt

======2017-08-18 18:00:56.005069======
奢侈品排行榜.txt

======2017-08-18 18:00:56.180069======
如何将SQL查询出来的一列数据赋值，执行存储过程.txt

======2017-08-18 18:00:56.182069======
如何清除setTimeout和setInterval的状态.定时器清除.txt

======2017-08-18 18:00:56.190069======
如何用js得到当前页面的url信息方法(JS获取当前网址信息).txt

======2017-08-18 18:00:56.235069======
如何看透一个人.txt

======2017-08-18 18:00:56.237069======
如何看透一个人！！绝对让你受用一生！！！.txt

======2017-08-18 18:00:56.240069======
如何禁用 radio ,设置为只读，不能选定.txt

======2017-08-18 18:00:56.282069======
子页取母版页的元素.Master.txt

======2017-08-18 18:00:56.285069======
定义连接类的静态方法.txt

======2017-08-18 18:00:56.287069======
客户端跳转.txt

======2017-08-18 18:00:56.290069======
对于长时间装载的ASP.NET页面如何在客户端浏览器中显示进度？).txt

======2017-08-18 18:00:56.377069======
导出Excel.DataTable2Excel.txt

======2017-08-18 18:00:56.381069======
将Datatable转换成Json.txt

======2017-08-18 18:00:56.419069======
左侧菜单json串.txt

======2017-08-18 18:00:56.457069======
应用程序接口.api.txt

======2017-08-18 18:00:56.576069======
怎样提高WebService性能(大数据量网络传输处理) .txt

======2017-08-18 18:00:56.578069======
悬停时的提示代码.txt

======2017-08-18 18:00:56.652069======
我的候选人列表页面路由配置.route.maproute.配置和使用.txt

======2017-08-18 18:00:56.724069======
截取字符串,最后一位用其它符号代替.txt

======2017-08-18 18:00:56.726069======
打印页面.txt

======2017-08-18 18:00:56.800069======
按扩展名分类.bat.txt

======2017-08-18 18:00:56.802069======
控制台.console.变色.字体颜色.红色.ForegroundColor.txt

======2017-08-18 18:00:56.809069======
推荐.SQL.中一种.绝对.不重复.的.主键.方法  .txt

======2017-08-18 18:00:56.848069======
推荐到职位,然后ERP同步状态过来的表添加字段2015年1月5日184918.txt

======2017-08-18 18:00:56.850069======
提交.按钮前.加载图标.loading.button.beforeSend.txt

======2017-08-18 18:00:56.852069======
插入SQL语句后.返回刚插入记录的ID.txt

======2017-08-18 18:00:56.855069======
搜狗.双拼.sougou.shuangpin.txt

======2017-08-18 18:00:56.857069======
搜狗双拼.sougou.shuangpin.txt

======2017-08-18 18:00:56.859069======
搜狗双拼.sougoushuangpin.txt

======2017-08-18 18:00:56.868069======
摄像头.txt

======2017-08-18 18:00:56.870069======
敬人不必卑尽，卑尽则少骨.txt

======2017-08-18 18:00:56.908069======
数据库之间的远程操作.sp_addlinkedserver.txt

======2017-08-18 18:00:56.911069======
文件下载到EXCEL文件的代码.txt

======2017-08-18 18:00:56.913069======
文件格式.后缀.format.extension.汇总.大全.txt

======2017-08-18 18:00:56.951069======
新建文本文档.txt

======2017-08-18 18:00:56.953069======
无法创建抽象类或接口“Newtonsoft.Json.JsonWriter”的实例.Newtonsoft4.5.txt

======2017-08-18 18:00:57.073069======
显示等待进度条代码.txt

======2017-08-18 18:00:57.075069======
暂无评论则显示否则影藏(客户端控件转服务器控件).txt

======2017-08-18 18:00:57.157069======
有没有那么想你.txt

======2017-08-18 18:00:57.198069======
本地xml和List和互转.将List转化为xml.然后转化为List.泛型.txt

======2017-08-18 18:00:57.212069======
本地路径转化为URL相对路径.txt

======2017-08-18 18:00:57.337069======
查看网站IP.CMD(nslookup ).txt

======2017-08-18 18:00:57.340069======
查询.net的命名空间.txt

======2017-08-18 18:00:57.342069======
查询sql数据库中表占用的空间大小.size.使用临时表#.jun.txt

======2017-08-18 18:00:57.389069======
查询后勤部缺失人员.txt

======2017-08-18 18:00:57.434069======
框架用法.txt

======2017-08-18 18:00:57.437069======
检测客户端显示器分辨率、浏览器类型和客户端IP.txt

======2017-08-18 18:00:57.440069======
每次打开chrome经常出现未正确关闭.txt

======2017-08-18 18:00:57.484069======
注册aspnet_regiis.exe.txt

======2017-08-18 18:00:57.487069======
注册dll.reg.dll.txt

======2017-08-18 18:00:57.592069======
淘宝.旺旺.代码生成.txt

======2017-08-18 18:00:57.635069======
添加Comments存储过程修改.txt

======2017-08-18 18:00:57.637069======
清理了脏数据2014年9月25日085309.txt

======2017-08-18 18:00:57.639069======
清除dropdownlist的值.txt

======2017-08-18 18:00:57.641069======
漂亮简单的表格.beautifultable.css.html.txt

======2017-08-18 18:00:57.643069======
火狐修改语言.firefox.update.language.txt

======2017-08-18 18:00:57.680069======
牛B苦B傻B.txt

======2017-08-18 18:00:57.827069======
珍惜时间.txt

======2017-08-18 18:00:57.830069======
理论热点面对面2007(个人整理).txt

======2017-08-18 18:00:57.832069======
生成密码代码.txt

======2017-08-18 18:00:57.842069======
用C#读取txt文件的方法.txt

======2017-08-18 18:00:57.844069======
用jquery ,当改变窗口或屏幕大小时.触发事件.txt

======2017-08-18 18:00:57.846069======
用SQL查询昨天、今天、明天和本周的记录.txt

======2017-08-18 18:00:57.848069======
用TREEVIEWKOk控件使用的站点地图文件.txt

======2017-08-18 18:00:57.850069======
用户控件.txt

======2017-08-18 18:00:57.852069======
用触发器让sqlserver和mysql同步.txt

======2017-08-18 18:00:57.854069======
电脑开机出现的问题 The AC power adapter wattage and type cannot be determined.txt

======2017-08-18 18:00:57.931069======
电话激活.txt

======2017-08-18 18:00:58.010069======
男人要珍惜追到的女孩.txt

======2017-08-18 18:00:58.089069======
百度地图.api.txt

======2017-08-18 18:00:58.092069======
百度地图.接口.api.txt

======2017-08-18 18:00:58.132069======
省市二级联动(从数据库读取).txt

======2017-08-18 18:00:58.206069======
睿聘.测试数据清理.txt

======2017-08-18 18:00:58.209069======
确认是否删除confirm(ASP.NET).txt

======2017-08-18 18:00:58.212069======
磁盘分区.txt

======2017-08-18 18:00:58.250069======
移动目录内的文件到另一目录.txt

======2017-08-18 18:00:58.287069======
空间材料.txt

======2017-08-18 18:00:58.408069======
级联删除(存储过程).txt

======2017-08-18 18:00:58.453069======
纯JS限制文本框字数(ASP.NET).txt

======2017-08-18 18:00:58.456069======
线点过滤掉RPO的2017年的数据.txt

======2017-08-18 18:00:58.464069======
组织结构.html.css.js.txt

======2017-08-18 18:00:58.507069======
经典英文电影台词~有必要都背下来，英语会很强悍~.txt

======2017-08-18 18:00:58.510069======
给公司每周发的周报.txt

======2017-08-18 18:00:58.515069======
缓缓升起的窗口.txt

======2017-08-18 18:00:58.527069======
网站流量代码.txt

======2017-08-18 18:00:58.613069======
网页中加入计算器.txt

======2017-08-18 18:00:58.666069======
美国百所大学收费表.txt

======2017-08-18 18:00:58.706069======
联接(join)(sql).txt

======2017-08-18 18:00:58.709069======
胸部大全.txt

======2017-08-18 18:00:58.711069======
腾信软创科技有限公司.Suntray.txt

======2017-08-18 18:00:58.973069======
英文年月日星期.year.month.day.week.txt

======2017-08-18 18:00:58.975069======
获取客户端的IP地址.txt

======2017-08-18 18:00:58.977069======
获取插入的最后数据.select @@identity.自增ID的值.txt

======2017-08-18 18:00:58.979069======
获取文件的路径等信息.txt

======2017-08-18 18:00:58.981069======
获取键盘上任意按键的值.txt

======2017-08-18 18:00:58.983069======
获取鼠标位置.txt

======2017-08-18 18:00:58.985069======
触发器复制表中一条数据到临时表.txt

======2017-08-18 18:00:58.987069======
触发器最终版(一个表添加一条数据同时向另一个表中加一条数据).txt

======2017-08-18 18:00:58.989069======
让对label中文字的点击也同时对checkboxradio生效.txt

======2017-08-18 18:00:58.991069======
读取Outlook的 发件人信息发送邮件.txt

======2017-08-18 18:00:58.994069======
读取Word模板.然后修改书签.生成word文件和图片预览文件.txt

======2017-08-18 18:00:58.996069======
读取xml数据文件代码.txt

======2017-08-18 18:00:58.998069======
读取配置文件的内容.AppSettings.peizhi.txt

======2017-08-18 18:00:59.000069======
调用Webservice.jun.txt

======2017-08-18 18:00:59.001069======
调用记事本.txt

======2017-08-18 18:00:59.051069======
资料.获取分辨率.txt

======2017-08-18 18:00:59.053069======
超市惊遇一母女，这才是教育！看后很震撼.txt

======2017-08-18 18:00:59.055069======
跨页数据传递(页面跳转)(ResponseAndRequest)(ASP.NET).txt

======2017-08-18 18:00:59.058069======
转.txt

======2017-08-18 18:00:59.061069======
输入框获得焦点背景变色样式.input.focus.background.change.color.css.txt

======2017-08-18 18:00:59.099069======
过滤HTML字符串的两个方法(ASP.NET).txt

======2017-08-18 18:00:59.101069======
连接mysql成功的web.config里面的配置.txt

======2017-08-18 18:00:59.148069======
选择省市县插件(弹出层).txt

======2017-08-18 18:00:59.150069======
递归.拼接.地点.城市.数据源.pid.txt

======2017-08-18 18:00:59.152069======
金略.jinlue.汇聘.huipin.hibole.demo.txt

======2017-08-18 18:00:59.154069======
防止缓存.提交表单.访问地址.加随机数.random.nocache.txt

======2017-08-18 18:00:59.156069======
随机生成验证码.suiji.yanzhengma.txt

======2017-08-18 18:00:59.276069======
页面中控件的传值.txt

======2017-08-18 18:00:59.278069======
页面刷新时记住滚动条的位置(ASP.NET).txt

======2017-08-18 18:00:59.371069======
颜色表.Color.picker.color.html.txt

======2017-08-18 18:00:59.381069======
香奈儿（Chanel 法国著名奢侈品牌.txt

======2017-08-18 18:00:59.383069======
验证中国身份证(用C#代码,没有用正则).txt

======2017-08-18 18:00:59.433069======
鼠标右键操作.jquery.contextify.js.txt

======2017-08-18 18:00:59.435069======
鼠标移过现实菜单.列表上每行都有操作.候选人系统.jun.txt

